[
  {
    "_index": "wazuh-alerts-4.x-2025.10.09",
    "_id": "0e8f3748-b47f-4e7f-8e0b-7eb72502e585",
    "_source": {
      "agent": {
        "ip": "172.16.10.20",
        "name": "FS01",
        "id": "003"
      },
      "manager": {
        "name": "ubuntu"
      },
      "location": "EventChannel",
      "decoder": {
        "name": "windows_eventchannel"
      },
      "timestamp": "2025-10-08T18:57:07.102140Z",
      "rule": {
        "firedtimes": 1,
        "mail": false,
        "level": 3,
        "description": "A process was created.",
        "groups": [
          "windows"
        ],
        "id": "67027"
      },
      "data": {
        "win": {
          "system": {
            "eventID": "4688",
            "systemTime": "2025-10-08T17:06:02.102140Z",
            "providerName": "Microsoft-Windows-Security-Auditing"
          },
          "eventdata": {
            "subjectUserName": "john",
            "newProcessName": "C:\\Program Files\\Mozilla Firefox\\firefox.exe",
            "parentProcessName": "C:\\Windows\\explorer.exe",
            "subjectDomainName": "INSIGHT",
            "subjectLogonId": "0x174ad"
          }
        }
      }
    }
  },
  {
    "_index": "wazuh-alerts-4.x-2025.10.09",
    "_id": "788c3909-4c94-4af2-90f9-a9456e41d735",
    "_source": {
      "agent": {
        "ip": "172.16.200.50",
        "name": "SCDC01",
        "id": "005"
      },
      "manager": {
        "name": "ubuntu"
      },
      "location": "EventChannel",
      "decoder": {
        "name": "windows_eventchannel"
      },
      "timestamp": "2025-10-08T19:39:01.102140Z",
      "rule": {
        "firedtimes": 1,
        "mail": false,
        "level": 3,
        "description": "A process was created.",
        "groups": [
          "windows"
        ],
        "id": "67027"
      },
      "data": {
        "win": {
          "system": {
            "eventID": "4688",
            "systemTime": "2025-10-08T15:13:05.102140Z",
            "providerName": "Microsoft-Windows-Security-Auditing"
          },
          "eventdata": {
            "subjectUserName": "david",
            "newProcessName": "C:\\Windows\\System32\\notepad.exe",
            "parentProcessName": "C:\\Windows\\explorer.exe",
            "subjectDomainName": "INSIGHT",
            "subjectLogonId": "0x61c71"
          }
        }
      }
    }
  },
  {
    "_index": "wazuh-alerts-4.x-2025.10.09",
    "_id": "6309d9b0-4e39-4944-9d7c-9c78d7814333",
    "_source": {
      "agent": {
        "ip": "172.16.30.17",
        "name": "DB01",
        "id": "010"
      },
      "manager": {
        "name": "ubuntu"
      },
      "location": "EventChannel",
      "decoder": {
        "name": "windows_eventchannel"
      },
      "timestamp": "2025-10-08T20:02:30.102140Z",
      "rule": {
        "firedtimes": 1,
        "mail": false,
        "level": 3,
        "description": "A process was created.",
        "groups": [
          "windows"
        ],
        "id": "67027"
      },
      "data": {
        "win": {
          "system": {
            "eventID": "4688",
            "systemTime": "2025-10-08T21:52:43.102140Z",
            "providerName": "Microsoft-Windows-Security-Auditing"
          },
          "eventdata": {
            "subjectUserName": "david",
            "newProcessName": "C:\\Program Files\\Mozilla Firefox\\firefox.exe",
            "parentProcessName": "C:\\Windows\\explorer.exe",
            "subjectDomainName": "INSIGHT",
            "subjectLogonId": "0x8dbf3"
          }
        }
      }
    }
  },
  {
    "_index": "wazuh-alerts-4.x-2025.10.09",
    "_id": "793b1af1-260c-4b12-9df2-74c5e9c62a4d",
    "_source": {
      "agent": {
        "ip": "172.16.10.20",
        "name": "FS01",
        "id": "003"
      },
      "manager": {
        "name": "ubuntu"
      },
      "location": "EventChannel",
      "decoder": {
        "name": "windows_eventchannel"
      },
      "timestamp": "2025-10-08T17:32:30.102140Z",
      "rule": {
        "firedtimes": 1,
        "mail": false,
        "level": 3,
        "description": "A process was created.",
        "groups": [
          "windows"
        ],
        "id": "67027"
      },
      "data": {
        "win": {
          "system": {
            "eventID": "4688",
            "systemTime": "2025-10-08T20:45:53.102140Z",
            "providerName": "Microsoft-Windows-Security-Auditing"
          },
          "eventdata": {
            "subjectUserName": "john",
            "newProcessName": "C:\\Windows\\System32\\notepad.exe",
            "parentProcessName": "C:\\Windows\\explorer.exe",
            "subjectDomainName": "INSIGHT",
            "subjectLogonId": "0x38497"
          }
        }
      }
    }
  },
  {
    "_index": "wazuh-alerts-4.x-2025.10.09",
    "_id": "3227d2a0-afed-4bfb-b5aa-a62a8f313f95",
    "_source": {
      "agent": {
        "ip": "172.16.10.20",
        "name": "FS01",
        "id": "003"
      },
      "manager": {
        "name": "ubuntu"
      },
      "location": "EventChannel",
      "decoder": {
        "name": "windows_eventchannel"
      },
      "timestamp": "2025-10-09T07:07:29.102140Z",
      "rule": {
        "firedtimes": 1,
        "mail": false,
        "level": 3,
        "description": "A process was created.",
        "groups": [
          "windows"
        ],
        "id": "67027"
      },
      "data": {
        "win": {
          "system": {
            "eventID": "4688",
            "systemTime": "2025-10-08T12:24:24.102140Z",
            "providerName": "Microsoft-Windows-Security-Auditing"
          },
          "eventdata": {
            "subjectUserName": "svc_reports",
            "newProcessName": "C:\\Windows\\System32\\notepad.exe",
            "parentProcessName": "C:\\Windows\\explorer.exe",
            "subjectDomainName": "INSIGHT",
            "subjectLogonId": "0x6a3a2"
          }
        }
      }
    }
  },
  {
    "_index": "wazuh-alerts-4.x-2025.10.09",
    "_id": "7f031d0e-2a9f-49a3-b064-18c512bd3a90",
    "_source": {
      "agent": {
        "ip": "201.10.112.150",
        "name": "DEV-021",
        "id": "011"
      },
      "manager": {
        "name": "ubuntu"
      },
      "location": "EventChannel",
      "decoder": {
        "name": "windows_eventchannel"
      },
      "timestamp": "2025-10-08T09:04:10.102140Z",
      "rule": {
        "firedtimes": 1,
        "mail": false,
        "level": 3,
        "description": "A process was created.",
        "groups": [
          "windows"
        ],
        "id": "67027"
      },
      "data": {
        "win": {
          "system": {
            "eventID": "4688",
            "systemTime": "2025-10-08T23:02:44.102140Z",
            "providerName": "Microsoft-Windows-Security-Auditing"
          },
          "eventdata": {
            "subjectUserName": "john",
            "newProcessName": "C:\\Program Files\\Mozilla Firefox\\firefox.exe",
            "parentProcessName": "C:\\Windows\\explorer.exe",
            "subjectDomainName": "INSIGHT",
            "subjectLogonId": "0x5a239"
          }
        }
      }
    }
  },
  {
    "_index": "wazuh-alerts-4.x-2025.10.09",
    "_id": "cf5f6b4d-70b1-478a-94a1-5c999cbd2f44",
    "_source": {
      "agent": {
        "ip": "172.16.200.50",
        "name": "SCDC01",
        "id": "005"
      },
      "manager": {
        "name": "ubuntu"
      },
      "location": "EventChannel",
      "decoder": {
        "name": "windows_eventchannel"
      },
      "timestamp": "2025-10-08T15:49:49.102140Z",
      "rule": {
        "firedtimes": 1,
        "mail": false,
        "level": 3,
        "description": "A process was created.",
        "groups": [
          "windows"
        ],
        "id": "67027"
      },
      "data": {
        "win": {
          "system": {
            "eventID": "4688",
            "systemTime": "2025-10-08T12:23:28.102140Z",
            "providerName": "Microsoft-Windows-Security-Auditing"
          },
          "eventdata": {
            "subjectUserName": "david",
            "newProcessName": "C:\\Windows\\System32\\notepad.exe",
            "parentProcessName": "C:\\Windows\\explorer.exe",
            "subjectDomainName": "INSIGHT",
            "subjectLogonId": "0x6482d"
          }
        }
      }
    }
  },
  {
    "_index": "wazuh-alerts-4.x-2025.10.09",
    "_id": "5dd8bb9e-7a73-40fb-9ebd-8e500f988d1d",
    "_source": {
      "agent": {
        "ip": "172.16.200.50",
        "name": "SCDC01",
        "id": "005"
      },
      "manager": {
        "name": "ubuntu"
      },
      "location": "EventChannel",
      "decoder": {
        "name": "windows_eventchannel"
      },
      "timestamp": "2025-10-09T05:16:00.102140Z",
      "rule": {
        "firedtimes": 1,
        "mail": false,
        "level": 3,
        "description": "A process was created.",
        "groups": [
          "windows"
        ],
        "id": "67027"
      },
      "data": {
        "win": {
          "system": {
            "eventID": "4688",
            "systemTime": "2025-10-08T17:57:57.102140Z",
            "providerName": "Microsoft-Windows-Security-Auditing"
          },
          "eventdata": {
            "subjectUserName": "john",
            "newProcessName": "C:\\Program Files\\Git\\bin\\bash.exe",
            "parentProcessName": "C:\\Windows\\System32\\cmd.exe",
            "subjectDomainName": "INSIGHT",
            "subjectLogonId": "0x4e349"
          }
        }
      }
    }
  },
  {
    "_index": "wazuh-alerts-4.x-2025.10.09",
    "_id": "a23a342d-d0f3-4887-b2c0-2863e81e4237",
    "_source": {
      "agent": {
        "ip": "201.10.112.150",
        "name": "DEV-021",
        "id": "011"
      },
      "manager": {
        "name": "ubuntu"
      },
      "location": "EventChannel",
      "decoder": {
        "name": "windows_eventchannel"
      },
      "timestamp": "2025-10-08T22:41:31.102140Z",
      "rule": {
        "firedtimes": 1,
        "mail": false,
        "level": 3,
        "description": "A process was created.",
        "groups": [
          "windows"
        ],
        "id": "67027"
      },
      "data": {
        "win": {
          "system": {
            "eventID": "4688",
            "systemTime": "2025-10-08T12:00:11.102140Z",
            "providerName": "Microsoft-Windows-Security-Auditing"
          },
          "eventdata": {
            "subjectUserName": "john",
            "newProcessName": "C:\\Windows\\System32\\notepad.exe",
            "parentProcessName": "C:\\Windows\\explorer.exe",
            "subjectDomainName": "INSIGHT",
            "subjectLogonId": "0x2f567"
          }
        }
      }
    }
  },
  {
    "_index": "wazuh-alerts-4.x-2025.10.09",
    "_id": "90a8efa7-6642-4d2c-a57b-06cb4c1dcd1c",
    "_source": {
      "agent": {
        "ip": "172.16.50.20",
        "name": "SRV-MANAGE01",
        "id": "002"
      },
      "manager": {
        "name": "ubuntu"
      },
      "location": "EventChannel",
      "decoder": {
        "name": "windows_eventchannel"
      },
      "timestamp": "2025-10-08T16:09:27.102140Z",
      "rule": {
        "firedtimes": 1,
        "mail": false,
        "level": 3,
        "description": "A process was created.",
        "groups": [
          "windows"
        ],
        "id": "67027"
      },
      "data": {
        "win": {
          "system": {
            "eventID": "4688",
            "systemTime": "2025-10-08T08:17:35.102140Z",
            "providerName": "Microsoft-Windows-Security-Auditing"
          },
          "eventdata": {
            "subjectUserName": "david",
            "newProcessName": "C:\\Windows\\System32\\notepad.exe",
            "parentProcessName": "C:\\Windows\\explorer.exe",
            "subjectDomainName": "INSIGHT",
            "subjectLogonId": "0x8841a"
          }
        }
      }
    }
  },
  {
    "_index": "wazuh-alerts-4.x-2025.10.09",
    "_id": "d47f7c70-df34-4aee-aa67-ddfe869d1568",
    "_source": {
      "agent": {
        "ip": "201.10.112.150",
        "name": "DEV-021",
        "id": "011"
      },
      "manager": {
        "name": "ubuntu"
      },
      "location": "EventChannel",
      "decoder": {
        "name": "windows_eventchannel"
      },
      "timestamp": "2025-10-08T09:10:02.102140Z",
      "rule": {
        "firedtimes": 1,
        "mail": false,
        "level": 3,
        "description": "A process was created.",
        "groups": [
          "windows"
        ],
        "id": "67027"
      },
      "data": {
        "win": {
          "system": {
            "eventID": "4688",
            "systemTime": "2025-10-08T22:28:38.102140Z",
            "providerName": "Microsoft-Windows-Security-Auditing"
          },
          "eventdata": {
            "subjectUserName": "john",
            "newProcessName": "C:\\Program Files\\Mozilla Firefox\\firefox.exe",
            "parentProcessName": "C:\\Windows\\explorer.exe",
            "subjectDomainName": "INSIGHT",
            "subjectLogonId": "0x343e8"
          }
        }
      }
    }
  },
  {
    "_index": "wazuh-alerts-4.x-2025.10.09",
    "_id": "f55e72ed-67d0-4fd0-a3fb-1b709be75c7d",
    "_source": {
      "agent": {
        "ip": "172.16.200.50",
        "name": "SCDC01",
        "id": "005"
      },
      "manager": {
        "name": "ubuntu"
      },
      "location": "EventChannel",
      "decoder": {
        "name": "windows_eventchannel"
      },
      "timestamp": "2025-10-09T07:57:48.102140Z",
      "rule": {
        "firedtimes": 1,
        "mail": false,
        "level": 3,
        "description": "A process was created.",
        "groups": [
          "windows"
        ],
        "id": "67027"
      },
      "data": {
        "win": {
          "system": {
            "eventID": "4688",
            "systemTime": "2025-10-08T17:37:40.102140Z",
            "providerName": "Microsoft-Windows-Security-Auditing"
          },
          "eventdata": {
            "subjectUserName": "alice",
            "newProcessName": "C:\\Windows\\System32\\calc.exe",
            "parentProcessName": "C:\\Windows\\explorer.exe",
            "subjectDomainName": "INSIGHT",
            "subjectLogonId": "0x37e4f"
          }
        }
      }
    }
  },
  {
    "_index": "wazuh-alerts-4.x-2025.10.09",
    "_id": "1ddba462-a78e-44d7-aa84-b8d7696173b2",
    "_source": {
      "agent": {
        "ip": "172.16.30.17",
        "name": "DB01",
        "id": "010"
      },
      "manager": {
        "name": "ubuntu"
      },
      "location": "EventChannel",
      "decoder": {
        "name": "windows_eventchannel"
      },
      "timestamp": "2025-10-09T04:22:19.102140Z",
      "rule": {
        "firedtimes": 1,
        "mail": false,
        "level": 3,
        "description": "A process was created.",
        "groups": [
          "windows"
        ],
        "id": "67027"
      },
      "data": {
        "win": {
          "system": {
            "eventID": "4688",
            "systemTime": "2025-10-08T20:53:00.102140Z",
            "providerName": "Microsoft-Windows-Security-Auditing"
          },
          "eventdata": {
            "subjectUserName": "svc_reports",
            "newProcessName": "C:\\Windows\\System32\\notepad.exe",
            "parentProcessName": "C:\\Windows\\explorer.exe",
            "subjectDomainName": "INSIGHT",
            "subjectLogonId": "0x5ea65"
          }
        }
      }
    }
  },
  {
    "_index": "wazuh-alerts-4.x-2025.10.09",
    "_id": "c2aa85d8-2289-4b00-8977-b380ae4a6221",
    "_source": {
      "agent": {
        "ip": "172.16.10.20",
        "name": "FS01",
        "id": "003"
      },
      "manager": {
        "name": "ubuntu"
      },
      "location": "EventChannel",
      "decoder": {
        "name": "windows_eventchannel"
      },
      "timestamp": "2025-10-09T05:13:25.102140Z",
      "rule": {
        "firedtimes": 1,
        "mail": false,
        "level": 3,
        "description": "A process was created.",
        "groups": [
          "windows"
        ],
        "id": "67027"
      },
      "data": {
        "win": {
          "system": {
            "eventID": "4688",
            "systemTime": "2025-10-08T17:34:32.102140Z",
            "providerName": "Microsoft-Windows-Security-Auditing"
          },
          "eventdata": {
            "subjectUserName": "john",
            "newProcessName": "C:\\Program Files\\Mozilla Firefox\\firefox.exe",
            "parentProcessName": "C:\\Windows\\explorer.exe",
            "subjectDomainName": "INSIGHT",
            "subjectLogonId": "0x114fa"
          }
        }
      }
    }
  },
  {
    "_index": "wazuh-alerts-4.x-2025.10.09",
    "_id": "dfd6cd67-00fc-46bb-b03e-7932e93ed516",
    "_source": {
      "agent": {
        "ip": "172.16.10.20",
        "name": "FS01",
        "id": "003"
      },
      "manager": {
        "name": "ubuntu"
      },
      "location": "EventChannel",
      "decoder": {
        "name": "windows_eventchannel"
      },
      "timestamp": "2025-10-09T00:04:47.102140Z",
      "rule": {
        "firedtimes": 1,
        "mail": false,
        "level": 3,
        "description": "A process was created.",
        "groups": [
          "windows"
        ],
        "id": "67027"
      },
      "data": {
        "win": {
          "system": {
            "eventID": "4688",
            "systemTime": "2025-10-08T12:09:11.102140Z",
            "providerName": "Microsoft-Windows-Security-Auditing"
          },
          "eventdata": {
            "subjectUserName": "david",
            "newProcessName": "C:\\Windows\\System32\\notepad.exe",
            "parentProcessName": "C:\\Windows\\explorer.exe",
            "subjectDomainName": "INSIGHT",
            "subjectLogonId": "0x9eaba"
          }
        }
      }
    }
  },
  {
    "_index": "wazuh-alerts-4.x-2025.10.09",
    "_id": "1138d529-b135-4715-885f-db0f4eebda20",
    "_source": {
      "agent": {
        "ip": "172.16.50.20",
        "name": "SRV-MANAGE01",
        "id": "002"
      },
      "manager": {
        "name": "ubuntu"
      },
      "location": "EventChannel",
      "decoder": {
        "name": "windows_eventchannel"
      },
      "timestamp": "2025-10-08T13:23:11.102140Z",
      "rule": {
        "firedtimes": 1,
        "mail": false,
        "level": 3,
        "description": "A process was created.",
        "groups": [
          "windows"
        ],
        "id": "67027"
      },
      "data": {
        "win": {
          "system": {
            "eventID": "4688",
            "systemTime": "2025-10-08T11:08:50.102140Z",
            "providerName": "Microsoft-Windows-Security-Auditing"
          },
          "eventdata": {
            "subjectUserName": "john",
            "newProcessName": "C:\\Windows\\System32\\notepad.exe",
            "parentProcessName": "C:\\Windows\\explorer.exe",
            "subjectDomainName": "INSIGHT",
            "subjectLogonId": "0x45834"
          }
        }
      }
    }
  },
  {
    "_index": "wazuh-alerts-4.x-2025.10.09",
    "_id": "9d55358e-78fd-4493-816d-d8a89d9f1461",
    "_source": {
      "agent": {
        "ip": "172.16.30.17",
        "name": "DB01",
        "id": "010"
      },
      "manager": {
        "name": "ubuntu"
      },
      "location": "EventChannel",
      "decoder": {
        "name": "windows_eventchannel"
      },
      "timestamp": "2025-10-08T23:50:11.102140Z",
      "rule": {
        "firedtimes": 1,
        "mail": false,
        "level": 3,
        "description": "A process was created.",
        "groups": [
          "windows"
        ],
        "id": "67027"
      },
      "data": {
        "win": {
          "system": {
            "eventID": "4688",
            "systemTime": "2025-10-08T22:21:43.102140Z",
            "providerName": "Microsoft-Windows-Security-Auditing"
          },
          "eventdata": {
            "subjectUserName": "john",
            "newProcessName": "C:\\Windows\\System32\\notepad.exe",
            "parentProcessName": "C:\\Windows\\explorer.exe",
            "subjectDomainName": "INSIGHT",
            "subjectLogonId": "0x66259"
          }
        }
      }
    }
  },
  {
    "_index": "wazuh-alerts-4.x-2025.10.09",
    "_id": "b0a1ec0b-ee75-460d-9245-8551535b2b4a",
    "_source": {
      "agent": {
        "ip": "201.10.112.150",
        "name": "DEV-021",
        "id": "011"
      },
      "manager": {
        "name": "ubuntu"
      },
      "location": "EventChannel",
      "decoder": {
        "name": "windows_eventchannel"
      },
      "timestamp": "2025-10-08T22:48:08.102140Z",
      "rule": {
        "firedtimes": 1,
        "mail": false,
        "level": 3,
        "description": "A process was created.",
        "groups": [
          "windows"
        ],
        "id": "67027"
      },
      "data": {
        "win": {
          "system": {
            "eventID": "4688",
            "systemTime": "2025-10-09T03:54:55.102140Z",
            "providerName": "Microsoft-Windows-Security-Auditing"
          },
          "eventdata": {
            "subjectUserName": "alice",
            "newProcessName": "C:\\Program Files\\Mozilla Firefox\\firefox.exe",
            "parentProcessName": "C:\\Windows\\explorer.exe",
            "subjectDomainName": "INSIGHT",
            "subjectLogonId": "0x69435"
          }
        }
      }
    }
  },
  {
    "_index": "wazuh-alerts-4.x-2025.10.09",
    "_id": "d80a9291-ccbd-44ba-8e49-b855f0473f5c",
    "_source": {
      "agent": {
        "ip": "172.16.10.20",
        "name": "FS01",
        "id": "003"
      },
      "manager": {
        "name": "ubuntu"
      },
      "location": "EventChannel",
      "decoder": {
        "name": "windows_eventchannel"
      },
      "timestamp": "2025-10-09T02:44:06.102140Z",
      "rule": {
        "firedtimes": 1,
        "mail": false,
        "level": 3,
        "description": "A process was created.",
        "groups": [
          "windows"
        ],
        "id": "67027"
      },
      "data": {
        "win": {
          "system": {
            "eventID": "4688",
            "systemTime": "2025-10-09T00:15:54.102140Z",
            "providerName": "Microsoft-Windows-Security-Auditing"
          },
          "eventdata": {
            "subjectUserName": "john",
            "newProcessName": "C:\\Windows\\System32\\calc.exe",
            "parentProcessName": "C:\\Windows\\explorer.exe",
            "subjectDomainName": "INSIGHT",
            "subjectLogonId": "0x20714"
          }
        }
      }
    }
  },
  {
    "_index": "wazuh-alerts-4.x-2025.10.09",
    "_id": "07d351c0-bb91-4b07-a984-ec6ad0c09700",
    "_source": {
      "agent": {
        "ip": "172.16.30.17",
        "name": "DB01",
        "id": "010"
      },
      "manager": {
        "name": "ubuntu"
      },
      "location": "EventChannel",
      "decoder": {
        "name": "windows_eventchannel"
      },
      "timestamp": "2025-10-09T01:47:01.102140Z",
      "rule": {
        "firedtimes": 1,
        "mail": false,
        "level": 3,
        "description": "A process was created.",
        "groups": [
          "windows"
        ],
        "id": "67027"
      },
      "data": {
        "win": {
          "system": {
            "eventID": "4688",
            "systemTime": "2025-10-08T08:27:14.102140Z",
            "providerName": "Microsoft-Windows-Security-Auditing"
          },
          "eventdata": {
            "subjectUserName": "david",
            "newProcessName": "C:\\Windows\\System32\\calc.exe",
            "parentProcessName": "C:\\Windows\\explorer.exe",
            "subjectDomainName": "INSIGHT",
            "subjectLogonId": "0x4af5a"
          }
        }
      }
    }
  },
  {
    "_index": "wazuh-alerts-4.x-2025.10.09",
    "_id": "d40082d2-afb4-4037-a559-f2e66d4bfa9e",
    "_source": {
      "agent": {
        "ip": "172.16.10.20",
        "name": "FS01",
        "id": "003"
      },
      "manager": {
        "name": "ubuntu"
      },
      "location": "EventChannel",
      "decoder": {
        "name": "windows_eventchannel"
      },
      "timestamp": "2025-10-08T08:41:17.102140Z",
      "rule": {
        "firedtimes": 1,
        "mail": false,
        "level": 3,
        "description": "A process was created.",
        "groups": [
          "windows"
        ],
        "id": "67027"
      },
      "data": {
        "win": {
          "system": {
            "eventID": "4688",
            "systemTime": "2025-10-09T05:28:09.102140Z",
            "providerName": "Microsoft-Windows-Security-Auditing"
          },
          "eventdata": {
            "subjectUserName": "david",
            "newProcessName": "C:\\Windows\\System32\\calc.exe",
            "parentProcessName": "C:\\Windows\\explorer.exe",
            "subjectDomainName": "INSIGHT",
            "subjectLogonId": "0x834c2"
          }
        }
      }
    }
  },
  {
    "_index": "wazuh-alerts-4.x-2025.10.09",
    "_id": "2b1f1df0-1d98-4710-8fb2-2135c2ca6404",
    "_source": {
      "agent": {
        "ip": "201.10.112.150",
        "name": "DEV-021",
        "id": "011"
      },
      "manager": {
        "name": "ubuntu"
      },
      "location": "EventChannel",
      "decoder": {
        "name": "windows_eventchannel"
      },
      "timestamp": "2025-10-08T16:01:21.102140Z",
      "rule": {
        "firedtimes": 1,
        "mail": false,
        "level": 3,
        "description": "A process was created.",
        "groups": [
          "windows"
        ],
        "id": "67027"
      },
      "data": {
        "win": {
          "system": {
            "eventID": "4688",
            "systemTime": "2025-10-09T04:42:18.102140Z",
            "providerName": "Microsoft-Windows-Security-Auditing"
          },
          "eventdata": {
            "subjectUserName": "svc_reports",
            "newProcessName": "C:\\Windows\\System32\\notepad.exe",
            "parentProcessName": "C:\\Windows\\explorer.exe",
            "subjectDomainName": "INSIGHT",
            "subjectLogonId": "0x53bf7"
          }
        }
      }
    }
  },
  {
    "_index": "wazuh-alerts-4.x-2025.10.09",
    "_id": "c738ff68-9adb-435e-9f23-c96bce2bafba",
    "_source": {
      "agent": {
        "ip": "172.16.30.17",
        "name": "DB01",
        "id": "010"
      },
      "manager": {
        "name": "ubuntu"
      },
      "location": "EventChannel",
      "decoder": {
        "name": "windows_eventchannel"
      },
      "timestamp": "2025-10-09T05:47:41.102140Z",
      "rule": {
        "firedtimes": 1,
        "mail": false,
        "level": 3,
        "description": "A process was created.",
        "groups": [
          "windows"
        ],
        "id": "67027"
      },
      "data": {
        "win": {
          "system": {
            "eventID": "4688",
            "systemTime": "2025-10-09T02:58:56.102140Z",
            "providerName": "Microsoft-Windows-Security-Auditing"
          },
          "eventdata": {
            "subjectUserName": "svc_reports",
            "newProcessName": "C:\\Windows\\System32\\notepad.exe",
            "parentProcessName": "C:\\Windows\\explorer.exe",
            "subjectDomainName": "INSIGHT",
            "subjectLogonId": "0x69969"
          }
        }
      }
    }
  },
  {
    "_index": "wazuh-alerts-4.x-2025.10.09",
    "_id": "f0d14bf8-de7b-441d-a751-5b15bec59ddf",
    "_source": {
      "agent": {
        "ip": "172.16.10.20",
        "name": "FS01",
        "id": "003"
      },
      "manager": {
        "name": "ubuntu"
      },
      "location": "EventChannel",
      "decoder": {
        "name": "windows_eventchannel"
      },
      "timestamp": "2025-10-08T13:55:08.102140Z",
      "rule": {
        "firedtimes": 1,
        "mail": false,
        "level": 3,
        "description": "A process was created.",
        "groups": [
          "windows"
        ],
        "id": "67027"
      },
      "data": {
        "win": {
          "system": {
            "eventID": "4688",
            "systemTime": "2025-10-09T04:56:39.102140Z",
            "providerName": "Microsoft-Windows-Security-Auditing"
          },
          "eventdata": {
            "subjectUserName": "david",
            "newProcessName": "C:\\Program Files\\Mozilla Firefox\\firefox.exe",
            "parentProcessName": "C:\\Windows\\explorer.exe",
            "subjectDomainName": "INSIGHT",
            "subjectLogonId": "0x75b71"
          }
        }
      }
    }
  },
  {
    "_index": "wazuh-alerts-4.x-2025.10.09",
    "_id": "d21e115c-2cb5-4b41-b31d-3c8de8c979ff",
    "_source": {
      "agent": {
        "ip": "172.16.50.20",
        "name": "SRV-MANAGE01",
        "id": "002"
      },
      "manager": {
        "name": "ubuntu"
      },
      "location": "EventChannel",
      "decoder": {
        "name": "windows_eventchannel"
      },
      "timestamp": "2025-10-09T05:41:37.102140Z",
      "rule": {
        "firedtimes": 1,
        "mail": false,
        "level": 3,
        "description": "A process was created.",
        "groups": [
          "windows"
        ],
        "id": "67027"
      },
      "data": {
        "win": {
          "system": {
            "eventID": "4688",
            "systemTime": "2025-10-08T23:18:08.102140Z",
            "providerName": "Microsoft-Windows-Security-Auditing"
          },
          "eventdata": {
            "subjectUserName": "john",
            "newProcessName": "C:\\Windows\\System32\\notepad.exe",
            "parentProcessName": "C:\\Windows\\explorer.exe",
            "subjectDomainName": "INSIGHT",
            "subjectLogonId": "0x27427"
          }
        }
      }
    }
  },
  {
    "_index": "wazuh-alerts-4.x-2025.10.09",
    "_id": "04473440-c0da-4df4-ae5d-3487bee026e0",
    "_source": {
      "agent": {
        "ip": "172.16.200.50",
        "name": "SCDC01",
        "id": "005"
      },
      "manager": {
        "name": "ubuntu"
      },
      "location": "EventChannel",
      "decoder": {
        "name": "windows_eventchannel"
      },
      "timestamp": "2025-10-09T04:11:55.102140Z",
      "rule": {
        "firedtimes": 1,
        "mail": false,
        "level": 3,
        "description": "A process was created.",
        "groups": [
          "windows"
        ],
        "id": "67027"
      },
      "data": {
        "win": {
          "system": {
            "eventID": "4688",
            "systemTime": "2025-10-08T14:40:59.102140Z",
            "providerName": "Microsoft-Windows-Security-Auditing"
          },
          "eventdata": {
            "subjectUserName": "john",
            "newProcessName": "C:\\Windows\\System32\\calc.exe",
            "parentProcessName": "C:\\Windows\\explorer.exe",
            "subjectDomainName": "INSIGHT",
            "subjectLogonId": "0x65f30"
          }
        }
      }
    }
  },
  {
    "_index": "wazuh-alerts-4.x-2025.10.09",
    "_id": "779b45dd-504c-4e8c-a283-e98464cbbaf7",
    "_source": {
      "agent": {
        "ip": "201.10.112.150",
        "name": "DEV-021",
        "id": "011"
      },
      "manager": {
        "name": "ubuntu"
      },
      "location": "EventChannel",
      "decoder": {
        "name": "windows_eventchannel"
      },
      "timestamp": "2025-10-08T21:21:05.102140Z",
      "rule": {
        "firedtimes": 1,
        "mail": false,
        "level": 3,
        "description": "A process was created.",
        "groups": [
          "windows"
        ],
        "id": "67027"
      },
      "data": {
        "win": {
          "system": {
            "eventID": "4688",
            "systemTime": "2025-10-08T14:54:43.102140Z",
            "providerName": "Microsoft-Windows-Security-Auditing"
          },
          "eventdata": {
            "subjectUserName": "david",
            "newProcessName": "C:\\Program Files\\Git\\bin\\bash.exe",
            "parentProcessName": "C:\\Windows\\System32\\cmd.exe",
            "subjectDomainName": "INSIGHT",
            "subjectLogonId": "0x2b623"
          }
        }
      }
    }
  },
  {
    "_index": "wazuh-alerts-4.x-2025.10.09",
    "_id": "b3ced7a5-4121-44a4-b053-4c2bf6396cb7",
    "_source": {
      "agent": {
        "ip": "172.16.50.20",
        "name": "SRV-MANAGE01",
        "id": "002"
      },
      "manager": {
        "name": "ubuntu"
      },
      "location": "EventChannel",
      "decoder": {
        "name": "windows_eventchannel"
      },
      "timestamp": "2025-10-09T02:21:02.102140Z",
      "rule": {
        "firedtimes": 1,
        "mail": false,
        "level": 3,
        "description": "A process was created.",
        "groups": [
          "windows"
        ],
        "id": "67027"
      },
      "data": {
        "win": {
          "system": {
            "eventID": "4688",
            "systemTime": "2025-10-09T06:30:03.102140Z",
            "providerName": "Microsoft-Windows-Security-Auditing"
          },
          "eventdata": {
            "subjectUserName": "john",
            "newProcessName": "C:\\Windows\\System32\\notepad.exe",
            "parentProcessName": "C:\\Windows\\explorer.exe",
            "subjectDomainName": "INSIGHT",
            "subjectLogonId": "0x78051"
          }
        }
      }
    }
  },
  {
    "_index": "wazuh-alerts-4.x-2025.10.09",
    "_id": "e97fc3d7-9fdb-4bb5-98df-8201961c05dd",
    "_source": {
      "agent": {
        "ip": "172.16.30.17",
        "name": "DB01",
        "id": "010"
      },
      "manager": {
        "name": "ubuntu"
      },
      "location": "EventChannel",
      "decoder": {
        "name": "windows_eventchannel"
      },
      "timestamp": "2025-10-08T16:37:23.102140Z",
      "rule": {
        "firedtimes": 1,
        "mail": false,
        "level": 3,
        "description": "A process was created.",
        "groups": [
          "windows"
        ],
        "id": "67027"
      },
      "data": {
        "win": {
          "system": {
            "eventID": "4688",
            "systemTime": "2025-10-08T11:10:52.102140Z",
            "providerName": "Microsoft-Windows-Security-Auditing"
          },
          "eventdata": {
            "subjectUserName": "svc_reports",
            "newProcessName": "C:\\Windows\\System32\\calc.exe",
            "parentProcessName": "C:\\Windows\\explorer.exe",
            "subjectDomainName": "INSIGHT",
            "subjectLogonId": "0x36844"
          }
        }
      }
    }
  },
  {
    "_index": "wazuh-alerts-4.x-2025.10.09",
    "_id": "41e66b34-f615-49df-b788-fc787572497c",
    "_source": {
      "agent": {
        "ip": "172.16.200.50",
        "name": "SCDC01",
        "id": "005"
      },
      "manager": {
        "name": "ubuntu"
      },
      "location": "EventChannel",
      "decoder": {
        "name": "windows_eventchannel"
      },
      "timestamp": "2025-10-09T05:03:31.102140Z",
      "rule": {
        "firedtimes": 1,
        "mail": false,
        "level": 3,
        "description": "A process was created.",
        "groups": [
          "windows"
        ],
        "id": "67027"
      },
      "data": {
        "win": {
          "system": {
            "eventID": "4688",
            "systemTime": "2025-10-08T17:22:21.102140Z",
            "providerName": "Microsoft-Windows-Security-Auditing"
          },
          "eventdata": {
            "subjectUserName": "john",
            "newProcessName": "C:\\Windows\\System32\\calc.exe",
            "parentProcessName": "C:\\Windows\\explorer.exe",
            "subjectDomainName": "INSIGHT",
            "subjectLogonId": "0x95125"
          }
        }
      }
    }
  },
  {
    "_index": "wazuh-alerts-4.x-2025.10.09",
    "_id": "9b55df16-f54b-45d6-8019-2beb1212fa1b",
    "_source": {
      "agent": {
        "ip": "172.16.30.17",
        "name": "DB01",
        "id": "010"
      },
      "manager": {
        "name": "ubuntu"
      },
      "location": "EventChannel",
      "decoder": {
        "name": "windows_eventchannel"
      },
      "timestamp": "2025-10-09T03:19:02.102140Z",
      "rule": {
        "firedtimes": 1,
        "mail": false,
        "level": 3,
        "description": "A process was created.",
        "groups": [
          "windows"
        ],
        "id": "67027"
      },
      "data": {
        "win": {
          "system": {
            "eventID": "4688",
            "systemTime": "2025-10-08T23:51:41.102140Z",
            "providerName": "Microsoft-Windows-Security-Auditing"
          },
          "eventdata": {
            "subjectUserName": "alice",
            "newProcessName": "C:\\Program Files\\Git\\bin\\bash.exe",
            "parentProcessName": "C:\\Windows\\System32\\cmd.exe",
            "subjectDomainName": "INSIGHT",
            "subjectLogonId": "0x3c7e8"
          }
        }
      }
    }
  },
  {
    "_index": "wazuh-alerts-4.x-2025.10.09",
    "_id": "7c058b4f-3078-4d15-92b1-0521be6b16ba",
    "_source": {
      "agent": {
        "ip": "201.10.112.150",
        "name": "DEV-021",
        "id": "011"
      },
      "manager": {
        "name": "ubuntu"
      },
      "location": "EventChannel",
      "decoder": {
        "name": "windows_eventchannel"
      },
      "timestamp": "2025-10-08T15:03:55.102140Z",
      "rule": {
        "firedtimes": 1,
        "mail": false,
        "level": 3,
        "description": "A process was created.",
        "groups": [
          "windows"
        ],
        "id": "67027"
      },
      "data": {
        "win": {
          "system": {
            "eventID": "4688",
            "systemTime": "2025-10-08T14:14:34.102140Z",
            "providerName": "Microsoft-Windows-Security-Auditing"
          },
          "eventdata": {
            "subjectUserName": "alice",
            "newProcessName": "C:\\Program Files\\Mozilla Firefox\\firefox.exe",
            "parentProcessName": "C:\\Windows\\explorer.exe",
            "subjectDomainName": "INSIGHT",
            "subjectLogonId": "0x202a6"
          }
        }
      }
    }
  },
  {
    "_index": "wazuh-alerts-4.x-2025.10.09",
    "_id": "9cd91432-c4e7-4e53-942b-b2f7e1a33a87",
    "_source": {
      "agent": {
        "ip": "172.16.30.17",
        "name": "DB01",
        "id": "010"
      },
      "manager": {
        "name": "ubuntu"
      },
      "location": "EventChannel",
      "decoder": {
        "name": "windows_eventchannel"
      },
      "timestamp": "2025-10-09T05:18:02.102140Z",
      "rule": {
        "firedtimes": 1,
        "mail": false,
        "level": 3,
        "description": "A process was created.",
        "groups": [
          "windows"
        ],
        "id": "67027"
      },
      "data": {
        "win": {
          "system": {
            "eventID": "4688",
            "systemTime": "2025-10-08T22:31:12.102140Z",
            "providerName": "Microsoft-Windows-Security-Auditing"
          },
          "eventdata": {
            "subjectUserName": "david",
            "newProcessName": "C:\\Program Files\\Mozilla Firefox\\firefox.exe",
            "parentProcessName": "C:\\Windows\\explorer.exe",
            "subjectDomainName": "INSIGHT",
            "subjectLogonId": "0x8758f"
          }
        }
      }
    }
  },
  {
    "_index": "wazuh-alerts-4.x-2025.10.09",
    "_id": "2dbeba63-4eda-45d7-b97a-11127f16cc38",
    "_source": {
      "agent": {
        "ip": "172.16.200.50",
        "name": "SCDC01",
        "id": "005"
      },
      "manager": {
        "name": "ubuntu"
      },
      "location": "EventChannel",
      "decoder": {
        "name": "windows_eventchannel"
      },
      "timestamp": "2025-10-08T17:45:33.102140Z",
      "rule": {
        "firedtimes": 1,
        "mail": false,
        "level": 3,
        "description": "A process was created.",
        "groups": [
          "windows"
        ],
        "id": "67027"
      },
      "data": {
        "win": {
          "system": {
            "eventID": "4688",
            "systemTime": "2025-10-08T20:52:25.102140Z",
            "providerName": "Microsoft-Windows-Security-Auditing"
          },
          "eventdata": {
            "subjectUserName": "svc_reports",
            "newProcessName": "C:\\Windows\\System32\\calc.exe",
            "parentProcessName": "C:\\Windows\\explorer.exe",
            "subjectDomainName": "INSIGHT",
            "subjectLogonId": "0x290e8"
          }
        }
      }
    }
  },
  {
    "_index": "wazuh-alerts-4.x-2025.10.09",
    "_id": "a4766bf6-9a99-443c-b035-1929f893693b",
    "_source": {
      "agent": {
        "ip": "172.16.200.50",
        "name": "SCDC01",
        "id": "005"
      },
      "manager": {
        "name": "ubuntu"
      },
      "location": "EventChannel",
      "decoder": {
        "name": "windows_eventchannel"
      },
      "timestamp": "2025-10-09T03:49:04.102140Z",
      "rule": {
        "firedtimes": 1,
        "mail": false,
        "level": 3,
        "description": "A process was created.",
        "groups": [
          "windows"
        ],
        "id": "67027"
      },
      "data": {
        "win": {
          "system": {
            "eventID": "4688",
            "systemTime": "2025-10-09T00:11:42.102140Z",
            "providerName": "Microsoft-Windows-Security-Auditing"
          },
          "eventdata": {
            "subjectUserName": "svc_reports",
            "newProcessName": "C:\\Program Files\\Mozilla Firefox\\firefox.exe",
            "parentProcessName": "C:\\Windows\\explorer.exe",
            "subjectDomainName": "INSIGHT",
            "subjectLogonId": "0x495ab"
          }
        }
      }
    }
  },
  {
    "_index": "wazuh-alerts-4.x-2025.10.09",
    "_id": "3059a266-7c5b-4f15-81ef-9f625f640da0",
    "_source": {
      "agent": {
        "ip": "172.16.30.17",
        "name": "DB01",
        "id": "010"
      },
      "manager": {
        "name": "ubuntu"
      },
      "location": "EventChannel",
      "decoder": {
        "name": "windows_eventchannel"
      },
      "timestamp": "2025-10-08T13:17:09.102140Z",
      "rule": {
        "firedtimes": 1,
        "mail": false,
        "level": 3,
        "description": "A process was created.",
        "groups": [
          "windows"
        ],
        "id": "67027"
      },
      "data": {
        "win": {
          "system": {
            "eventID": "4688",
            "systemTime": "2025-10-09T05:04:40.102140Z",
            "providerName": "Microsoft-Windows-Security-Auditing"
          },
          "eventdata": {
            "subjectUserName": "alice",
            "newProcessName": "C:\\Windows\\System32\\notepad.exe",
            "parentProcessName": "C:\\Windows\\explorer.exe",
            "subjectDomainName": "INSIGHT",
            "subjectLogonId": "0x46b2d"
          }
        }
      }
    }
  },
  {
    "_index": "wazuh-alerts-4.x-2025.10.09",
    "_id": "386394f3-1a47-4ca4-ba7c-186b376e59d2",
    "_source": {
      "agent": {
        "ip": "201.10.112.150",
        "name": "DEV-021",
        "id": "011"
      },
      "manager": {
        "name": "ubuntu"
      },
      "location": "EventChannel",
      "decoder": {
        "name": "windows_eventchannel"
      },
      "timestamp": "2025-10-08T19:25:58.102140Z",
      "rule": {
        "firedtimes": 1,
        "mail": false,
        "level": 3,
        "description": "A process was created.",
        "groups": [
          "windows"
        ],
        "id": "67027"
      },
      "data": {
        "win": {
          "system": {
            "eventID": "4688",
            "systemTime": "2025-10-09T04:56:40.102140Z",
            "providerName": "Microsoft-Windows-Security-Auditing"
          },
          "eventdata": {
            "subjectUserName": "svc_reports",
            "newProcessName": "C:\\Windows\\System32\\calc.exe",
            "parentProcessName": "C:\\Windows\\explorer.exe",
            "subjectDomainName": "INSIGHT",
            "subjectLogonId": "0x8798d"
          }
        }
      }
    }
  },
  {
    "_index": "wazuh-alerts-4.x-2025.10.09",
    "_id": "fac803f0-22b3-4b99-8ebe-3dcdd35e700c",
    "_source": {
      "agent": {
        "ip": "172.16.50.20",
        "name": "SRV-MANAGE01",
        "id": "002"
      },
      "manager": {
        "name": "ubuntu"
      },
      "location": "EventChannel",
      "decoder": {
        "name": "windows_eventchannel"
      },
      "timestamp": "2025-10-08T16:12:16.102140Z",
      "rule": {
        "firedtimes": 1,
        "mail": false,
        "level": 3,
        "description": "A process was created.",
        "groups": [
          "windows"
        ],
        "id": "67027"
      },
      "data": {
        "win": {
          "system": {
            "eventID": "4688",
            "systemTime": "2025-10-08T10:33:22.102140Z",
            "providerName": "Microsoft-Windows-Security-Auditing"
          },
          "eventdata": {
            "subjectUserName": "john",
            "newProcessName": "C:\\Windows\\System32\\calc.exe",
            "parentProcessName": "C:\\Windows\\explorer.exe",
            "subjectDomainName": "INSIGHT",
            "subjectLogonId": "0x4a948"
          }
        }
      }
    }
  },
  {
    "_index": "wazuh-alerts-4.x-2025.10.09",
    "_id": "a7381de4-33bb-4ce2-802e-b21054f9f56a",
    "_source": {
      "agent": {
        "ip": "201.10.112.150",
        "name": "DEV-021",
        "id": "011"
      },
      "manager": {
        "name": "ubuntu"
      },
      "location": "EventChannel",
      "decoder": {
        "name": "windows_eventchannel"
      },
      "timestamp": "2025-10-08T19:58:52.102140Z",
      "rule": {
        "firedtimes": 1,
        "mail": false,
        "level": 3,
        "description": "A process was created.",
        "groups": [
          "windows"
        ],
        "id": "67027"
      },
      "data": {
        "win": {
          "system": {
            "eventID": "4688",
            "systemTime": "2025-10-08T16:11:21.102140Z",
            "providerName": "Microsoft-Windows-Security-Auditing"
          },
          "eventdata": {
            "subjectUserName": "svc_reports",
            "newProcessName": "C:\\Windows\\System32\\notepad.exe",
            "parentProcessName": "C:\\Windows\\explorer.exe",
            "subjectDomainName": "INSIGHT",
            "subjectLogonId": "0x581b0"
          }
        }
      }
    }
  },
  {
    "_index": "wazuh-alerts-4.x-2025.10.09",
    "_id": "e77fdf1a-e02d-42f5-bcb7-63bdf629a7e5",
    "_source": {
      "agent": {
        "ip": "172.16.50.20",
        "name": "SRV-MANAGE01",
        "id": "002"
      },
      "manager": {
        "name": "ubuntu"
      },
      "location": "EventChannel",
      "decoder": {
        "name": "windows_eventchannel"
      },
      "timestamp": "2025-10-08T11:16:58.102140Z",
      "rule": {
        "firedtimes": 1,
        "mail": false,
        "level": 3,
        "description": "A process was created.",
        "groups": [
          "windows"
        ],
        "id": "67027"
      },
      "data": {
        "win": {
          "system": {
            "eventID": "4688",
            "systemTime": "2025-10-09T02:25:25.102140Z",
            "providerName": "Microsoft-Windows-Security-Auditing"
          },
          "eventdata": {
            "subjectUserName": "svc_reports",
            "newProcessName": "C:\\Windows\\System32\\notepad.exe",
            "parentProcessName": "C:\\Windows\\explorer.exe",
            "subjectDomainName": "INSIGHT",
            "subjectLogonId": "0x2debd"
          }
        }
      }
    }
  },
  {
    "_index": "wazuh-alerts-4.x-2025.10.09",
    "_id": "d3d5ac3a-9e29-48e5-88aa-a51a8e581304",
    "_source": {
      "agent": {
        "ip": "172.16.30.17",
        "name": "DB01",
        "id": "010"
      },
      "manager": {
        "name": "ubuntu"
      },
      "location": "EventChannel",
      "decoder": {
        "name": "windows_eventchannel"
      },
      "timestamp": "2025-10-08T13:17:35.102140Z",
      "rule": {
        "firedtimes": 1,
        "mail": false,
        "level": 3,
        "description": "A process was created.",
        "groups": [
          "windows"
        ],
        "id": "67027"
      },
      "data": {
        "win": {
          "system": {
            "eventID": "4688",
            "systemTime": "2025-10-08T17:23:47.102140Z",
            "providerName": "Microsoft-Windows-Security-Auditing"
          },
          "eventdata": {
            "subjectUserName": "david",
            "newProcessName": "C:\\Windows\\System32\\calc.exe",
            "parentProcessName": "C:\\Windows\\explorer.exe",
            "subjectDomainName": "INSIGHT",
            "subjectLogonId": "0x1769a"
          }
        }
      }
    }
  },
  {
    "_index": "wazuh-alerts-4.x-2025.10.09",
    "_id": "7020f8e0-8452-4922-b3b9-7fccd33abeca",
    "_source": {
      "agent": {
        "ip": "172.16.30.17",
        "name": "DB01",
        "id": "010"
      },
      "manager": {
        "name": "ubuntu"
      },
      "location": "EventChannel",
      "decoder": {
        "name": "windows_eventchannel"
      },
      "timestamp": "2025-10-08T13:12:29.102140Z",
      "rule": {
        "firedtimes": 1,
        "mail": false,
        "level": 3,
        "description": "A process was created.",
        "groups": [
          "windows"
        ],
        "id": "67027"
      },
      "data": {
        "win": {
          "system": {
            "eventID": "4688",
            "systemTime": "2025-10-08T16:02:10.102140Z",
            "providerName": "Microsoft-Windows-Security-Auditing"
          },
          "eventdata": {
            "subjectUserName": "david",
            "newProcessName": "C:\\Windows\\System32\\notepad.exe",
            "parentProcessName": "C:\\Windows\\explorer.exe",
            "subjectDomainName": "INSIGHT",
            "subjectLogonId": "0x73db6"
          }
        }
      }
    }
  },
