  {
    "_index": "wazuh-alerts-4.x-2025.10.09",
    "_id": "3bea32d4-5864-4a47-bcc8-bcfee0ce81e3",
    "_source": {
      "agent": {
        "ip": "172.16.10.20",
        "name": "FS01",
        "id": "003"
      },
      "manager": {
        "name": "ubuntu"
      },
      "location": "EventChannel",
      "decoder": {
        "name": "windows_eventchannel"
      },
      "timestamp": "2025-10-08T09:18:30.102140Z",
      "rule": {
        "firedtimes": 1,
        "mail": false,
        "level": 3,
        "description": "A process was created.",
        "groups": [
          "windows"
        ],
        "id": "67027"
      },
      "data": {
        "win": {
          "system": {
            "eventID": "4688",
            "systemTime": "2025-10-09T05:33:58.102140Z",
            "providerName": "Microsoft-Windows-Security-Auditing"
          },
          "eventdata": {
            "subjectUserName": "alice",
            "newProcessName": "C:\\Windows\\System32\\notepad.exe",
            "parentProcessName": "C:\\Windows\\explorer.exe",
            "subjectDomainName": "INSIGHT",
            "subjectLogonId": "0x73516"
          }
        }
      }
    }
  },
  {
    "_index": "wazuh-alerts-4.x-2025.10.09",
    "_id": "1102244e-0139-4a0f-9614-aa4efc0a7253",
    "_source": {
      "agent": {
        "ip": "172.16.50.20",
        "name": "SRV-MANAGE01",
        "id": "002"
      },
      "manager": {
        "name": "ubuntu"
      },
      "location": "EventChannel",
      "decoder": {
        "name": "windows_eventchannel"
      },
      "timestamp": "2025-10-08T09:07:03.102140Z",
      "rule": {
        "firedtimes": 1,
        "mail": false,
        "level": 3,
        "description": "A process was created.",
        "groups": [
          "windows"
        ],
        "id": "67027"
      },
      "data": {
        "win": {
          "system": {
            "eventID": "4688",
            "systemTime": "2025-10-09T02:57:15.102140Z",
            "providerName": "Microsoft-Windows-Security-Auditing"
          },
          "eventdata": {
            "subjectUserName": "svc_reports",
            "newProcessName": "C:\\Windows\\System32\\notepad.exe",
            "parentProcessName": "C:\\Windows\\explorer.exe",
            "subjectDomainName": "INSIGHT",
            "subjectLogonId": "0x5a4e6"
          }
        }
      }
    }
  },
  {
    "_index": "wazuh-alerts-4.x-2025.10.09",
    "_id": "0d7bec31-e6f8-4285-afac-fcf4761435e8",
    "_source": {
      "agent": {
        "ip": "201.10.112.150",
        "name": "DEV-021",
        "id": "011"
      },
      "manager": {
        "name": "ubuntu"
      },
      "location": "EventChannel",
      "decoder": {
        "name": "windows_eventchannel"
      },
      "timestamp": "2025-10-08T11:16:52.102140Z",
      "rule": {
        "firedtimes": 1,
        "mail": false,
        "level": 3,
        "description": "A process was created.",
        "groups": [
          "windows"
        ],
        "id": "67027"
      },
      "data": {
        "win": {
          "system": {
            "eventID": "4688",
            "systemTime": "2025-10-09T05:44:49.102140Z",
            "providerName": "Microsoft-Windows-Security-Auditing"
          },
          "eventdata": {
            "subjectUserName": "david",
            "newProcessName": "C:\\Windows\\System32\\notepad.exe",
            "parentProcessName": "C:\\Windows\\explorer.exe",
            "subjectDomainName": "INSIGHT",
            "subjectLogonId": "0x4806e"
          }
        }
      }
    }
  },
  {
    "_index": "wazuh-alerts-4.x-2025.10.09",
    "_id": "86ef3eac-74af-4b7d-abcd-df55cd11be90",
    "_source": {
      "agent": {
        "ip": "201.10.112.150",
        "name": "DEV-021",
        "id": "011"
      },
      "manager": {
        "name": "ubuntu"
      },
      "location": "EventChannel",
      "decoder": {
        "name": "windows_eventchannel"
      },
      "timestamp": "2025-10-08T11:12:56.102140Z",
      "rule": {
        "firedtimes": 1,
        "mail": false,
        "level": 9,
        "description": "GPO deployed MSI observed (msiexec)",
        "groups": [
          "gpo",
          "lateral"
        ],
        "id": "90006"
      },
      "data": {
        "win": {
          "system": {
            "eventID": "1",
            "systemTime": "2025-10-09T08:09:31.102140Z",
            "providerName": "Microsoft-Windows-Sysmon/Operational"
          },
          "eventdata": {
            "image": "C:\\Windows\\System32\\msiexec.exe",
            "commandLine": "msiexec /i C:\\Windows\\Temp\\java-update.msi /quiet",
            "user": "svc_deployer",
            "targetHosts": [
              "DEV-017",
              "DEV-034",
              "FILES1"
            ]
          }
        }
      }
    }
  },
  {
    "_index": "wazuh-alerts-4.x-2025.10.09",
    "_id": "a98cc0e0-d420-43f1-9474-d16f0f91420b",
    "_source": {
      "agent": {
        "ip": "172.16.30.17",
        "name": "DB01",
        "id": "010"
      },
      "manager": {
        "name": "ubuntu"
      },
      "location": "EventChannel",
      "decoder": {
        "name": "windows_eventchannel"
      },
      "timestamp": "2025-10-08T15:02:05.102140Z",
      "rule": {
        "firedtimes": 1,
        "mail": false,
        "level": 3,
        "description": "A process was created.",
        "groups": [
          "windows"
        ],
        "id": "67027"
      },
      "data": {
        "win": {
          "system": {
            "eventID": "4688",
            "systemTime": "2025-10-09T04:04:31.102140Z",
            "providerName": "Microsoft-Windows-Security-Auditing"
          },
          "eventdata": {
            "subjectUserName": "alice",
            "newProcessName": "C:\\Windows\\System32\\notepad.exe",
            "parentProcessName": "C:\\Windows\\explorer.exe",
            "subjectDomainName": "INSIGHT",
            "subjectLogonId": "0x82fc1"
          }
        }
      }
    }
  },
  {
    "_index": "wazuh-alerts-4.x-2025.10.09",
    "_id": "a882ddc0-7db1-4e36-b9bd-4cee00f54006",
    "_source": {
      "agent": {
        "ip": "172.16.30.17",
        "name": "DB01",
        "id": "010"
      },
      "manager": {
        "name": "ubuntu"
      },
      "location": "EventChannel",
      "decoder": {
        "name": "windows_eventchannel"
      },
      "timestamp": "2025-10-09T03:07:22.102140Z",
      "rule": {
        "firedtimes": 1,
        "mail": false,
        "level": 3,
        "description": "A process was created.",
        "groups": [
          "windows"
        ],
        "id": "67027"
      },
      "data": {
        "win": {
          "system": {
            "eventID": "4688",
            "systemTime": "2025-10-08T12:35:26.102140Z",
            "providerName": "Microsoft-Windows-Security-Auditing"
          },
          "eventdata": {
            "subjectUserName": "alice",
            "newProcessName": "C:\\Windows\\System32\\notepad.exe",
            "parentProcessName": "C:\\Windows\\explorer.exe",
            "subjectDomainName": "INSIGHT",
            "subjectLogonId": "0x91eb4"
          }
        }
      }
    }
  },
  {
    "_index": "wazuh-alerts-4.x-2025.10.09",
    "_id": "46782ade-744b-48a4-818d-69fcc70e0170",
    "_source": {
      "agent": {
        "ip": "172.16.200.50",
        "name": "SCDC01",
        "id": "005"
      },
      "manager": {
        "name": "ubuntu"
      },
      "location": "EventChannel",
      "decoder": {
        "name": "windows_eventchannel"
      },
      "timestamp": "2025-10-08T11:56:41.102140Z",
      "rule": {
        "firedtimes": 1,
        "mail": false,
        "level": 3,
        "description": "A process was created.",
        "groups": [
          "windows"
        ],
        "id": "67027"
      },
      "data": {
        "win": {
          "system": {
            "eventID": "4688",
            "systemTime": "2025-10-09T00:18:36.102140Z",
            "providerName": "Microsoft-Windows-Security-Auditing"
          },
          "eventdata": {
            "subjectUserName": "david",
            "newProcessName": "C:\\Windows\\System32\\calc.exe",
            "parentProcessName": "C:\\Windows\\explorer.exe",
            "subjectDomainName": "INSIGHT",
            "subjectLogonId": "0x638c7"
          }
        }
      }
    }
  },
  {
    "_index": "wazuh-alerts-4.x-2025.10.09",
    "_id": "df642170-5fca-4dbe-a5eb-6774e962a272",
    "_source": {
      "agent": {
        "ip": "201.10.112.150",
        "name": "DEV-021",
        "id": "011"
      },
      "manager": {
        "name": "ubuntu"
      },
      "location": "EventChannel",
      "decoder": {
        "name": "windows_eventchannel"
      },
      "timestamp": "2025-10-08T23:48:58.102140Z",
      "rule": {
        "firedtimes": 1,
        "mail": false,
        "level": 3,
        "description": "A process was created.",
        "groups": [
          "windows"
        ],
        "id": "67027"
      },
      "data": {
        "win": {
          "system": {
            "eventID": "4688",
            "systemTime": "2025-10-09T06:18:27.102140Z",
            "providerName": "Microsoft-Windows-Security-Auditing"
          },
          "eventdata": {
            "subjectUserName": "john",
            "newProcessName": "C:\\Program Files\\Mozilla Firefox\\firefox.exe",
            "parentProcessName": "C:\\Windows\\explorer.exe",
            "subjectDomainName": "INSIGHT",
            "subjectLogonId": "0x52bbe"
          }
        }
      }
    }
  },
  {
    "_index": "wazuh-alerts-4.x-2025.10.09",
    "_id": "60f74194-2c72-40db-af90-0219cc491880",
    "_source": {
      "agent": {
        "ip": "201.10.112.150",
        "name": "DEV-021",
        "id": "011"
      },
      "manager": {
        "name": "ubuntu"
      },
      "location": "EventChannel",
      "decoder": {
        "name": "windows_eventchannel"
      },
      "timestamp": "2025-10-09T04:00:19.102140Z",
      "rule": {
        "firedtimes": 1,
        "mail": false,
        "level": 3,
        "description": "A process was created.",
        "groups": [
          "windows"
        ],
        "id": "67027"
      },
      "data": {
        "win": {
          "system": {
            "eventID": "4688",
            "systemTime": "2025-10-09T07:25:53.102140Z",
            "providerName": "Microsoft-Windows-Security-Auditing"
          },
          "eventdata": {
            "subjectUserName": "john",
            "newProcessName": "C:\\Windows\\System32\\notepad.exe",
            "parentProcessName": "C:\\Windows\\explorer.exe",
            "subjectDomainName": "INSIGHT",
            "subjectLogonId": "0x4c518"
          }
        }
      }
    }
  },
  {
    "_index": "wazuh-alerts-4.x-2025.10.09",
    "_id": "b6f96894-52d3-4f0e-a646-810ecf18db04",
    "_source": {
      "agent": {
        "ip": "172.16.50.20",
        "name": "SRV-MANAGE01",
        "id": "002"
      },
      "manager": {
        "name": "ubuntu"
      },
      "location": "EventChannel",
      "decoder": {
        "name": "windows_eventchannel"
      },
      "timestamp": "2025-10-08T23:02:58.102140Z",
      "rule": {
        "firedtimes": 1,
        "mail": false,
        "level": 3,
        "description": "A process was created.",
        "groups": [
          "windows"
        ],
        "id": "67027"
      },
      "data": {
        "win": {
          "system": {
            "eventID": "4688",
            "systemTime": "2025-10-08T08:31:57.102140Z",
            "providerName": "Microsoft-Windows-Security-Auditing"
          },
          "eventdata": {
            "subjectUserName": "john",
            "newProcessName": "C:\\Windows\\System32\\notepad.exe",
            "parentProcessName": "C:\\Windows\\explorer.exe",
            "subjectDomainName": "INSIGHT",
            "subjectLogonId": "0x40d6a"
          }
        }
      }
    }
  },
  {
    "_index": "wazuh-alerts-4.x-2025.10.09",
    "_id": "8cbbd693-9fbe-4767-b304-262558be12d3",
    "_source": {
      "agent": {
        "ip": "172.16.30.17",
        "name": "DB01",
        "id": "010"
      },
      "manager": {
        "name": "ubuntu"
      },
      "location": "EventChannel",
      "decoder": {
        "name": "windows_eventchannel"
      },
      "timestamp": "2025-10-09T02:16:47.102140Z",
      "rule": {
        "firedtimes": 1,
        "mail": false,
        "level": 3,
        "description": "A process was created.",
        "groups": [
          "windows"
        ],
        "id": "67027"
      },
      "data": {
        "win": {
          "system": {
            "eventID": "4688",
            "systemTime": "2025-10-08T18:00:56.102140Z",
            "providerName": "Microsoft-Windows-Security-Auditing"
          },
          "eventdata": {
            "subjectUserName": "alice",
            "newProcessName": "C:\\Windows\\System32\\notepad.exe",
            "parentProcessName": "C:\\Windows\\explorer.exe",
            "subjectDomainName": "INSIGHT",
            "subjectLogonId": "0x717a3"
          }
        }
      }
    }
  },
  {
    "_index": "wazuh-alerts-4.x-2025.10.09",
    "_id": "67c5e69a-9386-4c36-b50a-0884a03ef3b0",
    "_source": {
      "agent": {
        "ip": "172.16.10.20",
        "name": "FS01",
        "id": "003"
      },
      "manager": {
        "name": "ubuntu"
      },
      "location": "EventChannel",
      "decoder": {
        "name": "windows_eventchannel"
      },
      "timestamp": "2025-10-08T15:05:27.102140Z",
      "rule": {
        "firedtimes": 1,
        "mail": false,
        "level": 3,
        "description": "A process was created.",
        "groups": [
          "windows"
        ],
        "id": "67027"
      },
      "data": {
        "win": {
          "system": {
            "eventID": "4688",
            "systemTime": "2025-10-09T02:51:03.102140Z",
            "providerName": "Microsoft-Windows-Security-Auditing"
          },
          "eventdata": {
            "subjectUserName": "john",
            "newProcessName": "C:\\Windows\\System32\\notepad.exe",
            "parentProcessName": "C:\\Windows\\explorer.exe",
            "subjectDomainName": "INSIGHT",
            "subjectLogonId": "0x1c86f"
          }
        }
      }
    }
  },
  {
    "_index": "wazuh-alerts-4.x-2025.10.09",
    "_id": "484d98eb-5268-4606-a7f4-6bed295c2965",
    "_source": {
      "agent": {
        "ip": "172.16.10.20",
        "name": "FS01",
        "id": "003"
      },
      "manager": {
        "name": "ubuntu"
      },
      "location": "EventChannel",
      "decoder": {
        "name": "windows_eventchannel"
      },
      "timestamp": "2025-10-08T23:01:33.102140Z",
      "rule": {
        "firedtimes": 1,
        "mail": false,
        "level": 3,
        "description": "A process was created.",
        "groups": [
          "windows"
        ],
        "id": "67027"
      },
      "data": {
        "win": {
          "system": {
            "eventID": "4688",
            "systemTime": "2025-10-09T02:34:52.102140Z",
            "providerName": "Microsoft-Windows-Security-Auditing"
          },
          "eventdata": {
            "subjectUserName": "david",
            "newProcessName": "C:\\Windows\\System32\\notepad.exe",
            "parentProcessName": "C:\\Windows\\explorer.exe",
            "subjectDomainName": "INSIGHT",
            "subjectLogonId": "0x736d5"
          }
        }
      }
    }
  },
  {
    "_index": "wazuh-alerts-4.x-2025.10.09",
    "_id": "47aa06ac-dd0e-4596-b4d1-330467dd88cf",
    "_source": {
      "agent": {
        "ip": "172.16.30.17",
        "name": "DB01",
        "id": "010"
      },
      "manager": {
        "name": "ubuntu"
      },
      "location": "EventChannel",
      "decoder": {
        "name": "windows_eventchannel"
      },
      "timestamp": "2025-10-09T01:26:21.102140Z",
      "rule": {
        "firedtimes": 1,
        "mail": false,
        "level": 3,
        "description": "A process was created.",
        "groups": [
          "windows"
        ],
        "id": "67027"
      },
      "data": {
        "win": {
          "system": {
            "eventID": "4688",
            "systemTime": "2025-10-08T13:07:46.102140Z",
            "providerName": "Microsoft-Windows-Security-Auditing"
          },
          "eventdata": {
            "subjectUserName": "david",
            "newProcessName": "C:\\Program Files\\Git\\bin\\bash.exe",
            "parentProcessName": "C:\\Windows\\System32\\cmd.exe",
            "subjectDomainName": "INSIGHT",
            "subjectLogonId": "0x223ec"
          }
        }
      }
    }
  },
  {
    "_index": "wazuh-alerts-4.x-2025.10.09",
    "_id": "0194488a-6cbd-4a97-8bc2-43cee08ec8ea",
    "_source": {
      "agent": {
        "ip": "172.16.200.50",
        "name": "SCDC01",
        "id": "005"
      },
      "manager": {
        "name": "ubuntu"
      },
      "location": "EventChannel",
      "decoder": {
        "name": "windows_eventchannel"
      },
      "timestamp": "2025-10-08T14:26:28.102140Z",
      "rule": {
        "firedtimes": 1,
        "mail": false,
        "level": 3,
        "description": "A process was created.",
        "groups": [
          "windows"
        ],
        "id": "67027"
      },
      "data": {
        "win": {
          "system": {
            "eventID": "4688",
            "systemTime": "2025-10-08T14:24:30.102140Z",
            "providerName": "Microsoft-Windows-Security-Auditing"
          },
          "eventdata": {
            "subjectUserName": "david",
            "newProcessName": "C:\\Windows\\System32\\calc.exe",
            "parentProcessName": "C:\\Windows\\explorer.exe",
            "subjectDomainName": "INSIGHT",
            "subjectLogonId": "0x1074e"
          }
        }
      }
    }
  },
  {
    "_index": "wazuh-alerts-4.x-2025.10.09",
    "_id": "bc582ea8-3497-4c81-8300-1fd85d774efe",
    "_source": {
      "agent": {
        "ip": "201.10.112.150",
        "name": "DEV-021",
        "id": "011"
      },
      "manager": {
        "name": "ubuntu"
      },
      "location": "EventChannel",
      "decoder": {
        "name": "windows_eventchannel"
      },
      "timestamp": "2025-10-09T07:03:26.102140Z",
      "rule": {
        "firedtimes": 1,
        "mail": false,
        "level": 3,
        "description": "A process was created.",
        "groups": [
          "windows"
        ],
        "id": "67027"
      },
      "data": {
        "win": {
          "system": {
            "eventID": "4688",
            "systemTime": "2025-10-09T05:22:51.102140Z",
            "providerName": "Microsoft-Windows-Security-Auditing"
          },
          "eventdata": {
            "subjectUserName": "alice",
            "newProcessName": "C:\\Windows\\System32\\calc.exe",
            "parentProcessName": "C:\\Windows\\explorer.exe",
            "subjectDomainName": "INSIGHT",
            "subjectLogonId": "0x7636b"
          }
        }
      }
    }
  },
  {
    "_index": "wazuh-alerts-4.x-2025.10.09",
    "_id": "3e90a8d2-46f3-4767-bfea-c6246530c6a8",
    "_source": {
      "agent": {
        "ip": "172.16.30.17",
        "name": "DB01",
        "id": "010"
      },
      "manager": {
        "name": "ubuntu"
      },
      "location": "EventChannel",
      "decoder": {
        "name": "windows_eventchannel"
      },
      "timestamp": "2025-10-08T12:53:17.102140Z",
      "rule": {
        "firedtimes": 1,
        "mail": false,
        "level": 3,
        "description": "A process was created.",
        "groups": [
          "windows"
        ],
        "id": "67027"
      },
      "data": {
        "win": {
          "system": {
            "eventID": "4688",
            "systemTime": "2025-10-08T23:43:48.102140Z",
            "providerName": "Microsoft-Windows-Security-Auditing"
          },
          "eventdata": {
            "subjectUserName": "alice",
            "newProcessName": "C:\\Windows\\System32\\calc.exe",
            "parentProcessName": "C:\\Windows\\explorer.exe",
            "subjectDomainName": "INSIGHT",
            "subjectLogonId": "0x1421f"
          }
        }
      }
    }
  },
  {
    "_index": "wazuh-alerts-4.x-2025.10.09",
    "_id": "4be29f2f-a55f-4da3-91d2-712cb6fcc166",
    "_source": {
      "agent": {
        "ip": "172.16.10.20",
        "name": "FS01",
        "id": "003"
      },
      "manager": {
        "name": "ubuntu"
      },
      "location": "EventChannel",
      "decoder": {
        "name": "windows_eventchannel"
      },
      "timestamp": "2025-10-09T07:29:25.102140Z",
      "rule": {
        "firedtimes": 1,
        "mail": false,
        "level": 3,
        "description": "A process was created.",
        "groups": [
          "windows"
        ],
        "id": "67027"
      },
      "data": {
        "win": {
          "system": {
            "eventID": "4688",
            "systemTime": "2025-10-08T23:50:13.102140Z",
            "providerName": "Microsoft-Windows-Security-Auditing"
          },
          "eventdata": {
            "subjectUserName": "alice",
            "newProcessName": "C:\\Program Files\\Mozilla Firefox\\firefox.exe",
            "parentProcessName": "C:\\Windows\\explorer.exe",
            "subjectDomainName": "INSIGHT",
            "subjectLogonId": "0x92233"
          }
        }
      }
    }
  },
  {
    "_index": "wazuh-alerts-4.x-2025.10.09",
    "_id": "73f48e67-bee1-47ae-99eb-e1720c7d4ece",
    "_source": {
      "agent": {
        "ip": "172.16.10.20",
        "name": "FS01",
        "id": "003"
      },
      "manager": {
        "name": "ubuntu"
      },
      "location": "EventChannel",
      "decoder": {
        "name": "windows_eventchannel"
      },
      "timestamp": "2025-10-09T06:18:23.102140Z",
      "rule": {
        "firedtimes": 1,
        "mail": false,
        "level": 3,
        "description": "A process was created.",
        "groups": [
          "windows"
        ],
        "id": "67027"
      },
      "data": {
        "win": {
          "system": {
            "eventID": "4688",
            "systemTime": "2025-10-08T13:15:03.102140Z",
            "providerName": "Microsoft-Windows-Security-Auditing"
          },
          "eventdata": {
            "subjectUserName": "john",
            "newProcessName": "C:\\Windows\\System32\\calc.exe",
            "parentProcessName": "C:\\Windows\\explorer.exe",
            "subjectDomainName": "INSIGHT",
            "subjectLogonId": "0x54060"
          }
        }
      }
    }
  },
  {
    "_index": "wazuh-alerts-4.x-2025.10.09",
    "_id": "ba6a9d3c-cbc1-484a-a34a-81f8f6f28fdf",
    "_source": {
      "agent": {
        "ip": "201.10.112.150",
        "name": "DEV-021",
        "id": "011"
      },
      "manager": {
        "name": "ubuntu"
      },
      "location": "EventChannel",
      "decoder": {
        "name": "windows_eventchannel"
      },
      "timestamp": "2025-10-08T14:10:34.102140Z",
      "rule": {
        "firedtimes": 1,
        "mail": false,
        "level": 3,
        "description": "A process was created.",
        "groups": [
          "windows"
        ],
        "id": "67027"
      },
      "data": {
        "win": {
          "system": {
            "eventID": "4688",
            "systemTime": "2025-10-08T18:21:27.102140Z",
            "providerName": "Microsoft-Windows-Security-Auditing"
          },
          "eventdata": {
            "subjectUserName": "john",
            "newProcessName": "C:\\Program Files\\Git\\bin\\bash.exe",
            "parentProcessName": "C:\\Windows\\System32\\cmd.exe",
            "subjectDomainName": "INSIGHT",
            "subjectLogonId": "0x6458f"
          }
        }
      }
    }
  },
  {
    "_index": "wazuh-alerts-4.x-2025.10.09",
    "_id": "c0cf31d1-8ac5-40d1-8221-466ecc1a53ee",
    "_source": {
      "agent": {
        "ip": "172.16.50.20",
        "name": "SRV-MANAGE01",
        "id": "002"
      },
      "manager": {
        "name": "ubuntu"
      },
      "location": "EventChannel",
      "decoder": {
        "name": "windows_eventchannel"
      },
      "timestamp": "2025-10-08T14:33:34.102140Z",
      "rule": {
        "firedtimes": 1,
        "mail": false,
        "level": 3,
        "description": "A process was created.",
        "groups": [
          "windows"
        ],
        "id": "67027"
      },
      "data": {
        "win": {
          "system": {
            "eventID": "4688",
            "systemTime": "2025-10-09T02:49:29.102140Z",
            "providerName": "Microsoft-Windows-Security-Auditing"
          },
          "eventdata": {
            "subjectUserName": "svc_reports",
            "newProcessName": "C:\\Program Files\\Mozilla Firefox\\firefox.exe",
            "parentProcessName": "C:\\Windows\\explorer.exe",
            "subjectDomainName": "INSIGHT",
            "subjectLogonId": "0x436a1"
          }
        }
      }
    }
  },
  {
    "_index": "wazuh-alerts-4.x-2025.10.09",
    "_id": "780add11-54a3-499e-a0dd-59777544c47d",
    "_source": {
      "agent": {
        "ip": "172.16.50.20",
        "name": "SRV-MANAGE01",
        "id": "002"
      },
      "manager": {
        "name": "ubuntu"
      },
      "location": "EventChannel",
      "decoder": {
        "name": "windows_eventchannel"
      },
      "timestamp": "2025-10-08T15:23:12.102140Z",
      "rule": {
        "firedtimes": 1,
        "mail": false,
        "level": 3,
        "description": "A process was created.",
        "groups": [
          "windows"
        ],
        "id": "67027"
      },
      "data": {
        "win": {
          "system": {
            "eventID": "4688",
            "systemTime": "2025-10-08T23:53:38.102140Z",
            "providerName": "Microsoft-Windows-Security-Auditing"
          },
          "eventdata": {
            "subjectUserName": "david",
            "newProcessName": "C:\\Program Files\\Git\\bin\\bash.exe",
            "parentProcessName": "C:\\Windows\\System32\\cmd.exe",
            "subjectDomainName": "INSIGHT",
            "subjectLogonId": "0x15e04"
          }
        }
      }
    }
  },
  {
    "_index": "wazuh-alerts-4.x-2025.10.09",
    "_id": "527193e5-1ebe-4ffa-aa7d-bbddd095b8ae",
    "_source": {
      "agent": {
        "ip": "172.16.30.17",
        "name": "DB01",
        "id": "010"
      },
      "manager": {
        "name": "ubuntu"
      },
      "location": "EventChannel",
      "decoder": {
        "name": "windows_eventchannel"
      },
      "timestamp": "2025-10-09T03:02:18.102140Z",
      "rule": {
        "firedtimes": 1,
        "mail": false,
        "level": 3,
        "description": "A process was created.",
        "groups": [
          "windows"
        ],
        "id": "67027"
      },
      "data": {
        "win": {
          "system": {
            "eventID": "4688",
            "systemTime": "2025-10-08T20:11:25.102140Z",
            "providerName": "Microsoft-Windows-Security-Auditing"
          },
          "eventdata": {
            "subjectUserName": "david",
            "newProcessName": "C:\\Program Files\\Mozilla Firefox\\firefox.exe",
            "parentProcessName": "C:\\Windows\\explorer.exe",
            "subjectDomainName": "INSIGHT",
            "subjectLogonId": "0x1bd7e"
          }
        }
      }
    }
  },
  {
    "_index": "wazuh-alerts-4.x-2025.10.09",
    "_id": "9c414162-8766-413b-b0c6-a6810aa991a8",
    "_source": {
      "agent": {
        "ip": "172.16.50.20",
        "name": "SRV-MANAGE01",
        "id": "002"
      },
      "manager": {
        "name": "ubuntu"
      },
      "location": "EventChannel",
      "decoder": {
        "name": "windows_eventchannel"
      },
      "timestamp": "2025-10-08T19:21:48.102140Z",
      "rule": {
        "firedtimes": 1,
        "mail": false,
        "level": 3,
        "description": "A process was created.",
        "groups": [
          "windows"
        ],
        "id": "67027"
      },
      "data": {
        "win": {
          "system": {
            "eventID": "4688",
            "systemTime": "2025-10-08T22:52:46.102140Z",
            "providerName": "Microsoft-Windows-Security-Auditing"
          },
          "eventdata": {
            "subjectUserName": "john",
            "newProcessName": "C:\\Windows\\System32\\calc.exe",
            "parentProcessName": "C:\\Windows\\explorer.exe",
            "subjectDomainName": "INSIGHT",
            "subjectLogonId": "0x8a86a"
          }
        }
      }
    }
  },
  {
    "_index": "wazuh-alerts-4.x-2025.10.09",
    "_id": "8e65722a-5caf-4628-b9e3-b868cde25136",
    "_source": {
      "agent": {
        "ip": "172.16.10.20",
        "name": "FS01",
        "id": "003"
      },
      "manager": {
        "name": "ubuntu"
      },
      "location": "EventChannel",
      "decoder": {
        "name": "windows_eventchannel"
      },
      "timestamp": "2025-10-09T04:34:52.102140Z",
      "rule": {
        "firedtimes": 1,
        "mail": false,
        "level": 3,
        "description": "A process was created.",
        "groups": [
          "windows"
        ],
        "id": "67027"
      },
      "data": {
        "win": {
          "system": {
            "eventID": "4688",
            "systemTime": "2025-10-09T00:37:33.102140Z",
            "providerName": "Microsoft-Windows-Security-Auditing"
          },
          "eventdata": {
            "subjectUserName": "david",
            "newProcessName": "C:\\Program Files\\Mozilla Firefox\\firefox.exe",
            "parentProcessName": "C:\\Windows\\explorer.exe",
            "subjectDomainName": "INSIGHT",
            "subjectLogonId": "0x6816d"
          }
        }
      }
    }
  },
  {
    "_index": "wazuh-alerts-4.x-2025.10.09",
    "_id": "dd5ef127-c4c4-4624-9583-56d762130a42",
    "_source": {
      "agent": {
        "ip": "172.16.10.20",
        "name": "FS01",
        "id": "003"
      },
      "manager": {
        "name": "ubuntu"
      },
      "location": "EventChannel",
      "decoder": {
        "name": "windows_eventchannel"
      },
      "timestamp": "2025-10-08T18:34:00.102140Z",
      "rule": {
        "firedtimes": 1,
        "mail": false,
        "level": 3,
        "description": "A process was created.",
        "groups": [
          "windows"
        ],
        "id": "67027"
      },
      "data": {
        "win": {
          "system": {
            "eventID": "4688",
            "systemTime": "2025-10-08T20:23:43.102140Z",
            "providerName": "Microsoft-Windows-Security-Auditing"
          },
          "eventdata": {
            "subjectUserName": "david",
            "newProcessName": "C:\\Windows\\System32\\calc.exe",
            "parentProcessName": "C:\\Windows\\explorer.exe",
            "subjectDomainName": "INSIGHT",
            "subjectLogonId": "0x30069"
          }
        }
      }
    }
  },
  {
    "_index": "wazuh-alerts-4.x-2025.10.09",
    "_id": "9128e653-bd2d-4c4d-9f8a-c7f6e76a3e52",
    "_source": {
      "agent": {
        "ip": "172.16.50.20",
        "name": "SRV-MANAGE01",
        "id": "002"
      },
      "manager": {
        "name": "ubuntu"
      },
      "location": "EventChannel",
      "decoder": {
        "name": "windows_eventchannel"
      },
      "timestamp": "2025-10-09T01:53:49.102140Z",
      "rule": {
        "firedtimes": 1,
        "mail": false,
        "level": 3,
        "description": "A process was created.",
        "groups": [
          "windows"
        ],
        "id": "67027"
      },
      "data": {
        "win": {
          "system": {
            "eventID": "4688",
            "systemTime": "2025-10-08T22:45:11.102140Z",
            "providerName": "Microsoft-Windows-Security-Auditing"
          },
          "eventdata": {
            "subjectUserName": "john",
            "newProcessName": "C:\\Windows\\System32\\calc.exe",
            "parentProcessName": "C:\\Windows\\explorer.exe",
            "subjectDomainName": "INSIGHT",
            "subjectLogonId": "0x37433"
          }
        }
      }
    }
  },
  {
    "_index": "wazuh-alerts-4.x-2025.10.09",
    "_id": "6ae28d73-1ff8-4c09-95fc-b355d14ecd4c",
    "_source": {
      "agent": {
        "ip": "172.16.10.20",
        "name": "FS01",
        "id": "003"
      },
      "manager": {
        "name": "ubuntu"
      },
      "location": "EventChannel",
      "decoder": {
        "name": "windows_eventchannel"
      },
      "timestamp": "2025-10-08T12:18:02.102140Z",
      "rule": {
        "firedtimes": 1,
        "mail": false,
        "level": 3,
        "description": "A process was created.",
        "groups": [
          "windows"
        ],
        "id": "67027"
      },
      "data": {
        "win": {
          "system": {
            "eventID": "4688",
            "systemTime": "2025-10-09T05:41:37.102140Z",
            "providerName": "Microsoft-Windows-Security-Auditing"
          },
          "eventdata": {
            "subjectUserName": "alice",
            "newProcessName": "C:\\Windows\\System32\\notepad.exe",
            "parentProcessName": "C:\\Windows\\explorer.exe",
            "subjectDomainName": "INSIGHT",
            "subjectLogonId": "0x94ff0"
          }
        }
      }
    }
  },
  {
    "_index": "wazuh-alerts-4.x-2025.10.09",
    "_id": "45386c82-3cb1-4868-92ae-03718ee04f93",
    "_source": {
      "agent": {
        "ip": "201.10.112.150",
        "name": "DEV-021",
        "id": "011"
      },
      "manager": {
        "name": "ubuntu"
      },
      "location": "EventChannel",
      "decoder": {
        "name": "windows_eventchannel"
      },
      "timestamp": "2025-10-09T07:28:10.102140Z",
      "rule": {
        "firedtimes": 1,
        "mail": false,
        "level": 3,
        "description": "A process was created.",
        "groups": [
          "windows"
        ],
        "id": "67027"
      },
      "data": {
        "win": {
          "system": {
            "eventID": "4688",
            "systemTime": "2025-10-09T03:52:26.102140Z",
            "providerName": "Microsoft-Windows-Security-Auditing"
          },
          "eventdata": {
            "subjectUserName": "alice",
            "newProcessName": "C:\\Program Files\\Git\\bin\\bash.exe",
            "parentProcessName": "C:\\Windows\\System32\\cmd.exe",
            "subjectDomainName": "INSIGHT",
            "subjectLogonId": "0x735b9"
          }
        }
      }
    }
  },
  {
    "_index": "wazuh-alerts-4.x-2025.10.09",
    "_id": "ef3c06dc-e7d5-498e-8f46-9ce88368880e",
    "_source": {
      "agent": {
        "ip": "172.16.50.20",
        "name": "SRV-MANAGE01",
        "id": "002"
      },
      "manager": {
        "name": "ubuntu"
      },
      "location": "EventChannel",
      "decoder": {
        "name": "windows_eventchannel"
      },
      "timestamp": "2025-10-08T17:39:33.102140Z",
      "rule": {
        "firedtimes": 1,
        "mail": false,
        "level": 3,
        "description": "A process was created.",
        "groups": [
          "windows"
        ],
        "id": "67027"
      },
      "data": {
        "win": {
          "system": {
            "eventID": "4688",
            "systemTime": "2025-10-08T22:54:16.102140Z",
            "providerName": "Microsoft-Windows-Security-Auditing"
          },
          "eventdata": {
            "subjectUserName": "david",
            "newProcessName": "C:\\Windows\\System32\\notepad.exe",
            "parentProcessName": "C:\\Windows\\explorer.exe",
            "subjectDomainName": "INSIGHT",
            "subjectLogonId": "0x3ff83"
          }
        }
      }
    }
  },
  {
    "_index": "wazuh-alerts-4.x-2025.10.09",
    "_id": "3aa2e26f-77f8-4a47-a3f2-9d09e063ad76",
    "_source": {
      "agent": {
        "ip": "172.16.30.17",
        "name": "DB01",
        "id": "010"
      },
      "manager": {
        "name": "ubuntu"
      },
      "location": "EventChannel",
      "decoder": {
        "name": "windows_eventchannel"
      },
      "timestamp": "2025-10-09T07:21:31.102140Z",
      "rule": {
        "firedtimes": 1,
        "mail": false,
        "level": 3,
        "description": "A process was created.",
        "groups": [
          "windows"
        ],
        "id": "67027"
      },
      "data": {
        "win": {
          "system": {
            "eventID": "4688",
            "systemTime": "2025-10-08T21:14:27.102140Z",
            "providerName": "Microsoft-Windows-Security-Auditing"
          },
          "eventdata": {
            "subjectUserName": "alice",
            "newProcessName": "C:\\Program Files\\Mozilla Firefox\\firefox.exe",
            "parentProcessName": "C:\\Windows\\explorer.exe",
            "subjectDomainName": "INSIGHT",
            "subjectLogonId": "0x6e352"
          }
        }
      }
    }
  },
  {
    "_index": "wazuh-alerts-4.x-2025.10.09",
    "_id": "f6341a70-1fc1-4128-97bf-8e6d84993b2a",
    "_source": {
      "agent": {
        "ip": "201.10.112.150",
        "name": "DEV-021",
        "id": "011"
      },
      "manager": {
        "name": "ubuntu"
      },
      "location": "EventChannel",
      "decoder": {
        "name": "windows_eventchannel"
      },
      "timestamp": "2025-10-08T17:26:59.102140Z",
      "rule": {
        "firedtimes": 1,
        "mail": false,
        "level": 3,
        "description": "A process was created.",
        "groups": [
          "windows"
        ],
        "id": "67027"
      },
      "data": {
        "win": {
          "system": {
            "eventID": "4688",
            "systemTime": "2025-10-08T12:37:23.102140Z",
            "providerName": "Microsoft-Windows-Security-Auditing"
          },
          "eventdata": {
            "subjectUserName": "john",
            "newProcessName": "C:\\Windows\\System32\\calc.exe",
            "parentProcessName": "C:\\Windows\\explorer.exe",
            "subjectDomainName": "INSIGHT",
            "subjectLogonId": "0x6fe49"
          }
        }
      }
    }
  },
  {
    "_index": "wazuh-alerts-4.x-2025.10.09",
    "_id": "be289bba-dc7f-4df0-8092-b120875f2fab",
    "_source": {
      "agent": {
        "ip": "172.16.10.20",
        "name": "FS01",
        "id": "003"
      },
      "manager": {
        "name": "ubuntu"
      },
      "location": "EventChannel",
      "decoder": {
        "name": "windows_eventchannel"
      },
      "timestamp": "2025-10-08T22:50:15.102140Z",
      "rule": {
        "firedtimes": 1,
        "mail": false,
        "level": 3,
        "description": "A process was created.",
        "groups": [
          "windows"
        ],
        "id": "67027"
      },
      "data": {
        "win": {
          "system": {
            "eventID": "4688",
            "systemTime": "2025-10-08T17:18:28.102140Z",
            "providerName": "Microsoft-Windows-Security-Auditing"
          },
          "eventdata": {
            "subjectUserName": "alice",
            "newProcessName": "C:\\Program Files\\Mozilla Firefox\\firefox.exe",
            "parentProcessName": "C:\\Windows\\explorer.exe",
            "subjectDomainName": "INSIGHT",
            "subjectLogonId": "0x59062"
          }
        }
      }
    }
  },
  {
    "_index": "wazuh-alerts-4.x-2025.10.09",
    "_id": "2c319102-5e48-4ffa-a32b-32df7b87f240",
    "_source": {
      "agent": {
        "ip": "172.16.50.20",
        "name": "SRV-MANAGE01",
        "id": "002"
      },
      "manager": {
        "name": "ubuntu"
      },
      "location": "EventChannel",
      "decoder": {
        "name": "windows_eventchannel"
      },
      "timestamp": "2025-10-08T21:44:42.102140Z",
      "rule": {
        "firedtimes": 1,
        "mail": false,
        "level": 6,
        "description": "Suspicious DNS request for rare domain",
        "groups": [
          "dns",
          "c2"
        ],
        "id": "90009"
      },
      "data": {
        "win": {
          "system": {
            "eventID": "dns_query",
            "systemTime": "2025-10-09T08:10:21.102140Z",
            "providerName": "DNS"
          },
          "eventdata": {
            "queryName": "cdn.evilcdn.net",
            "clientIp": "172.16.30.17",
            "response": "93.184.216.34"
          }
        }
      }
    }
  },
  {
    "_index": "wazuh-alerts-4.x-2025.10.09",
    "_id": "6cec3b7c-489c-43ea-9f30-bfa91f0a49db",
    "_source": {
      "agent": {
        "ip": "172.16.50.20",
        "name": "SRV-MANAGE01",
        "id": "002"
      },
      "manager": {
        "name": "ubuntu"
      },
      "location": "EventChannel",
      "decoder": {
        "name": "windows_eventchannel"
      },
      "timestamp": "2025-10-09T06:40:23.102140Z",
      "rule": {
        "firedtimes": 1,
        "mail": false,
        "level": 3,
        "description": "A process was created.",
        "groups": [
          "windows"
        ],
        "id": "67027"
      },
      "data": {
        "win": {
          "system": {
            "eventID": "4688",
            "systemTime": "2025-10-08T16:01:42.102140Z",
            "providerName": "Microsoft-Windows-Security-Auditing"
          },
          "eventdata": {
            "subjectUserName": "david",
            "newProcessName": "C:\\Windows\\System32\\calc.exe",
            "parentProcessName": "C:\\Windows\\explorer.exe",
            "subjectDomainName": "INSIGHT",
            "subjectLogonId": "0x8a3fb"
          }
        }
      }
    }
  },
  {
    "_index": "wazuh-alerts-4.x-2025.10.09",
    "_id": "1c3fdde1-210c-413a-ac77-270d77216316",
    "_source": {
      "agent": {
        "ip": "172.16.200.50",
        "name": "SCDC01",
        "id": "005"
      },
      "manager": {
        "name": "ubuntu"
      },
      "location": "EventChannel",
      "decoder": {
        "name": "windows_eventchannel"
      },
      "timestamp": "2025-10-08T08:23:32.102140Z",
      "rule": {
        "firedtimes": 1,
        "mail": false,
        "level": 3,
        "description": "A process was created.",
        "groups": [
          "windows"
        ],
        "id": "67027"
      },
      "data": {
        "win": {
          "system": {
            "eventID": "4688",
            "systemTime": "2025-10-08T13:50:53.102140Z",
            "providerName": "Microsoft-Windows-Security-Auditing"
          },
          "eventdata": {
            "subjectUserName": "svc_reports",
            "newProcessName": "C:\\Windows\\System32\\calc.exe",
            "parentProcessName": "C:\\Windows\\explorer.exe",
            "subjectDomainName": "INSIGHT",
            "subjectLogonId": "0x5f994"
          }
        }
      }
    }
  },
  {
    "_index": "wazuh-alerts-4.x-2025.10.09",
    "_id": "fc8363c0-1923-4c8d-a8b4-f52be6371229",
    "_source": {
      "agent": {
        "ip": "172.16.30.17",
        "name": "DB01",
        "id": "010"
      },
      "manager": {
        "name": "ubuntu"
      },
      "location": "EventChannel",
      "decoder": {
        "name": "windows_eventchannel"
      },
      "timestamp": "2025-10-08T19:32:27.102140Z",
      "rule": {
        "firedtimes": 1,
        "mail": false,
        "level": 3,
        "description": "A process was created.",
        "groups": [
          "windows"
        ],
        "id": "67027"
      },
      "data": {
        "win": {
          "system": {
            "eventID": "4688",
            "systemTime": "2025-10-08T12:17:31.102140Z",
            "providerName": "Microsoft-Windows-Security-Auditing"
          },
          "eventdata": {
            "subjectUserName": "david",
            "newProcessName": "C:\\Windows\\System32\\notepad.exe",
            "parentProcessName": "C:\\Windows\\explorer.exe",
            "subjectDomainName": "INSIGHT",
            "subjectLogonId": "0x63513"
          }
        }
      }
    }
  },
  {
    "_index": "wazuh-alerts-4.x-2025.10.09",
    "_id": "e748f302-bc5c-4732-b1af-e45de57a04da",
    "_source": {
      "agent": {
        "ip": "172.16.30.17",
        "name": "DB01",
        "id": "010"
      },
      "manager": {
        "name": "ubuntu"
      },
      "location": "EventChannel",
      "decoder": {
        "name": "windows_eventchannel"
      },
      "timestamp": "2025-10-08T23:44:14.102140Z",
      "rule": {
        "firedtimes": 1,
        "mail": false,
        "level": 3,
        "description": "A process was created.",
        "groups": [
          "windows"
        ],
        "id": "67027"
      },
      "data": {
        "win": {
          "system": {
            "eventID": "4688",
            "systemTime": "2025-10-08T12:46:06.102140Z",
            "providerName": "Microsoft-Windows-Security-Auditing"
          },
          "eventdata": {
            "subjectUserName": "svc_reports",
            "newProcessName": "C:\\Program Files\\Mozilla Firefox\\firefox.exe",
            "parentProcessName": "C:\\Windows\\explorer.exe",
            "subjectDomainName": "INSIGHT",
            "subjectLogonId": "0x432bf"
          }
        }
      }
    }
  },
  {
    "_index": "wazuh-alerts-4.x-2025.10.09",
    "_id": "b01ccc68-a89c-4183-a281-d23eb6259403",
    "_source": {
      "agent": {
        "ip": "201.10.112.150",
        "name": "DEV-021",
        "id": "011"
      },
      "manager": {
        "name": "ubuntu"
      },
      "location": "EventChannel",
      "decoder": {
        "name": "windows_eventchannel"
      },
      "timestamp": "2025-10-08T15:30:50.102140Z",
      "rule": {
        "firedtimes": 1,
        "mail": false,
        "level": 3,
        "description": "A process was created.",
        "groups": [
          "windows"
        ],
        "id": "67027"
      },
      "data": {
        "win": {
          "system": {
            "eventID": "4688",
            "systemTime": "2025-10-08T17:12:29.102140Z",
            "providerName": "Microsoft-Windows-Security-Auditing"
          },
          "eventdata": {
            "subjectUserName": "alice",
            "newProcessName": "C:\\Windows\\System32\\notepad.exe",
            "parentProcessName": "C:\\Windows\\explorer.exe",
            "subjectDomainName": "INSIGHT",
            "subjectLogonId": "0x57892"
          }
        }
      }
    }
  },
  {
    "_index": "wazuh-alerts-4.x-2025.10.09",
    "_id": "2cfa1b51-27a2-4f20-869a-931947c9bcef",
    "_source": {
      "agent": {
        "ip": "172.16.10.20",
        "name": "FS01",
        "id": "003"
      },
      "manager": {
        "name": "ubuntu"
      },
      "location": "EventChannel",
      "decoder": {
        "name": "windows_eventchannel"
      },
      "timestamp": "2025-10-09T04:18:30.102140Z",
      "rule": {
        "firedtimes": 1,
        "mail": false,
        "level": 3,
        "description": "A process was created.",
        "groups": [
          "windows"
        ],
        "id": "67027"
      },
      "data": {
        "win": {
          "system": {
            "eventID": "4688",
            "systemTime": "2025-10-08T09:35:36.102140Z",
            "providerName": "Microsoft-Windows-Security-Auditing"
          },
          "eventdata": {
            "subjectUserName": "david",
            "newProcessName": "C:\\Program Files\\Git\\bin\\bash.exe",
            "parentProcessName": "C:\\Windows\\System32\\cmd.exe",
            "subjectDomainName": "INSIGHT",
            "subjectLogonId": "0x3fce9"
          }
        }
      }
    }
  },
  {
    "_index": "wazuh-alerts-4.x-2025.10.09",
    "_id": "d2c95189-f3ae-42a6-b8bd-9d8feaddb6fe",
    "_source": {
      "agent": {
        "ip": "172.16.200.50",
        "name": "SCDC01",
        "id": "005"
      },
      "manager": {
        "name": "ubuntu"
      },
      "location": "EventChannel",
      "decoder": {
        "name": "windows_eventchannel"
      },
      "timestamp": "2025-10-09T02:53:51.102140Z",
      "rule": {
        "firedtimes": 1,
        "mail": false,
        "level": 3,
        "description": "A process was created.",
        "groups": [
          "windows"
        ],
        "id": "67027"
      },
      "data": {
        "win": {
          "system": {
            "eventID": "4688",
            "systemTime": "2025-10-08T22:00:33.102140Z",
            "providerName": "Microsoft-Windows-Security-Auditing"
          },
          "eventdata": {
            "subjectUserName": "alice",
            "newProcessName": "C:\\Windows\\System32\\calc.exe",
            "parentProcessName": "C:\\Windows\\explorer.exe",
            "subjectDomainName": "INSIGHT",
            "subjectLogonId": "0x38913"
          }
        }
      }
    }
  },
  {
    "_index": "wazuh-alerts-4.x-2025.10.09",
    "_id": "35a5290a-d8a2-4408-bbe9-34ab1cc50add",
    "_source": {
      "agent": {
        "ip": "172.16.30.17",
        "name": "DB01",
        "id": "010"
      },
      "manager": {
        "name": "ubuntu"
      },
      "location": "EventChannel",
      "decoder": {
        "name": "windows_eventchannel"
      },
      "timestamp": "2025-10-08T08:58:37.102140Z",
      "rule": {
        "firedtimes": 2,
        "mail": false,
        "level": 8,
        "description": "Possible suspicious access to Windows admin shares",
        "groups": [
          "smb",
          "lateral"
        ],
        "id": "92105"
      },
      "data": {
        "win": {
          "system": {
            "eventID": "3",
            "systemTime": "2025-10-09T08:09:51.102140Z",
            "providerName": "Microsoft-Windows-Sysmon/Operational"
          },
          "eventdata": {
            "image": "C:\\Windows\\System32\\svchost.exe",
            "sourceIp": "172.16.200.50",
            "destinationIp": "172.16.10.20",
            "destinationPort": "445",
            "user": "svc_admin",
            "details": "SMB connect to \\\\fs01\\projects"
          }
        }
      }
    }
  },
