  {
    "_index": "wazuh-alerts-4.x-2025.10.09",
    "_id": "3ce6f9af-1df1-40f8-843d-9365dbca1a29",
    "_source": {
      "agent": {
        "ip": "172.16.50.20",
        "name": "SRV-MANAGE01",
        "id": "002"
      },
      "manager": {
        "name": "ubuntu"
      },
      "location": "EventChannel",
      "decoder": {
        "name": "windows_eventchannel"
      },
      "timestamp": "2025-10-09T08:10:09.102140Z",
      "rule": {
        "firedtimes": 1,
        "mail": false,
        "level": 3,
        "description": "A process was created.",
        "groups": [
          "windows"
        ],
        "id": "67027"
      },
      "data": {
        "win": {
          "system": {
            "eventID": "4688",
            "systemTime": "2025-10-08T23:14:49.102140Z",
            "providerName": "Microsoft-Windows-Security-Auditing"
          },
          "eventdata": {
            "subjectUserName": "alice",
            "newProcessName": "C:\\Windows\\System32\\calc.exe",
            "parentProcessName": "C:\\Windows\\explorer.exe",
            "subjectDomainName": "INSIGHT",
            "subjectLogonId": "0x4a693"
          }
        }
      }
    }
  },
  {
    "_index": "wazuh-alerts-4.x-2025.10.09",
    "_id": "881bcfb8-594d-4d2a-a5de-287531bb8065",
    "_source": {
      "agent": {
        "ip": "172.16.10.20",
        "name": "FS01",
        "id": "003"
      },
      "manager": {
        "name": "ubuntu"
      },
      "location": "EventChannel",
      "decoder": {
        "name": "windows_eventchannel"
      },
      "timestamp": "2025-10-09T05:56:07.102140Z",
      "rule": {
        "firedtimes": 1,
        "mail": false,
        "level": 3,
        "description": "A process was created.",
        "groups": [
          "windows"
        ],
        "id": "67027"
      },
      "data": {
        "win": {
          "system": {
            "eventID": "4688",
            "systemTime": "2025-10-09T05:13:25.102140Z",
            "providerName": "Microsoft-Windows-Security-Auditing"
          },
          "eventdata": {
            "subjectUserName": "svc_reports",
            "newProcessName": "C:\\Windows\\System32\\notepad.exe",
            "parentProcessName": "C:\\Windows\\explorer.exe",
            "subjectDomainName": "INSIGHT",
            "subjectLogonId": "0x5251a"
          }
        }
      }
    }
  },
  {
    "_index": "wazuh-alerts-4.x-2025.10.09",
    "_id": "1f6098a2-9dce-4828-8553-8e5d0744935c",
    "_source": {
      "agent": {
        "ip": "172.16.200.50",
        "name": "SCDC01",
        "id": "005"
      },
      "manager": {
        "name": "ubuntu"
      },
      "location": "EventChannel",
      "decoder": {
        "name": "windows_eventchannel"
      },
      "timestamp": "2025-10-08T16:16:07.102140Z",
      "rule": {
        "firedtimes": 1,
        "mail": false,
        "level": 3,
        "description": "A process was created.",
        "groups": [
          "windows"
        ],
        "id": "67027"
      },
      "data": {
        "win": {
          "system": {
            "eventID": "4688",
            "systemTime": "2025-10-08T20:18:47.102140Z",
            "providerName": "Microsoft-Windows-Security-Auditing"
          },
          "eventdata": {
            "subjectUserName": "svc_reports",
            "newProcessName": "C:\\Windows\\System32\\notepad.exe",
            "parentProcessName": "C:\\Windows\\explorer.exe",
            "subjectDomainName": "INSIGHT",
            "subjectLogonId": "0x1dc79"
          }
        }
      }
    }
  },
  {
    "_index": "wazuh-alerts-4.x-2025.10.09",
    "_id": "982ea996-522a-458a-a637-9413e80d667f",
    "_source": {
      "agent": {
        "ip": "172.16.30.17",
        "name": "DB01",
        "id": "010"
      },
      "manager": {
        "name": "ubuntu"
      },
      "location": "EventChannel",
      "decoder": {
        "name": "windows_eventchannel"
      },
      "timestamp": "2025-10-09T07:27:50.102140Z",
      "rule": {
        "firedtimes": 1,
        "mail": false,
        "level": 3,
        "description": "A process was created.",
        "groups": [
          "windows"
        ],
        "id": "67027"
      },
      "data": {
        "win": {
          "system": {
            "eventID": "4688",
            "systemTime": "2025-10-09T03:16:17.102140Z",
            "providerName": "Microsoft-Windows-Security-Auditing"
          },
          "eventdata": {
            "subjectUserName": "john",
            "newProcessName": "C:\\Windows\\System32\\notepad.exe",
            "parentProcessName": "C:\\Windows\\explorer.exe",
            "subjectDomainName": "INSIGHT",
            "subjectLogonId": "0x56341"
          }
        }
      }
    }
  },
  {
    "_index": "wazuh-alerts-4.x-2025.10.09",
    "_id": "1a16874f-6b6d-4d9b-aff7-33a5cc00f991",
    "_source": {
      "agent": {
        "ip": "172.16.200.50",
        "name": "SCDC01",
        "id": "005"
      },
      "manager": {
        "name": "ubuntu"
      },
      "location": "EventChannel",
      "decoder": {
        "name": "windows_eventchannel"
      },
      "timestamp": "2025-10-08T23:23:46.102140Z",
      "rule": {
        "firedtimes": 1,
        "mail": false,
        "level": 3,
        "description": "A process was created.",
        "groups": [
          "windows"
        ],
        "id": "67027"
      },
      "data": {
        "win": {
          "system": {
            "eventID": "4688",
            "systemTime": "2025-10-08T21:11:46.102140Z",
            "providerName": "Microsoft-Windows-Security-Auditing"
          },
          "eventdata": {
            "subjectUserName": "alice",
            "newProcessName": "C:\\Windows\\System32\\notepad.exe",
            "parentProcessName": "C:\\Windows\\explorer.exe",
            "subjectDomainName": "INSIGHT",
            "subjectLogonId": "0x7a48d"
          }
        }
      }
    }
  },
  {
    "_index": "wazuh-alerts-4.x-2025.10.09",
    "_id": "d4cd65e5-0963-4105-ab69-bf05252edce3",
    "_source": {
      "agent": {
        "ip": "172.16.30.17",
        "name": "DB01",
        "id": "010"
      },
      "manager": {
        "name": "ubuntu"
      },
      "location": "EventChannel",
      "decoder": {
        "name": "windows_eventchannel"
      },
      "timestamp": "2025-10-09T00:01:36.102140Z",
      "rule": {
        "firedtimes": 1,
        "mail": false,
        "level": 3,
        "description": "A process was created.",
        "groups": [
          "windows"
        ],
        "id": "67027"
      },
      "data": {
        "win": {
          "system": {
            "eventID": "4688",
            "systemTime": "2025-10-08T17:41:24.102140Z",
            "providerName": "Microsoft-Windows-Security-Auditing"
          },
          "eventdata": {
            "subjectUserName": "svc_reports",
            "newProcessName": "C:\\Program Files\\Git\\bin\\bash.exe",
            "parentProcessName": "C:\\Windows\\System32\\cmd.exe",
            "subjectDomainName": "INSIGHT",
            "subjectLogonId": "0x9c6bb"
          }
        }
      }
    }
  },
  {
    "_index": "wazuh-alerts-4.x-2025.10.09",
    "_id": "dadda8bc-376e-4beb-a1cb-a201fc25c5ff",
    "_source": {
      "agent": {
        "ip": "172.16.10.20",
        "name": "FS01",
        "id": "003"
      },
      "manager": {
        "name": "ubuntu"
      },
      "location": "EventChannel",
      "decoder": {
        "name": "windows_eventchannel"
      },
      "timestamp": "2025-10-08T20:31:38.102140Z",
      "rule": {
        "firedtimes": 1,
        "mail": false,
        "level": 3,
        "description": "A process was created.",
        "groups": [
          "windows"
        ],
        "id": "67027"
      },
      "data": {
        "win": {
          "system": {
            "eventID": "4688",
            "systemTime": "2025-10-08T15:21:35.102140Z",
            "providerName": "Microsoft-Windows-Security-Auditing"
          },
          "eventdata": {
            "subjectUserName": "john",
            "newProcessName": "C:\\Program Files\\Git\\bin\\bash.exe",
            "parentProcessName": "C:\\Windows\\System32\\cmd.exe",
            "subjectDomainName": "INSIGHT",
            "subjectLogonId": "0x2fc63"
          }
        }
      }
    }
  },
  {
    "_index": "wazuh-alerts-4.x-2025.10.09",
    "_id": "ce7d5507-90f3-4ca9-8d9d-24a636a724b4",
    "_source": {
      "agent": {
        "ip": "172.16.50.20",
        "name": "SRV-MANAGE01",
        "id": "002"
      },
      "manager": {
        "name": "ubuntu"
      },
      "location": "EventChannel",
      "decoder": {
        "name": "windows_eventchannel"
      },
      "timestamp": "2025-10-08T18:00:35.102140Z",
      "rule": {
        "firedtimes": 1,
        "mail": false,
        "level": 3,
        "description": "A process was created.",
        "groups": [
          "windows"
        ],
        "id": "67027"
      },
      "data": {
        "win": {
          "system": {
            "eventID": "4688",
            "systemTime": "2025-10-08T17:25:17.102140Z",
            "providerName": "Microsoft-Windows-Security-Auditing"
          },
          "eventdata": {
            "subjectUserName": "svc_reports",
            "newProcessName": "C:\\Program Files\\Mozilla Firefox\\firefox.exe",
            "parentProcessName": "C:\\Windows\\explorer.exe",
            "subjectDomainName": "INSIGHT",
            "subjectLogonId": "0x171a3"
          }
        }
      }
    }
  },
  {
    "_index": "wazuh-alerts-4.x-2025.10.09",
    "_id": "7cd74367-12be-4e18-977c-6663e0d9a6f6",
    "_source": {
      "agent": {
        "ip": "172.16.10.20",
        "name": "FS01",
        "id": "003"
      },
      "manager": {
        "name": "ubuntu"
      },
      "location": "EventChannel",
      "decoder": {
        "name": "windows_eventchannel"
      },
      "timestamp": "2025-10-08T16:58:43.102140Z",
      "rule": {
        "firedtimes": 1,
        "mail": false,
        "level": 3,
        "description": "A process was created.",
        "groups": [
          "windows"
        ],
        "id": "67027"
      },
      "data": {
        "win": {
          "system": {
            "eventID": "4688",
            "systemTime": "2025-10-08T22:06:26.102140Z",
            "providerName": "Microsoft-Windows-Security-Auditing"
          },
          "eventdata": {
            "subjectUserName": "svc_reports",
            "newProcessName": "C:\\Program Files\\Git\\bin\\bash.exe",
            "parentProcessName": "C:\\Windows\\System32\\cmd.exe",
            "subjectDomainName": "INSIGHT",
            "subjectLogonId": "0x18aae"
          }
        }
      }
    }
  },
  {
    "_index": "wazuh-alerts-4.x-2025.10.09",
    "_id": "92d940bd-8576-410c-b256-077aa6183586",
    "_source": {
      "agent": {
        "ip": "172.16.10.20",
        "name": "FS01",
        "id": "003"
      },
      "manager": {
        "name": "ubuntu"
      },
      "location": "EventChannel",
      "decoder": {
        "name": "windows_eventchannel"
      },
      "timestamp": "2025-10-08T13:17:41.102140Z",
      "rule": {
        "firedtimes": 1,
        "mail": false,
        "level": 3,
        "description": "A process was created.",
        "groups": [
          "windows"
        ],
        "id": "67027"
      },
      "data": {
        "win": {
          "system": {
            "eventID": "4688",
            "systemTime": "2025-10-08T13:41:43.102140Z",
            "providerName": "Microsoft-Windows-Security-Auditing"
          },
          "eventdata": {
            "subjectUserName": "svc_reports",
            "newProcessName": "C:\\Windows\\System32\\notepad.exe",
            "parentProcessName": "C:\\Windows\\explorer.exe",
            "subjectDomainName": "INSIGHT",
            "subjectLogonId": "0x824d9"
          }
        }
      }
    }
  },
  {
    "_index": "wazuh-alerts-4.x-2025.10.09",
    "_id": "59209806-f175-4879-a559-0f8502447f6a",
    "_source": {
      "agent": {
        "ip": "172.16.10.20",
        "name": "FS01",
        "id": "003"
      },
      "manager": {
        "name": "ubuntu"
      },
      "location": "EventChannel",
      "decoder": {
        "name": "windows_eventchannel"
      },
      "timestamp": "2025-10-08T13:43:34.102140Z",
      "rule": {
        "firedtimes": 1,
        "mail": false,
        "level": 3,
        "description": "A process was created.",
        "groups": [
          "windows"
        ],
        "id": "67027"
      },
      "data": {
        "win": {
          "system": {
            "eventID": "4688",
            "systemTime": "2025-10-08T10:58:21.102140Z",
            "providerName": "Microsoft-Windows-Security-Auditing"
          },
          "eventdata": {
            "subjectUserName": "john",
            "newProcessName": "C:\\Windows\\System32\\notepad.exe",
            "parentProcessName": "C:\\Windows\\explorer.exe",
            "subjectDomainName": "INSIGHT",
            "subjectLogonId": "0x38256"
          }
        }
      }
    }
  },
  {
    "_index": "wazuh-alerts-4.x-2025.10.09",
    "_id": "7673bf56-e3d7-43da-aa03-f5e2fe80daae",
    "_source": {
      "agent": {
        "ip": "201.10.112.150",
        "name": "DEV-021",
        "id": "011"
      },
      "manager": {
        "name": "ubuntu"
      },
      "location": "EventChannel",
      "decoder": {
        "name": "windows_eventchannel"
      },
      "timestamp": "2025-10-09T07:32:36.102140Z",
      "rule": {
        "firedtimes": 1,
        "mail": false,
        "level": 3,
        "description": "A process was created.",
        "groups": [
          "windows"
        ],
        "id": "67027"
      },
      "data": {
        "win": {
          "system": {
            "eventID": "4688",
            "systemTime": "2025-10-08T09:18:41.102140Z",
            "providerName": "Microsoft-Windows-Security-Auditing"
          },
          "eventdata": {
            "subjectUserName": "david",
            "newProcessName": "C:\\Windows\\System32\\calc.exe",
            "parentProcessName": "C:\\Windows\\explorer.exe",
            "subjectDomainName": "INSIGHT",
            "subjectLogonId": "0x71e5b"
          }
        }
      }
    }
  },
  {
    "_index": "wazuh-alerts-4.x-2025.10.09",
    "_id": "91ae73d3-5f6d-4df0-8562-487341f2ee7d",
    "_source": {
      "agent": {
        "ip": "201.10.112.150",
        "name": "DEV-021",
        "id": "011"
      },
      "manager": {
        "name": "ubuntu"
      },
      "location": "EventChannel",
      "decoder": {
        "name": "windows_eventchannel"
      },
      "timestamp": "2025-10-09T02:20:40.102140Z",
      "rule": {
        "firedtimes": 1,
        "mail": false,
        "level": 3,
        "description": "A process was created.",
        "groups": [
          "windows"
        ],
        "id": "67027"
      },
      "data": {
        "win": {
          "system": {
            "eventID": "4688",
            "systemTime": "2025-10-08T20:21:32.102140Z",
            "providerName": "Microsoft-Windows-Security-Auditing"
          },
          "eventdata": {
            "subjectUserName": "svc_reports",
            "newProcessName": "C:\\Program Files\\Mozilla Firefox\\firefox.exe",
            "parentProcessName": "C:\\Windows\\explorer.exe",
            "subjectDomainName": "INSIGHT",
            "subjectLogonId": "0x31395"
          }
        }
      }
    }
  },
  {
    "_index": "wazuh-alerts-4.x-2025.10.09",
    "_id": "420a1115-1571-4631-989d-8d8aa5d0f64f",
    "_source": {
      "agent": {
        "ip": "172.16.10.20",
        "name": "FS01",
        "id": "003"
      },
      "manager": {
        "name": "ubuntu"
      },
      "location": "EventChannel",
      "decoder": {
        "name": "windows_eventchannel"
      },
      "timestamp": "2025-10-08T15:19:12.102140Z",
      "rule": {
        "firedtimes": 1,
        "mail": false,
        "level": 3,
        "description": "A process was created.",
        "groups": [
          "windows"
        ],
        "id": "67027"
      },
      "data": {
        "win": {
          "system": {
            "eventID": "4688",
            "systemTime": "2025-10-09T05:58:17.102140Z",
            "providerName": "Microsoft-Windows-Security-Auditing"
          },
          "eventdata": {
            "subjectUserName": "alice",
            "newProcessName": "C:\\Program Files\\Git\\bin\\bash.exe",
            "parentProcessName": "C:\\Windows\\System32\\cmd.exe",
            "subjectDomainName": "INSIGHT",
            "subjectLogonId": "0x6184c"
          }
        }
      }
    }
  },
  {
    "_index": "wazuh-alerts-4.x-2025.10.09",
    "_id": "0a321cb5-85dd-4564-abc1-364d73a36e54",
    "_source": {
      "agent": {
        "ip": "172.16.50.20",
        "name": "SRV-MANAGE01",
        "id": "002"
      },
      "manager": {
        "name": "ubuntu"
      },
      "location": "EventChannel",
      "decoder": {
        "name": "windows_eventchannel"
      },
      "timestamp": "2025-10-09T05:33:58.102140Z",
      "rule": {
        "firedtimes": 3,
        "mail": false,
        "level": 9,
        "description": "Large outbound HTTPS POST with filename diagnostics_data.zip",
        "groups": [
          "network",
          "exfiltration"
        ],
        "id": "90004"
      },
      "data": {
        "win": {
          "system": {
            "eventID": "3",
            "systemTime": "2025-10-09T08:08:41.102140Z",
            "providerName": "Microsoft-Windows-Sysmon/Operational"
          },
          "eventdata": {
            "image": "C:\\Users\\svc_deployer\\AppData\\Roaming\\updater.exe",
            "destinationIp": "93.184.216.34",
            "destinationPort": "443",
            "protocol": "tcp",
            "user": "insight\\svc_deployer",
            "details": "HTTP POST /upload diagnostics_data.zip"
          }
        }
      }
    }
  },
  {
    "_index": "wazuh-alerts-4.x-2025.10.09",
    "_id": "8a29f216-47f3-4c0d-8b72-ff80f6e4f008",
    "_source": {
      "agent": {
        "ip": "172.16.50.20",
        "name": "SRV-MANAGE01",
        "id": "002"
      },
      "manager": {
        "name": "ubuntu"
      },
      "location": "EventChannel",
      "decoder": {
        "name": "windows_eventchannel"
      },
      "timestamp": "2025-10-08T21:10:32.102140Z",
      "rule": {
        "firedtimes": 1,
        "mail": false,
        "level": 3,
        "description": "A process was created.",
        "groups": [
          "windows"
        ],
        "id": "67027"
      },
      "data": {
        "win": {
          "system": {
            "eventID": "4688",
            "systemTime": "2025-10-09T05:11:12.102140Z",
            "providerName": "Microsoft-Windows-Security-Auditing"
          },
          "eventdata": {
            "subjectUserName": "svc_reports",
            "newProcessName": "C:\\Program Files\\Mozilla Firefox\\firefox.exe",
            "parentProcessName": "C:\\Windows\\explorer.exe",
            "subjectDomainName": "INSIGHT",
            "subjectLogonId": "0x3d428"
          }
        }
      }
    }
  },
  {
    "_index": "wazuh-alerts-4.x-2025.10.09",
    "_id": "979e0b06-afe5-4d37-b173-f6b6d4dfed48",
    "_source": {
      "agent": {
        "ip": "172.16.10.20",
        "name": "FS01",
        "id": "003"
      },
      "manager": {
        "name": "ubuntu"
      },
      "location": "EventChannel",
      "decoder": {
        "name": "windows_eventchannel"
      },
      "timestamp": "2025-10-09T05:37:15.102140Z",
      "rule": {
        "firedtimes": 1,
        "mail": false,
        "level": 3,
        "description": "A process was created.",
        "groups": [
          "windows"
        ],
        "id": "67027"
      },
      "data": {
        "win": {
          "system": {
            "eventID": "4688",
            "systemTime": "2025-10-08T13:05:41.102140Z",
            "providerName": "Microsoft-Windows-Security-Auditing"
          },
          "eventdata": {
            "subjectUserName": "alice",
            "newProcessName": "C:\\Program Files\\Mozilla Firefox\\firefox.exe",
            "parentProcessName": "C:\\Windows\\explorer.exe",
            "subjectDomainName": "INSIGHT",
            "subjectLogonId": "0x16f91"
          }
        }
      }
    }
  },
  {
    "_index": "wazuh-alerts-4.x-2025.10.09",
    "_id": "fcba5916-98a7-4077-8648-32d876e1dc7b",
    "_source": {
      "agent": {
        "ip": "201.10.112.150",
        "name": "DEV-021",
        "id": "011"
      },
      "manager": {
        "name": "ubuntu"
      },
      "location": "EventChannel",
      "decoder": {
        "name": "windows_eventchannel"
      },
      "timestamp": "2025-10-08T20:14:37.102140Z",
      "rule": {
        "firedtimes": 1,
        "mail": false,
        "level": 3,
        "description": "A process was created.",
        "groups": [
          "windows"
        ],
        "id": "67027"
      },
      "data": {
        "win": {
          "system": {
            "eventID": "4688",
            "systemTime": "2025-10-09T02:51:22.102140Z",
            "providerName": "Microsoft-Windows-Security-Auditing"
          },
          "eventdata": {
            "subjectUserName": "david",
            "newProcessName": "C:\\Windows\\System32\\calc.exe",
            "parentProcessName": "C:\\Windows\\explorer.exe",
            "subjectDomainName": "INSIGHT",
            "subjectLogonId": "0x25df7"
          }
        }
      }
    }
  },
  {
    "_index": "wazuh-alerts-4.x-2025.10.09",
    "_id": "b5ec6d0f-7cd2-4664-be70-da348d4e3bdb",
    "_source": {
      "agent": {
        "ip": "201.10.112.150",
        "name": "DEV-021",
        "id": "011"
      },
      "manager": {
        "name": "ubuntu"
      },
      "location": "EventChannel",
      "decoder": {
        "name": "windows_eventchannel"
      },
      "timestamp": "2025-10-08T22:36:10.102140Z",
      "rule": {
        "firedtimes": 1,
        "mail": false,
        "level": 3,
        "description": "A process was created.",
        "groups": [
          "windows"
        ],
        "id": "67027"
      },
      "data": {
        "win": {
          "system": {
            "eventID": "4688",
            "systemTime": "2025-10-09T02:58:16.102140Z",
            "providerName": "Microsoft-Windows-Security-Auditing"
          },
          "eventdata": {
            "subjectUserName": "alice",
            "newProcessName": "C:\\Program Files\\Mozilla Firefox\\firefox.exe",
            "parentProcessName": "C:\\Windows\\explorer.exe",
            "subjectDomainName": "INSIGHT",
            "subjectLogonId": "0x2da9a"
          }
        }
      }
    }
  },
  {
    "_index": "wazuh-alerts-4.x-2025.10.09",
    "_id": "dd2c3207-1a38-4066-927c-e6f75413004a",
    "_source": {
      "agent": {
        "ip": "172.16.50.20",
        "name": "SRV-MANAGE01",
        "id": "002"
      },
      "manager": {
        "name": "ubuntu"
      },
      "location": "EventChannel",
      "decoder": {
        "name": "windows_eventchannel"
      },
      "timestamp": "2025-10-08T14:37:08.102140Z",
      "rule": {
        "firedtimes": 1,
        "mail": false,
        "level": 3,
        "description": "A process was created.",
        "groups": [
          "windows"
        ],
        "id": "67027"
      },
      "data": {
        "win": {
          "system": {
            "eventID": "4688",
            "systemTime": "2025-10-08T12:47:31.102140Z",
            "providerName": "Microsoft-Windows-Security-Auditing"
          },
          "eventdata": {
            "subjectUserName": "john",
            "newProcessName": "C:\\Windows\\System32\\notepad.exe",
            "parentProcessName": "C:\\Windows\\explorer.exe",
            "subjectDomainName": "INSIGHT",
            "subjectLogonId": "0x4d648"
          }
        }
      }
    }
  },
  {
    "_index": "wazuh-alerts-4.x-2025.10.09",
    "_id": "92732462-1eca-4872-a1b1-fab360557c99",
    "_source": {
      "agent": {
        "ip": "172.16.50.20",
        "name": "SRV-MANAGE01",
        "id": "002"
      },
      "manager": {
        "name": "ubuntu"
      },
      "location": "EventChannel",
      "decoder": {
        "name": "windows_eventchannel"
      },
      "timestamp": "2025-10-08T09:14:20.102140Z",
      "rule": {
        "firedtimes": 1,
        "mail": false,
        "level": 3,
        "description": "A process was created.",
        "groups": [
          "windows"
        ],
        "id": "67027"
      },
      "data": {
        "win": {
          "system": {
            "eventID": "4688",
            "systemTime": "2025-10-09T05:24:02.102140Z",
            "providerName": "Microsoft-Windows-Security-Auditing"
          },
          "eventdata": {
            "subjectUserName": "svc_reports",
            "newProcessName": "C:\\Program Files\\Mozilla Firefox\\firefox.exe",
            "parentProcessName": "C:\\Windows\\explorer.exe",
            "subjectDomainName": "INSIGHT",
            "subjectLogonId": "0x24eaf"
          }
        }
      }
    }
  },
  {
    "_index": "wazuh-alerts-4.x-2025.10.09",
    "_id": "d3764535-7972-4b15-bc3d-b405acc6bdb7",
    "_source": {
      "agent": {
        "ip": "201.10.112.150",
        "name": "DEV-021",
        "id": "011"
      },
      "manager": {
        "name": "ubuntu"
      },
      "location": "EventChannel",
      "decoder": {
        "name": "windows_eventchannel"
      },
      "timestamp": "2025-10-08T13:27:16.102140Z",
      "rule": {
        "firedtimes": 1,
        "mail": false,
        "level": 3,
        "description": "A process was created.",
        "groups": [
          "windows"
        ],
        "id": "67027"
      },
      "data": {
        "win": {
          "system": {
            "eventID": "4688",
            "systemTime": "2025-10-09T03:51:08.102140Z",
            "providerName": "Microsoft-Windows-Security-Auditing"
          },
          "eventdata": {
            "subjectUserName": "david",
            "newProcessName": "C:\\Program Files\\Mozilla Firefox\\firefox.exe",
            "parentProcessName": "C:\\Windows\\explorer.exe",
            "subjectDomainName": "INSIGHT",
            "subjectLogonId": "0x16af7"
          }
        }
      }
    }
  },
  {
    "_index": "wazuh-alerts-4.x-2025.10.09",
    "_id": "8fa0fe3b-c8d7-48a8-9ac3-6cfed09992ee",
    "_source": {
      "agent": {
        "ip": "172.16.50.20",
        "name": "SRV-MANAGE01",
        "id": "002"
      },
      "manager": {
        "name": "ubuntu"
      },
      "location": "EventChannel",
      "decoder": {
        "name": "windows_eventchannel"
      },
      "timestamp": "2025-10-09T00:26:58.102140Z",
      "rule": {
        "firedtimes": 1,
        "mail": false,
        "level": 3,
        "description": "A process was created.",
        "groups": [
          "windows"
        ],
        "id": "67027"
      },
      "data": {
        "win": {
          "system": {
            "eventID": "4688",
            "systemTime": "2025-10-08T12:54:21.102140Z",
            "providerName": "Microsoft-Windows-Security-Auditing"
          },
          "eventdata": {
            "subjectUserName": "david",
            "newProcessName": "C:\\Program Files\\Git\\bin\\bash.exe",
            "parentProcessName": "C:\\Windows\\System32\\cmd.exe",
            "subjectDomainName": "INSIGHT",
            "subjectLogonId": "0x106b7"
          }
        }
      }
    }
  },
  {
    "_index": "wazuh-alerts-4.x-2025.10.09",
    "_id": "d442bbb8-78af-425a-8fd5-88ea878057a7",
    "_source": {
      "agent": {
        "ip": "201.10.112.150",
        "name": "DEV-021",
        "id": "011"
      },
      "manager": {
        "name": "ubuntu"
      },
      "location": "EventChannel",
      "decoder": {
        "name": "windows_eventchannel"
      },
      "timestamp": "2025-10-09T06:13:14.102140Z",
      "rule": {
        "firedtimes": 1,
        "mail": false,
        "level": 3,
        "description": "A process was created.",
        "groups": [
          "windows"
        ],
        "id": "67027"
      },
      "data": {
        "win": {
          "system": {
            "eventID": "4688",
            "systemTime": "2025-10-08T15:57:08.102140Z",
            "providerName": "Microsoft-Windows-Security-Auditing"
          },
          "eventdata": {
            "subjectUserName": "svc_reports",
            "newProcessName": "C:\\Windows\\System32\\calc.exe",
            "parentProcessName": "C:\\Windows\\explorer.exe",
            "subjectDomainName": "INSIGHT",
            "subjectLogonId": "0x96e45"
          }
        }
      }
    }
  },
  {
    "_index": "wazuh-alerts-4.x-2025.10.09",
    "_id": "e49319e5-2171-4259-b12c-6fbd088a1052",
    "_source": {
      "agent": {
        "ip": "172.16.10.20",
        "name": "FS01",
        "id": "003"
      },
      "manager": {
        "name": "ubuntu"
      },
      "location": "EventChannel",
      "decoder": {
        "name": "windows_eventchannel"
      },
      "timestamp": "2025-10-09T04:42:16.102140Z",
      "rule": {
        "firedtimes": 1,
        "mail": false,
        "level": 3,
        "description": "A process was created.",
        "groups": [
          "windows"
        ],
        "id": "67027"
      },
      "data": {
        "win": {
          "system": {
            "eventID": "4688",
            "systemTime": "2025-10-09T04:41:11.102140Z",
            "providerName": "Microsoft-Windows-Security-Auditing"
          },
          "eventdata": {
            "subjectUserName": "alice",
            "newProcessName": "C:\\Windows\\System32\\calc.exe",
            "parentProcessName": "C:\\Windows\\explorer.exe",
            "subjectDomainName": "INSIGHT",
            "subjectLogonId": "0x88f5a"
          }
        }
      }
    }
  },
  {
    "_index": "wazuh-alerts-4.x-2025.10.09",
    "_id": "3f687b71-10c0-4b58-a649-28e32b7c1e4f",
    "_source": {
      "agent": {
        "ip": "172.16.50.20",
        "name": "SRV-MANAGE01",
        "id": "002"
      },
      "manager": {
        "name": "ubuntu"
      },
      "location": "EventChannel",
      "decoder": {
        "name": "windows_eventchannel"
      },
      "timestamp": "2025-10-09T03:05:49.102140Z",
      "rule": {
        "firedtimes": 1,
        "mail": false,
        "level": 3,
        "description": "A process was created.",
        "groups": [
          "windows"
        ],
        "id": "67027"
      },
      "data": {
        "win": {
          "system": {
            "eventID": "4688",
            "systemTime": "2025-10-09T03:00:20.102140Z",
            "providerName": "Microsoft-Windows-Security-Auditing"
          },
          "eventdata": {
            "subjectUserName": "alice",
            "newProcessName": "C:\\Windows\\System32\\calc.exe",
            "parentProcessName": "C:\\Windows\\explorer.exe",
            "subjectDomainName": "INSIGHT",
            "subjectLogonId": "0x907af"
          }
        }
      }
    }
  },
  {
    "_index": "wazuh-alerts-4.x-2025.10.09",
    "_id": "3736eaf2-251d-41c8-ae8c-2630d08a4d0f",
    "_source": {
      "agent": {
        "ip": "172.16.200.50",
        "name": "SCDC01",
        "id": "005"
      },
      "manager": {
        "name": "ubuntu"
      },
      "location": "EventChannel",
      "decoder": {
        "name": "windows_eventchannel"
      },
      "timestamp": "2025-10-09T04:51:46.102140Z",
      "rule": {
        "firedtimes": 1,
        "mail": false,
        "level": 3,
        "description": "A process was created.",
        "groups": [
          "windows"
        ],
        "id": "67027"
      },
      "data": {
        "win": {
          "system": {
            "eventID": "4688",
            "systemTime": "2025-10-09T00:45:08.102140Z",
            "providerName": "Microsoft-Windows-Security-Auditing"
          },
          "eventdata": {
            "subjectUserName": "alice",
            "newProcessName": "C:\\Windows\\System32\\calc.exe",
            "parentProcessName": "C:\\Windows\\explorer.exe",
            "subjectDomainName": "INSIGHT",
            "subjectLogonId": "0x387a1"
          }
        }
      }
    }
  },
  {
    "_index": "wazuh-alerts-4.x-2025.10.09",
    "_id": "8233719a-a6e4-4b12-8be7-e26f4c6cddb1",
    "_source": {
      "agent": {
        "ip": "172.16.10.20",
        "name": "FS01",
        "id": "003"
      },
      "manager": {
        "name": "ubuntu"
      },
      "location": "EventChannel",
      "decoder": {
        "name": "windows_eventchannel"
      },
      "timestamp": "2025-10-08T15:17:24.102140Z",
      "rule": {
        "firedtimes": 1,
        "mail": false,
        "level": 3,
        "description": "A process was created.",
        "groups": [
          "windows"
        ],
        "id": "67027"
      },
      "data": {
        "win": {
          "system": {
            "eventID": "4688",
            "systemTime": "2025-10-08T20:33:43.102140Z",
            "providerName": "Microsoft-Windows-Security-Auditing"
          },
          "eventdata": {
            "subjectUserName": "alice",
            "newProcessName": "C:\\Windows\\System32\\notepad.exe",
            "parentProcessName": "C:\\Windows\\explorer.exe",
            "subjectDomainName": "INSIGHT",
            "subjectLogonId": "0x5e905"
          }
        }
      }
    }
  },
  {
    "_index": "wazuh-alerts-4.x-2025.10.09",
    "_id": "bec914b6-3647-4d1d-a4c7-65cf1a46717f",
    "_source": {
      "agent": {
        "ip": "172.16.10.20",
        "name": "FS01",
        "id": "003"
      },
      "manager": {
        "name": "ubuntu"
      },
      "location": "EventChannel",
      "decoder": {
        "name": "windows_eventchannel"
      },
      "timestamp": "2025-10-08T20:23:57.102140Z",
      "rule": {
        "firedtimes": 1,
        "mail": false,
        "level": 3,
        "description": "A process was created.",
        "groups": [
          "windows"
        ],
        "id": "67027"
      },
      "data": {
        "win": {
          "system": {
            "eventID": "4688",
            "systemTime": "2025-10-08T16:01:33.102140Z",
            "providerName": "Microsoft-Windows-Security-Auditing"
          },
          "eventdata": {
            "subjectUserName": "svc_reports",
            "newProcessName": "C:\\Windows\\System32\\calc.exe",
            "parentProcessName": "C:\\Windows\\explorer.exe",
            "subjectDomainName": "INSIGHT",
            "subjectLogonId": "0x8d28d"
          }
        }
      }
    }
  },
  {
    "_index": "wazuh-alerts-4.x-2025.10.09",
    "_id": "9c5bf565-5737-4472-a80c-830f19be699f",
    "_source": {
      "agent": {
        "ip": "172.16.30.17",
        "name": "DB01",
        "id": "010"
      },
      "manager": {
        "name": "ubuntu"
      },
      "location": "EventChannel",
      "decoder": {
        "name": "windows_eventchannel"
      },
      "timestamp": "2025-10-09T08:02:29.102140Z",
      "rule": {
        "firedtimes": 1,
        "mail": false,
        "level": 3,
        "description": "A process was created.",
        "groups": [
          "windows"
        ],
        "id": "67027"
      },
      "data": {
        "win": {
          "system": {
            "eventID": "4688",
            "systemTime": "2025-10-09T04:59:16.102140Z",
            "providerName": "Microsoft-Windows-Security-Auditing"
          },
          "eventdata": {
            "subjectUserName": "alice",
            "newProcessName": "C:\\Windows\\System32\\notepad.exe",
            "parentProcessName": "C:\\Windows\\explorer.exe",
            "subjectDomainName": "INSIGHT",
            "subjectLogonId": "0x3b50e"
          }
        }
      }
    }
  },
  {
    "_index": "wazuh-alerts-4.x-2025.10.09",
    "_id": "1c3698b1-868e-4a38-82af-7775a28ce4e2",
    "_source": {
      "agent": {
        "ip": "172.16.30.17",
        "name": "DB01",
        "id": "010"
      },
      "manager": {
        "name": "ubuntu"
      },
      "location": "EventChannel",
      "decoder": {
        "name": "windows_eventchannel"
      },
      "timestamp": "2025-10-09T04:54:07.102140Z",
      "rule": {
        "firedtimes": 1,
        "mail": false,
        "level": 3,
        "description": "A process was created.",
        "groups": [
          "windows"
        ],
        "id": "67027"
      },
      "data": {
        "win": {
          "system": {
            "eventID": "4688",
            "systemTime": "2025-10-08T12:31:46.102140Z",
            "providerName": "Microsoft-Windows-Security-Auditing"
          },
          "eventdata": {
            "subjectUserName": "david",
            "newProcessName": "C:\\Windows\\System32\\notepad.exe",
            "parentProcessName": "C:\\Windows\\explorer.exe",
            "subjectDomainName": "INSIGHT",
            "subjectLogonId": "0x909f5"
          }
        }
      }
    }
  },
  {
    "_index": "wazuh-alerts-4.x-2025.10.09",
    "_id": "72270595-2625-4f6c-b2f7-6c7bbe37311b",
    "_source": {
      "agent": {
        "ip": "172.16.200.50",
        "name": "SCDC01",
        "id": "005"
      },
      "manager": {
        "name": "ubuntu"
      },
      "location": "EventChannel",
      "decoder": {
        "name": "windows_eventchannel"
      },
      "timestamp": "2025-10-08T18:28:37.102140Z",
      "rule": {
        "firedtimes": 1,
        "mail": false,
        "level": 3,
        "description": "A process was created.",
        "groups": [
          "windows"
        ],
        "id": "67027"
      },
      "data": {
        "win": {
          "system": {
            "eventID": "4688",
            "systemTime": "2025-10-08T11:36:36.102140Z",
            "providerName": "Microsoft-Windows-Security-Auditing"
          },
          "eventdata": {
            "subjectUserName": "alice",
            "newProcessName": "C:\\Program Files\\Mozilla Firefox\\firefox.exe",
            "parentProcessName": "C:\\Windows\\explorer.exe",
            "subjectDomainName": "INSIGHT",
            "subjectLogonId": "0x6143d"
          }
        }
      }
    }
  },
  {
    "_index": "wazuh-alerts-4.x-2025.10.09",
    "_id": "83b549c9-711c-41bd-a365-fb37bd94f9b2",
    "_source": {
      "agent": {
        "ip": "172.16.10.20",
        "name": "FS01",
        "id": "003"
      },
      "manager": {
        "name": "ubuntu"
      },
      "location": "EventChannel",
      "decoder": {
        "name": "windows_eventchannel"
      },
      "timestamp": "2025-10-09T01:13:35.102140Z",
      "rule": {
        "firedtimes": 1,
        "mail": false,
        "level": 3,
        "description": "A process was created.",
        "groups": [
          "windows"
        ],
        "id": "67027"
      },
      "data": {
        "win": {
          "system": {
            "eventID": "4688",
            "systemTime": "2025-10-08T12:20:30.102140Z",
            "providerName": "Microsoft-Windows-Security-Auditing"
          },
          "eventdata": {
            "subjectUserName": "john",
            "newProcessName": "C:\\Windows\\System32\\notepad.exe",
            "parentProcessName": "C:\\Windows\\explorer.exe",
            "subjectDomainName": "INSIGHT",
            "subjectLogonId": "0x5d380"
          }
        }
      }
    }
  },
  {
    "_index": "wazuh-alerts-4.x-2025.10.09",
    "_id": "1f93b44d-09cb-4202-819d-d7ab98a36f58",
    "_source": {
      "agent": {
        "ip": "201.10.112.150",
        "name": "DEV-021",
        "id": "011"
      },
      "manager": {
        "name": "ubuntu"
      },
      "location": "EventChannel",
      "decoder": {
        "name": "windows_eventchannel"
      },
      "timestamp": "2025-10-09T06:53:03.102140Z",
      "rule": {
        "firedtimes": 1,
        "mail": false,
        "level": 3,
        "description": "A process was created.",
        "groups": [
          "windows"
        ],
        "id": "67027"
      },
      "data": {
        "win": {
          "system": {
            "eventID": "4688",
            "systemTime": "2025-10-09T04:38:19.102140Z",
            "providerName": "Microsoft-Windows-Security-Auditing"
          },
          "eventdata": {
            "subjectUserName": "svc_reports",
            "newProcessName": "C:\\Program Files\\Git\\bin\\bash.exe",
            "parentProcessName": "C:\\Windows\\System32\\cmd.exe",
            "subjectDomainName": "INSIGHT",
            "subjectLogonId": "0x3b774"
          }
        }
      }
    }
  },
  {
    "_index": "wazuh-alerts-4.x-2025.10.09",
    "_id": "53eae113-8cec-4ade-bcf9-51979ea8b4af",
    "_source": {
      "agent": {
        "ip": "172.16.200.50",
        "name": "SCDC01",
        "id": "005"
      },
      "manager": {
        "name": "ubuntu"
      },
      "location": "EventChannel",
      "decoder": {
        "name": "windows_eventchannel"
      },
      "timestamp": "2025-10-08T18:44:53.102140Z",
      "rule": {
        "firedtimes": 1,
        "mail": false,
        "level": 3,
        "description": "A process was created.",
        "groups": [
          "windows"
        ],
        "id": "67027"
      },
      "data": {
        "win": {
          "system": {
            "eventID": "4688",
            "systemTime": "2025-10-09T04:35:04.102140Z",
            "providerName": "Microsoft-Windows-Security-Auditing"
          },
          "eventdata": {
            "subjectUserName": "david",
            "newProcessName": "C:\\Windows\\System32\\calc.exe",
            "parentProcessName": "C:\\Windows\\explorer.exe",
            "subjectDomainName": "INSIGHT",
            "subjectLogonId": "0x35d6a"
          }
        }
      }
    }
  },
  {
    "_index": "wazuh-alerts-4.x-2025.10.09",
    "_id": "7d754818-1aac-43c7-8646-174b4a153e34",
    "_source": {
      "agent": {
        "ip": "201.10.112.150",
        "name": "DEV-021",
        "id": "011"
      },
      "manager": {
        "name": "ubuntu"
      },
      "location": "EventChannel",
      "decoder": {
        "name": "windows_eventchannel"
      },
      "timestamp": "2025-10-08T16:50:50.102140Z",
      "rule": {
        "firedtimes": 1,
        "mail": false,
        "level": 3,
        "description": "A process was created.",
        "groups": [
          "windows"
        ],
        "id": "67027"
      },
      "data": {
        "win": {
          "system": {
            "eventID": "4688",
            "systemTime": "2025-10-09T02:09:24.102140Z",
            "providerName": "Microsoft-Windows-Security-Auditing"
          },
          "eventdata": {
            "subjectUserName": "alice",
            "newProcessName": "C:\\Windows\\System32\\notepad.exe",
            "parentProcessName": "C:\\Windows\\explorer.exe",
            "subjectDomainName": "INSIGHT",
            "subjectLogonId": "0x63403"
          }
        }
      }
    }
  },
  {
    "_index": "wazuh-alerts-4.x-2025.10.09",
    "_id": "44b1aac1-d746-4a01-8ea2-d8afd42f692e",
    "_source": {
      "agent": {
        "ip": "172.16.10.20",
        "name": "FS01",
        "id": "003"
      },
      "manager": {
        "name": "ubuntu"
      },
      "location": "EventChannel",
      "decoder": {
        "name": "windows_eventchannel"
      },
      "timestamp": "2025-10-08T15:09:36.102140Z",
      "rule": {
        "firedtimes": 1,
        "mail": false,
        "level": 3,
        "description": "A process was created.",
        "groups": [
          "windows"
        ],
        "id": "67027"
      },
      "data": {
        "win": {
          "system": {
            "eventID": "4688",
            "systemTime": "2025-10-08T18:18:05.102140Z",
            "providerName": "Microsoft-Windows-Security-Auditing"
          },
          "eventdata": {
            "subjectUserName": "david",
            "newProcessName": "C:\\Windows\\System32\\notepad.exe",
            "parentProcessName": "C:\\Windows\\explorer.exe",
            "subjectDomainName": "INSIGHT",
            "subjectLogonId": "0x3509b"
          }
        }
      }
    }
  },
  {
    "_index": "wazuh-alerts-4.x-2025.10.09",
    "_id": "c732fd3c-2bc2-4663-9f94-6c1907e52b6a",
    "_source": {
      "agent": {
        "ip": "172.16.50.20",
        "name": "SRV-MANAGE01",
        "id": "002"
      },
      "manager": {
        "name": "ubuntu"
      },
      "location": "EventChannel",
      "decoder": {
        "name": "windows_eventchannel"
      },
      "timestamp": "2025-10-09T03:51:57.102140Z",
      "rule": {
        "firedtimes": 1,
        "mail": false,
        "level": 3,
        "description": "A process was created.",
        "groups": [
          "windows"
        ],
        "id": "67027"
      },
      "data": {
        "win": {
          "system": {
            "eventID": "4688",
            "systemTime": "2025-10-08T18:58:09.102140Z",
            "providerName": "Microsoft-Windows-Security-Auditing"
          },
          "eventdata": {
            "subjectUserName": "alice",
            "newProcessName": "C:\\Windows\\System32\\notepad.exe",
            "parentProcessName": "C:\\Windows\\explorer.exe",
            "subjectDomainName": "INSIGHT",
            "subjectLogonId": "0x698e8"
          }
        }
      }
    }
  },
  {
    "_index": "wazuh-alerts-4.x-2025.10.09",
    "_id": "b213384b-f7b0-4d00-8672-2484bb1d44c5",
    "_source": {
      "agent": {
        "ip": "172.16.30.17",
        "name": "DB01",
        "id": "010"
      },
      "manager": {
        "name": "ubuntu"
      },
      "location": "EventChannel",
      "decoder": {
        "name": "windows_eventchannel"
      },
      "timestamp": "2025-10-08T22:08:45.102140Z",
      "rule": {
        "firedtimes": 1,
        "mail": false,
        "level": 3,
        "description": "A process was created.",
        "groups": [
          "windows"
        ],
        "id": "67027"
      },
      "data": {
        "win": {
          "system": {
            "eventID": "4688",
            "systemTime": "2025-10-09T00:39:13.102140Z",
            "providerName": "Microsoft-Windows-Security-Auditing"
          },
          "eventdata": {
            "subjectUserName": "svc_reports",
            "newProcessName": "C:\\Windows\\System32\\calc.exe",
            "parentProcessName": "C:\\Windows\\explorer.exe",
            "subjectDomainName": "INSIGHT",
            "subjectLogonId": "0x61d9e"
          }
        }
      }
    }
  },
  {
    "_index": "wazuh-alerts-4.x-2025.10.09",
    "_id": "5ea3b97e-e566-46d7-9bf8-9947c76f8a2a",
    "_source": {
      "agent": {
        "ip": "172.16.30.17",
        "name": "DB01",
        "id": "010"
      },
      "manager": {
        "name": "ubuntu"
      },
      "location": "EventChannel",
      "decoder": {
        "name": "windows_eventchannel"
      },
      "timestamp": "2025-10-08T10:39:02.102140Z",
      "rule": {
        "firedtimes": 1,
        "mail": false,
        "level": 3,
        "description": "A process was created.",
        "groups": [
          "windows"
        ],
        "id": "67027"
      },
      "data": {
        "win": {
          "system": {
            "eventID": "4688",
            "systemTime": "2025-10-08T08:46:52.102140Z",
            "providerName": "Microsoft-Windows-Security-Auditing"
          },
          "eventdata": {
            "subjectUserName": "david",
            "newProcessName": "C:\\Program Files\\Git\\bin\\bash.exe",
            "parentProcessName": "C:\\Windows\\System32\\cmd.exe",
            "subjectDomainName": "INSIGHT",
            "subjectLogonId": "0x6718f"
          }
        }
      }
    }
  },
  {
    "_index": "wazuh-alerts-4.x-2025.10.09",
    "_id": "4ca79490-e0bf-4064-9599-2986be3a32fe",
    "_source": {
      "agent": {
        "ip": "201.10.112.150",
        "name": "DEV-021",
        "id": "011"
      },
      "manager": {
        "name": "ubuntu"
      },
      "location": "EventChannel",
      "decoder": {
        "name": "windows_eventchannel"
      },
      "timestamp": "2025-10-08T14:12:16.102140Z",
      "rule": {
        "firedtimes": 1,
        "mail": false,
        "level": 3,
        "description": "A process was created.",
        "groups": [
          "windows"
        ],
        "id": "67027"
      },
      "data": {
        "win": {
          "system": {
            "eventID": "4688",
            "systemTime": "2025-10-08T16:26:44.102140Z",
            "providerName": "Microsoft-Windows-Security-Auditing"
          },
          "eventdata": {
            "subjectUserName": "alice",
            "newProcessName": "C:\\Program Files\\Mozilla Firefox\\firefox.exe",
            "parentProcessName": "C:\\Windows\\explorer.exe",
            "subjectDomainName": "INSIGHT",
            "subjectLogonId": "0x6e4c7"
          }
        }
      }
    }
  },
  {
    "_index": "wazuh-alerts-4.x-2025.10.09",
    "_id": "609e3edb-7c01-4cf2-9b48-3e10d58afdd6",
    "_source": {
      "agent": {
        "ip": "172.16.30.17",
        "name": "DB01",
        "id": "010"
      },
      "manager": {
        "name": "ubuntu"
      },
      "location": "EventChannel",
      "decoder": {
        "name": "windows_eventchannel"
      },
      "timestamp": "2025-10-09T04:28:42.102140Z",
      "rule": {
        "firedtimes": 1,
        "mail": false,
        "level": 8,
        "description": "New Windows service installed",
        "groups": [
          "service",
          "persistence"
        ],
        "id": "90008"
      },
      "data": {
        "win": {
          "system": {
            "eventID": "7045",
            "systemTime": "2025-10-09T08:10:11.102140Z",
            "providerName": "Service Control Manager"
          },
          "eventdata": {
            "serviceName": "PSEXESVC",
            "imagePath": "C:\\Windows\\PSEXESVC.exe",
            "user": "SYSTEM",
            "message": "A service was installed to start from Windows root path"
          }
        }
      }
    }
  },
