  {
    "_index": "wazuh-alerts-4.x-2025.10.09",
    "_id": "d49024e9-9311-48dd-82b4-8453d3ca7f7e",
    "_source": {
      "agent": {
        "ip": "201.10.112.150",
        "name": "DEV-021",
        "id": "011"
      },
      "manager": {
        "name": "ubuntu"
      },
      "location": "EventChannel",
      "decoder": {
        "name": "windows_eventchannel"
      },
      "timestamp": "2025-10-08T22:25:40.102140Z",
      "rule": {
        "firedtimes": 1,
        "mail": false,
        "level": 3,
        "description": "A process was created.",
        "groups": [
          "windows"
        ],
        "id": "67027"
      },
      "data": {
        "win": {
          "system": {
            "eventID": "4688",
            "systemTime": "2025-10-08T09:09:24.102140Z",
            "providerName": "Microsoft-Windows-Security-Auditing"
          },
          "eventdata": {
            "subjectUserName": "svc_reports",
            "newProcessName": "C:\\Program Files\\Git\\bin\\bash.exe",
            "parentProcessName": "C:\\Windows\\System32\\cmd.exe",
            "subjectDomainName": "INSIGHT",
            "subjectLogonId": "0x42aa8"
          }
        }
      }
    }
  },
  {
    "_index": "wazuh-alerts-4.x-2025.10.09",
    "_id": "7a758d41-e242-4ac2-be35-fd3f35accc73",
    "_source": {
      "agent": {
        "ip": "172.16.50.20",
        "name": "SRV-MANAGE01",
        "id": "002"
      },
      "manager": {
        "name": "ubuntu"
      },
      "location": "EventChannel",
      "decoder": {
        "name": "windows_eventchannel"
      },
      "timestamp": "2025-10-08T13:54:47.102140Z",
      "rule": {
        "firedtimes": 1,
        "mail": false,
        "level": 3,
        "description": "A process was created.",
        "groups": [
          "windows"
        ],
        "id": "67027"
      },
      "data": {
        "win": {
          "system": {
            "eventID": "4688",
            "systemTime": "2025-10-08T18:52:40.102140Z",
            "providerName": "Microsoft-Windows-Security-Auditing"
          },
          "eventdata": {
            "subjectUserName": "alice",
            "newProcessName": "C:\\Windows\\System32\\calc.exe",
            "parentProcessName": "C:\\Windows\\explorer.exe",
            "subjectDomainName": "INSIGHT",
            "subjectLogonId": "0x8e634"
          }
        }
      }
    }
  },
  {
    "_index": "wazuh-alerts-4.x-2025.10.09",
    "_id": "0b8c83b6-926d-4343-8505-2a23476f768b",
    "_source": {
      "agent": {
        "ip": "172.16.50.20",
        "name": "SRV-MANAGE01",
        "id": "002"
      },
      "manager": {
        "name": "ubuntu"
      },
      "location": "EventChannel",
      "decoder": {
        "name": "windows_eventchannel"
      },
      "timestamp": "2025-10-08T17:55:26.102140Z",
      "rule": {
        "firedtimes": 1,
        "mail": false,
        "level": 3,
        "description": "A process was created.",
        "groups": [
          "windows"
        ],
        "id": "67027"
      },
      "data": {
        "win": {
          "system": {
            "eventID": "4688",
            "systemTime": "2025-10-08T17:53:11.102140Z",
            "providerName": "Microsoft-Windows-Security-Auditing"
          },
          "eventdata": {
            "subjectUserName": "john",
            "newProcessName": "C:\\Windows\\System32\\calc.exe",
            "parentProcessName": "C:\\Windows\\explorer.exe",
            "subjectDomainName": "INSIGHT",
            "subjectLogonId": "0x8ed5a"
          }
        }
      }
    }
  },
  {
    "_index": "wazuh-alerts-4.x-2025.10.09",
    "_id": "bb5d2fe8-7954-48b5-82e2-437f87e5d978",
    "_source": {
      "agent": {
        "ip": "172.16.30.17",
        "name": "DB01",
        "id": "010"
      },
      "manager": {
        "name": "ubuntu"
      },
      "location": "EventChannel",
      "decoder": {
        "name": "windows_eventchannel"
      },
      "timestamp": "2025-10-08T08:47:45.102140Z",
      "rule": {
        "firedtimes": 1,
        "mail": false,
        "level": 3,
        "description": "A process was created.",
        "groups": [
          "windows"
        ],
        "id": "67027"
      },
      "data": {
        "win": {
          "system": {
            "eventID": "4688",
            "systemTime": "2025-10-08T21:40:50.102140Z",
            "providerName": "Microsoft-Windows-Security-Auditing"
          },
          "eventdata": {
            "subjectUserName": "john",
            "newProcessName": "C:\\Program Files\\Mozilla Firefox\\firefox.exe",
            "parentProcessName": "C:\\Windows\\explorer.exe",
            "subjectDomainName": "INSIGHT",
            "subjectLogonId": "0x83b92"
          }
        }
      }
    }
  },
  {
    "_index": "wazuh-alerts-4.x-2025.10.09",
    "_id": "62f46b02-13ba-4d43-8b31-fdcddd203193",
    "_source": {
      "agent": {
        "ip": "201.10.112.150",
        "name": "DEV-021",
        "id": "011"
      },
      "manager": {
        "name": "ubuntu"
      },
      "location": "EventChannel",
      "decoder": {
        "name": "windows_eventchannel"
      },
      "timestamp": "2025-10-09T00:05:32.102140Z",
      "rule": {
        "firedtimes": 1,
        "mail": false,
        "level": 3,
        "description": "A process was created.",
        "groups": [
          "windows"
        ],
        "id": "67027"
      },
      "data": {
        "win": {
          "system": {
            "eventID": "4688",
            "systemTime": "2025-10-08T21:37:02.102140Z",
            "providerName": "Microsoft-Windows-Security-Auditing"
          },
          "eventdata": {
            "subjectUserName": "john",
            "newProcessName": "C:\\Program Files\\Git\\bin\\bash.exe",
            "parentProcessName": "C:\\Windows\\System32\\cmd.exe",
            "subjectDomainName": "INSIGHT",
            "subjectLogonId": "0x4c94a"
          }
        }
      }
    }
  },
  {
    "_index": "wazuh-alerts-4.x-2025.10.09",
    "_id": "d40d9859-72a7-4a3f-88b3-c4e3580e93e7",
    "_source": {
      "agent": {
        "ip": "172.16.50.20",
        "name": "SRV-MANAGE01",
        "id": "002"
      },
      "manager": {
        "name": "ubuntu"
      },
      "location": "EventChannel",
      "decoder": {
        "name": "windows_eventchannel"
      },
      "timestamp": "2025-10-08T12:38:03.102140Z",
      "rule": {
        "firedtimes": 1,
        "mail": false,
        "level": 3,
        "description": "A process was created.",
        "groups": [
          "windows"
        ],
        "id": "67027"
      },
      "data": {
        "win": {
          "system": {
            "eventID": "4688",
            "systemTime": "2025-10-08T19:46:47.102140Z",
            "providerName": "Microsoft-Windows-Security-Auditing"
          },
          "eventdata": {
            "subjectUserName": "john",
            "newProcessName": "C:\\Windows\\System32\\notepad.exe",
            "parentProcessName": "C:\\Windows\\explorer.exe",
            "subjectDomainName": "INSIGHT",
            "subjectLogonId": "0x92d76"
          }
        }
      }
    }
  },
  {
    "_index": "wazuh-alerts-4.x-2025.10.09",
    "_id": "af49068e-30fb-406b-8ab5-2371a335b7d8",
    "_source": {
      "agent": {
        "ip": "172.16.50.20",
        "name": "SRV-MANAGE01",
        "id": "002"
      },
      "manager": {
        "name": "ubuntu"
      },
      "location": "EventChannel",
      "decoder": {
        "name": "windows_eventchannel"
      },
      "timestamp": "2025-10-09T00:02:49.102140Z",
      "rule": {
        "firedtimes": 1,
        "mail": false,
        "level": 3,
        "description": "A process was created.",
        "groups": [
          "windows"
        ],
        "id": "67027"
      },
      "data": {
        "win": {
          "system": {
            "eventID": "4688",
            "systemTime": "2025-10-08T12:16:11.102140Z",
            "providerName": "Microsoft-Windows-Security-Auditing"
          },
          "eventdata": {
            "subjectUserName": "david",
            "newProcessName": "C:\\Windows\\System32\\calc.exe",
            "parentProcessName": "C:\\Windows\\explorer.exe",
            "subjectDomainName": "INSIGHT",
            "subjectLogonId": "0x44139"
          }
        }
      }
    }
  },
  {
    "_index": "wazuh-alerts-4.x-2025.10.09",
    "_id": "08ad5e1c-2c6a-4f87-b917-0a705b832b47",
    "_source": {
      "agent": {
        "ip": "172.16.200.50",
        "name": "SCDC01",
        "id": "005"
      },
      "manager": {
        "name": "ubuntu"
      },
      "location": "EventChannel",
      "decoder": {
        "name": "windows_eventchannel"
      },
      "timestamp": "2025-10-09T04:03:41.102140Z",
      "rule": {
        "firedtimes": 1,
        "mail": false,
        "level": 3,
        "description": "A process was created.",
        "groups": [
          "windows"
        ],
        "id": "67027"
      },
      "data": {
        "win": {
          "system": {
            "eventID": "4688",
            "systemTime": "2025-10-09T04:50:50.102140Z",
            "providerName": "Microsoft-Windows-Security-Auditing"
          },
          "eventdata": {
            "subjectUserName": "svc_reports",
            "newProcessName": "C:\\Windows\\System32\\notepad.exe",
            "parentProcessName": "C:\\Windows\\explorer.exe",
            "subjectDomainName": "INSIGHT",
            "subjectLogonId": "0x52111"
          }
        }
      }
    }
  },
  {
    "_index": "wazuh-alerts-4.x-2025.10.09",
    "_id": "33deda42-82fe-4666-941b-b35b893afa4c",
    "_source": {
      "agent": {
        "ip": "201.10.112.150",
        "name": "DEV-021",
        "id": "011"
      },
      "manager": {
        "name": "ubuntu"
      },
      "location": "EventChannel",
      "decoder": {
        "name": "windows_eventchannel"
      },
      "timestamp": "2025-10-08T21:41:42.102140Z",
      "rule": {
        "firedtimes": 1,
        "mail": false,
        "level": 3,
        "description": "A process was created.",
        "groups": [
          "windows"
        ],
        "id": "67027"
      },
      "data": {
        "win": {
          "system": {
            "eventID": "4688",
            "systemTime": "2025-10-09T05:34:24.102140Z",
            "providerName": "Microsoft-Windows-Security-Auditing"
          },
          "eventdata": {
            "subjectUserName": "david",
            "newProcessName": "C:\\Windows\\System32\\calc.exe",
            "parentProcessName": "C:\\Windows\\explorer.exe",
            "subjectDomainName": "INSIGHT",
            "subjectLogonId": "0x21f96"
          }
        }
      }
    }
  },
  {
    "_index": "wazuh-alerts-4.x-2025.10.09",
    "_id": "faa6faa6-b542-4f06-a05c-c459bc9da913",
    "_source": {
      "agent": {
        "ip": "172.16.50.20",
        "name": "SRV-MANAGE01",
        "id": "002"
      },
      "manager": {
        "name": "ubuntu"
      },
      "location": "EventChannel",
      "decoder": {
        "name": "windows_eventchannel"
      },
      "timestamp": "2025-10-09T00:34:59.102140Z",
      "rule": {
        "firedtimes": 1,
        "mail": false,
        "level": 3,
        "description": "A process was created.",
        "groups": [
          "windows"
        ],
        "id": "67027"
      },
      "data": {
        "win": {
          "system": {
            "eventID": "4688",
            "systemTime": "2025-10-08T20:47:57.102140Z",
            "providerName": "Microsoft-Windows-Security-Auditing"
          },
          "eventdata": {
            "subjectUserName": "alice",
            "newProcessName": "C:\\Program Files\\Git\\bin\\bash.exe",
            "parentProcessName": "C:\\Windows\\System32\\cmd.exe",
            "subjectDomainName": "INSIGHT",
            "subjectLogonId": "0x34726"
          }
        }
      }
    }
  },
  {
    "_index": "wazuh-alerts-4.x-2025.10.09",
    "_id": "7928d42f-33d4-4692-83c2-776810dc30ae",
    "_source": {
      "agent": {
        "ip": "172.16.50.20",
        "name": "SRV-MANAGE01",
        "id": "002"
      },
      "manager": {
        "name": "ubuntu"
      },
      "location": "EventChannel",
      "decoder": {
        "name": "windows_eventchannel"
      },
      "timestamp": "2025-10-08T18:44:39.102140Z",
      "rule": {
        "firedtimes": 1,
        "mail": false,
        "level": 3,
        "description": "A process was created.",
        "groups": [
          "windows"
        ],
        "id": "67027"
      },
      "data": {
        "win": {
          "system": {
            "eventID": "4688",
            "systemTime": "2025-10-09T06:36:04.102140Z",
            "providerName": "Microsoft-Windows-Security-Auditing"
          },
          "eventdata": {
            "subjectUserName": "john",
            "newProcessName": "C:\\Windows\\System32\\notepad.exe",
            "parentProcessName": "C:\\Windows\\explorer.exe",
            "subjectDomainName": "INSIGHT",
            "subjectLogonId": "0x9051e"
          }
        }
      }
    }
  },
  {
    "_index": "wazuh-alerts-4.x-2025.10.09",
    "_id": "e06c69d2-6faa-472a-a3ab-f38562489d52",
    "_source": {
      "agent": {
        "ip": "172.16.30.17",
        "name": "DB01",
        "id": "010"
      },
      "manager": {
        "name": "ubuntu"
      },
      "location": "EventChannel",
      "decoder": {
        "name": "windows_eventchannel"
      },
      "timestamp": "2025-10-08T23:13:52.102140Z",
      "rule": {
        "firedtimes": 1,
        "mail": false,
        "level": 5,
        "description": "Web upload of checkme.txt",
        "groups": [
          "web",
          "defacement"
        ],
        "id": "90007"
      },
      "data": {
        "win": {
          "system": {
            "eventID": "http_access",
            "systemTime": "2025-10-09T08:09:41.102140Z",
            "providerName": "Apache/access"
          },
          "eventdata": {
            "method": "PUT",
            "uri": "/checkme.txt",
            "clientIp": "203.0.113.89",
            "status": 201,
            "userAgent": "curl/7.68.0",
            "message": "A new file checkme.txt has been created"
          }
        }
      }
    }
  },
  {
    "_index": "wazuh-alerts-4.x-2025.10.09",
    "_id": "ffb8abc5-f5c2-4b15-8049-c48297193078",
    "_source": {
      "agent": {
        "ip": "172.16.30.17",
        "name": "DB01",
        "id": "010"
      },
      "manager": {
        "name": "ubuntu"
      },
      "location": "EventChannel",
      "decoder": {
        "name": "windows_eventchannel"
      },
      "timestamp": "2025-10-08T23:36:22.102140Z",
      "rule": {
        "firedtimes": 1,
        "mail": false,
        "level": 3,
        "description": "A process was created.",
        "groups": [
          "windows"
        ],
        "id": "67027"
      },
      "data": {
        "win": {
          "system": {
            "eventID": "4688",
            "systemTime": "2025-10-08T20:57:47.102140Z",
            "providerName": "Microsoft-Windows-Security-Auditing"
          },
          "eventdata": {
            "subjectUserName": "svc_reports",
            "newProcessName": "C:\\Program Files\\Mozilla Firefox\\firefox.exe",
            "parentProcessName": "C:\\Windows\\explorer.exe",
            "subjectDomainName": "INSIGHT",
            "subjectLogonId": "0x6fa8e"
          }
        }
      }
    }
  },
  {
    "_index": "wazuh-alerts-4.x-2025.10.09",
    "_id": "0ea85f1e-27db-4e12-a78e-e3956658aa87",
    "_source": {
      "agent": {
        "ip": "172.16.10.20",
        "name": "FS01",
        "id": "003"
      },
      "manager": {
        "name": "ubuntu"
      },
      "location": "EventChannel",
      "decoder": {
        "name": "windows_eventchannel"
      },
      "timestamp": "2025-10-08T22:15:34.102140Z",
      "rule": {
        "firedtimes": 1,
        "mail": false,
        "level": 3,
        "description": "A process was created.",
        "groups": [
          "windows"
        ],
        "id": "67027"
      },
      "data": {
        "win": {
          "system": {
            "eventID": "4688",
            "systemTime": "2025-10-08T21:53:51.102140Z",
            "providerName": "Microsoft-Windows-Security-Auditing"
          },
          "eventdata": {
            "subjectUserName": "alice",
            "newProcessName": "C:\\Windows\\System32\\calc.exe",
            "parentProcessName": "C:\\Windows\\explorer.exe",
            "subjectDomainName": "INSIGHT",
            "subjectLogonId": "0x4d712"
          }
        }
      }
    }
  },
  {
    "_index": "wazuh-alerts-4.x-2025.10.09",
    "_id": "e70b69a6-97bc-40bd-a0d6-2b003d8560ed",
    "_source": {
      "agent": {
        "ip": "172.16.200.50",
        "name": "SCDC01",
        "id": "005"
      },
      "manager": {
        "name": "ubuntu"
      },
      "location": "EventChannel",
      "decoder": {
        "name": "windows_eventchannel"
      },
      "timestamp": "2025-10-08T20:18:13.102140Z",
      "rule": {
        "firedtimes": 1,
        "mail": false,
        "level": 3,
        "description": "A process was created.",
        "groups": [
          "windows"
        ],
        "id": "67027"
      },
      "data": {
        "win": {
          "system": {
            "eventID": "4688",
            "systemTime": "2025-10-08T14:55:13.102140Z",
            "providerName": "Microsoft-Windows-Security-Auditing"
          },
          "eventdata": {
            "subjectUserName": "svc_reports",
            "newProcessName": "C:\\Windows\\System32\\calc.exe",
            "parentProcessName": "C:\\Windows\\explorer.exe",
            "subjectDomainName": "INSIGHT",
            "subjectLogonId": "0x520e0"
          }
        }
      }
    }
  },
  {
    "_index": "wazuh-alerts-4.x-2025.10.09",
    "_id": "ffb6f9f8-634c-4da4-aa74-fd93feca9c95",
    "_source": {
      "agent": {
        "ip": "172.16.30.17",
        "name": "DB01",
        "id": "010"
      },
      "manager": {
        "name": "ubuntu"
      },
      "location": "EventChannel",
      "decoder": {
        "name": "windows_eventchannel"
      },
      "timestamp": "2025-10-08T15:24:04.102140Z",
      "rule": {
        "firedtimes": 1,
        "mail": false,
        "level": 3,
        "description": "A process was created.",
        "groups": [
          "windows"
        ],
        "id": "67027"
      },
      "data": {
        "win": {
          "system": {
            "eventID": "4688",
            "systemTime": "2025-10-08T16:28:57.102140Z",
            "providerName": "Microsoft-Windows-Security-Auditing"
          },
          "eventdata": {
            "subjectUserName": "svc_reports",
            "newProcessName": "C:\\Program Files\\Git\\bin\\bash.exe",
            "parentProcessName": "C:\\Windows\\System32\\cmd.exe",
            "subjectDomainName": "INSIGHT",
            "subjectLogonId": "0x2468c"
          }
        }
      }
    }
  },
  {
    "_index": "wazuh-alerts-4.x-2025.10.09",
    "_id": "e7a59966-6f2d-425f-ac06-25dc8ecb8025",
    "_source": {
      "agent": {
        "ip": "172.16.200.50",
        "name": "SCDC01",
        "id": "005"
      },
      "manager": {
        "name": "ubuntu"
      },
      "location": "EventChannel",
      "decoder": {
        "name": "windows_eventchannel"
      },
      "timestamp": "2025-10-08T21:12:10.102140Z",
      "rule": {
        "firedtimes": 1,
        "mail": false,
        "level": 3,
        "description": "A process was created.",
        "groups": [
          "windows"
        ],
        "id": "67027"
      },
      "data": {
        "win": {
          "system": {
            "eventID": "4688",
            "systemTime": "2025-10-09T03:55:26.102140Z",
            "providerName": "Microsoft-Windows-Security-Auditing"
          },
          "eventdata": {
            "subjectUserName": "david",
            "newProcessName": "C:\\Windows\\System32\\notepad.exe",
            "parentProcessName": "C:\\Windows\\explorer.exe",
            "subjectDomainName": "INSIGHT",
            "subjectLogonId": "0x46e64"
          }
        }
      }
    }
  },
  {
    "_index": "wazuh-alerts-4.x-2025.10.09",
    "_id": "f30111f3-29c1-4c4a-9168-f3debf8085cf",
    "_source": {
      "agent": {
        "ip": "172.16.50.20",
        "name": "SRV-MANAGE01",
        "id": "002"
      },
      "manager": {
        "name": "ubuntu"
      },
      "location": "EventChannel",
      "decoder": {
        "name": "windows_eventchannel"
      },
      "timestamp": "2025-10-09T03:10:19.102140Z",
      "rule": {
        "firedtimes": 1,
        "mail": false,
        "level": 10,
        "description": "Possible credential dumping detected",
        "groups": [
          "windows",
          "credential_access"
        ],
        "id": "90001"
      },
      "data": {
        "win": {
          "system": {
            "eventID": "4688",
            "systemTime": "2025-10-09T08:06:11.102140Z",
            "providerName": "Microsoft-Windows-Security-Auditing",
            "eventRecordID": "41270465"
          },
          "eventdata": {
            "subjectUserName": "Administrator",
            "newProcessName": "C:\\Users\\Administrator\\Downloads\\mimikatz.exe",
            "parentProcessName": "C:\\Program Files\\Mozilla Firefox\\firefox.exe",
            "subjectDomainName": "INSIGHT",
            "subjectLogonId": "0x457a5240",
            "processId": "0x1718",
            "message": "A new process has been created. (simulated)"
          }
        }
      }
    }
  },
  {
    "_index": "wazuh-alerts-4.x-2025.10.09",
    "_id": "04dc4cd7-0a8b-482e-abc5-caec2af6d11e",
    "_source": {
      "agent": {
        "ip": "172.16.200.50",
        "name": "SCDC01",
        "id": "005"
      },
      "manager": {
        "name": "ubuntu"
      },
      "location": "EventChannel",
      "decoder": {
        "name": "windows_eventchannel"
      },
      "timestamp": "2025-10-09T02:32:00.102140Z",
      "rule": {
        "firedtimes": 1,
        "mail": false,
        "level": 3,
        "description": "A process was created.",
        "groups": [
          "windows"
        ],
        "id": "67027"
      },
      "data": {
        "win": {
          "system": {
            "eventID": "4688",
            "systemTime": "2025-10-09T00:16:16.102140Z",
            "providerName": "Microsoft-Windows-Security-Auditing"
          },
          "eventdata": {
            "subjectUserName": "david",
            "newProcessName": "C:\\Program Files\\Git\\bin\\bash.exe",
            "parentProcessName": "C:\\Windows\\System32\\cmd.exe",
            "subjectDomainName": "INSIGHT",
            "subjectLogonId": "0x830f7"
          }
        }
      }
    }
  },
  {
    "_index": "wazuh-alerts-4.x-2025.10.09",
    "_id": "e98acbf3-890e-496d-ab04-ef46d0b0729d",
    "_source": {
      "agent": {
        "ip": "172.16.10.20",
        "name": "FS01",
        "id": "003"
      },
      "manager": {
        "name": "ubuntu"
      },
      "location": "EventChannel",
      "decoder": {
        "name": "windows_eventchannel"
      },
      "timestamp": "2025-10-08T11:52:53.102140Z",
      "rule": {
        "firedtimes": 1,
        "mail": false,
        "level": 3,
        "description": "A process was created.",
        "groups": [
          "windows"
        ],
        "id": "67027"
      },
      "data": {
        "win": {
          "system": {
            "eventID": "4688",
            "systemTime": "2025-10-08T16:59:28.102140Z",
            "providerName": "Microsoft-Windows-Security-Auditing"
          },
          "eventdata": {
            "subjectUserName": "svc_reports",
            "newProcessName": "C:\\Windows\\System32\\calc.exe",
            "parentProcessName": "C:\\Windows\\explorer.exe",
            "subjectDomainName": "INSIGHT",
            "subjectLogonId": "0x6fd4f"
          }
        }
      }
    }
  },
  {
    "_index": "wazuh-alerts-4.x-2025.10.09",
    "_id": "25761245-3b72-4f6b-b08b-8e25e01d4163",
    "_source": {
      "agent": {
        "ip": "201.10.112.150",
        "name": "DEV-021",
        "id": "011"
      },
      "manager": {
        "name": "ubuntu"
      },
      "location": "EventChannel",
      "decoder": {
        "name": "windows_eventchannel"
      },
      "timestamp": "2025-10-08T16:43:05.102140Z",
      "rule": {
        "firedtimes": 1,
        "mail": false,
        "level": 3,
        "description": "A process was created.",
        "groups": [
          "windows"
        ],
        "id": "67027"
      },
      "data": {
        "win": {
          "system": {
            "eventID": "4688",
            "systemTime": "2025-10-08T10:18:07.102140Z",
            "providerName": "Microsoft-Windows-Security-Auditing"
          },
          "eventdata": {
            "subjectUserName": "svc_reports",
            "newProcessName": "C:\\Windows\\System32\\calc.exe",
            "parentProcessName": "C:\\Windows\\explorer.exe",
            "subjectDomainName": "INSIGHT",
            "subjectLogonId": "0x2e4e4"
          }
        }
      }
    }
  },
  {
    "_index": "wazuh-alerts-4.x-2025.10.09",
    "_id": "dd71cef0-4077-4bcf-8bfb-5987996c904b",
    "_source": {
      "agent": {
        "ip": "201.10.112.150",
        "name": "DEV-021",
        "id": "011"
      },
      "manager": {
        "name": "ubuntu"
      },
      "location": "EventChannel",
      "decoder": {
        "name": "windows_eventchannel"
      },
      "timestamp": "2025-10-08T21:23:13.102140Z",
      "rule": {
        "firedtimes": 1,
        "mail": false,
        "level": 3,
        "description": "A process was created.",
        "groups": [
          "windows"
        ],
        "id": "67027"
      },
      "data": {
        "win": {
          "system": {
            "eventID": "4688",
            "systemTime": "2025-10-08T08:17:37.102140Z",
            "providerName": "Microsoft-Windows-Security-Auditing"
          },
          "eventdata": {
            "subjectUserName": "john",
            "newProcessName": "C:\\Program Files\\Mozilla Firefox\\firefox.exe",
            "parentProcessName": "C:\\Windows\\explorer.exe",
            "subjectDomainName": "INSIGHT",
            "subjectLogonId": "0x6ecab"
          }
        }
      }
    }
  },
  {
    "_index": "wazuh-alerts-4.x-2025.10.09",
    "_id": "696f4d01-4b94-49a8-8992-f0f163fa1e5e",
    "_source": {
      "agent": {
        "ip": "201.10.112.150",
        "name": "DEV-021",
        "id": "011"
      },
      "manager": {
        "name": "ubuntu"
      },
      "location": "EventChannel",
      "decoder": {
        "name": "windows_eventchannel"
      },
      "timestamp": "2025-10-08T12:49:12.102140Z",
      "rule": {
        "firedtimes": 1,
        "mail": false,
        "level": 3,
        "description": "A process was created.",
        "groups": [
          "windows"
        ],
        "id": "67027"
      },
      "data": {
        "win": {
          "system": {
            "eventID": "4688",
            "systemTime": "2025-10-08T22:40:54.102140Z",
            "providerName": "Microsoft-Windows-Security-Auditing"
          },
          "eventdata": {
            "subjectUserName": "john",
            "newProcessName": "C:\\Program Files\\Git\\bin\\bash.exe",
            "parentProcessName": "C:\\Windows\\System32\\cmd.exe",
            "subjectDomainName": "INSIGHT",
            "subjectLogonId": "0x8c1f5"
          }
        }
      }
    }
  },
  {
    "_index": "wazuh-alerts-4.x-2025.10.09",
    "_id": "c51181e9-30f0-436f-87eb-29488020da06",
    "_source": {
      "agent": {
        "ip": "201.10.112.150",
        "name": "DEV-021",
        "id": "011"
      },
      "manager": {
        "name": "ubuntu"
      },
      "location": "EventChannel",
      "decoder": {
        "name": "windows_eventchannel"
      },
      "timestamp": "2025-10-08T22:24:37.102140Z",
      "rule": {
        "firedtimes": 1,
        "mail": false,
        "level": 3,
        "description": "A process was created.",
        "groups": [
          "windows"
        ],
        "id": "67027"
      },
      "data": {
        "win": {
          "system": {
            "eventID": "4688",
            "systemTime": "2025-10-08T17:30:15.102140Z",
            "providerName": "Microsoft-Windows-Security-Auditing"
          },
          "eventdata": {
            "subjectUserName": "svc_reports",
            "newProcessName": "C:\\Program Files\\Mozilla Firefox\\firefox.exe",
            "parentProcessName": "C:\\Windows\\explorer.exe",
            "subjectDomainName": "INSIGHT",
            "subjectLogonId": "0x678d5"
          }
        }
      }
    }
  },
  {
    "_index": "wazuh-alerts-4.x-2025.10.09",
    "_id": "5ed836fb-0476-4972-96f5-aa5d4a764254",
    "_source": {
      "agent": {
        "ip": "172.16.200.50",
        "name": "SCDC01",
        "id": "005"
      },
      "manager": {
        "name": "ubuntu"
      },
      "location": "EventChannel",
      "decoder": {
        "name": "windows_eventchannel"
      },
      "timestamp": "2025-10-09T07:45:02.102140Z",
      "rule": {
        "firedtimes": 1,
        "mail": false,
        "level": 3,
        "description": "A process was created.",
        "groups": [
          "windows"
        ],
        "id": "67027"
      },
      "data": {
        "win": {
          "system": {
            "eventID": "4688",
            "systemTime": "2025-10-08T11:32:30.102140Z",
            "providerName": "Microsoft-Windows-Security-Auditing"
          },
          "eventdata": {
            "subjectUserName": "david",
            "newProcessName": "C:\\Windows\\System32\\calc.exe",
            "parentProcessName": "C:\\Windows\\explorer.exe",
            "subjectDomainName": "INSIGHT",
            "subjectLogonId": "0x2533b"
          }
        }
      }
    }
  },
  {
    "_index": "wazuh-alerts-4.x-2025.10.09",
    "_id": "0f008c5c-dea3-4e02-adaa-6aa2dde78c51",
    "_source": {
      "agent": {
        "ip": "201.10.112.150",
        "name": "DEV-021",
        "id": "011"
      },
      "manager": {
        "name": "ubuntu"
      },
      "location": "EventChannel",
      "decoder": {
        "name": "windows_eventchannel"
      },
      "timestamp": "2025-10-08T18:19:04.102140Z",
      "rule": {
        "firedtimes": 1,
        "mail": false,
        "level": 3,
        "description": "A process was created.",
        "groups": [
          "windows"
        ],
        "id": "67027"
      },
      "data": {
        "win": {
          "system": {
            "eventID": "4688",
            "systemTime": "2025-10-08T15:43:34.102140Z",
            "providerName": "Microsoft-Windows-Security-Auditing"
          },
          "eventdata": {
            "subjectUserName": "john",
            "newProcessName": "C:\\Program Files\\Mozilla Firefox\\firefox.exe",
            "parentProcessName": "C:\\Windows\\explorer.exe",
            "subjectDomainName": "INSIGHT",
            "subjectLogonId": "0x7ee65"
          }
        }
      }
    }
  },
  {
    "_index": "wazuh-alerts-4.x-2025.10.09",
    "_id": "68d2e6bb-a7b5-475a-8bc4-ec75dfc0630e",
    "_source": {
      "agent": {
        "ip": "172.16.200.50",
        "name": "SCDC01",
        "id": "005"
      },
      "manager": {
        "name": "ubuntu"
      },
      "location": "EventChannel",
      "decoder": {
        "name": "windows_eventchannel"
      },
      "timestamp": "2025-10-08T17:17:51.102140Z",
      "rule": {
        "firedtimes": 1,
        "mail": false,
        "level": 3,
        "description": "A process was created.",
        "groups": [
          "windows"
        ],
        "id": "67027"
      },
      "data": {
        "win": {
          "system": {
            "eventID": "4688",
            "systemTime": "2025-10-08T17:39:45.102140Z",
            "providerName": "Microsoft-Windows-Security-Auditing"
          },
          "eventdata": {
            "subjectUserName": "alice",
            "newProcessName": "C:\\Program Files\\Mozilla Firefox\\firefox.exe",
            "parentProcessName": "C:\\Windows\\explorer.exe",
            "subjectDomainName": "INSIGHT",
            "subjectLogonId": "0x41d17"
          }
        }
      }
    }
  },
  {
    "_index": "wazuh-alerts-4.x-2025.10.09",
    "_id": "42d6e94f-ff62-4b56-b105-44359603f6f5",
    "_source": {
      "agent": {
        "ip": "172.16.30.17",
        "name": "DB01",
        "id": "010"
      },
      "manager": {
        "name": "ubuntu"
      },
      "location": "EventChannel",
      "decoder": {
        "name": "windows_eventchannel"
      },
      "timestamp": "2025-10-08T23:43:48.102140Z",
      "rule": {
        "firedtimes": 1,
        "mail": false,
        "level": 3,
        "description": "A process was created.",
        "groups": [
          "windows"
        ],
        "id": "67027"
      },
      "data": {
        "win": {
          "system": {
            "eventID": "4688",
            "systemTime": "2025-10-08T20:21:25.102140Z",
            "providerName": "Microsoft-Windows-Security-Auditing"
          },
          "eventdata": {
            "subjectUserName": "john",
            "newProcessName": "C:\\Program Files\\Git\\bin\\bash.exe",
            "parentProcessName": "C:\\Windows\\System32\\cmd.exe",
            "subjectDomainName": "INSIGHT",
            "subjectLogonId": "0x14c68"
          }
        }
      }
    }
  },
  {
    "_index": "wazuh-alerts-4.x-2025.10.09",
    "_id": "fce58a94-7c84-417c-b4bc-c8f73ba7facd",
    "_source": {
      "agent": {
        "ip": "172.16.10.20",
        "name": "FS01",
        "id": "003"
      },
      "manager": {
        "name": "ubuntu"
      },
      "location": "EventChannel",
      "decoder": {
        "name": "windows_eventchannel"
      },
      "timestamp": "2025-10-08T12:32:56.102140Z",
      "rule": {
        "firedtimes": 1,
        "mail": false,
        "level": 3,
        "description": "A process was created.",
        "groups": [
          "windows"
        ],
        "id": "67027"
      },
      "data": {
        "win": {
          "system": {
            "eventID": "4688",
            "systemTime": "2025-10-09T01:27:14.102140Z",
            "providerName": "Microsoft-Windows-Security-Auditing"
          },
          "eventdata": {
            "subjectUserName": "svc_reports",
            "newProcessName": "C:\\Program Files\\Mozilla Firefox\\firefox.exe",
            "parentProcessName": "C:\\Windows\\explorer.exe",
            "subjectDomainName": "INSIGHT",
            "subjectLogonId": "0x2d0be"
          }
        }
      }
    }
  },
  {
    "_index": "wazuh-alerts-4.x-2025.10.09",
    "_id": "63e7f013-f183-4196-a48d-159e27125e4a",
    "_source": {
      "agent": {
        "ip": "172.16.50.20",
        "name": "SRV-MANAGE01",
        "id": "002"
      },
      "manager": {
        "name": "ubuntu"
      },
      "location": "EventChannel",
      "decoder": {
        "name": "windows_eventchannel"
      },
      "timestamp": "2025-10-09T07:05:51.102140Z",
      "rule": {
        "firedtimes": 1,
        "mail": false,
        "level": 3,
        "description": "A process was created.",
        "groups": [
          "windows"
        ],
        "id": "67027"
      },
      "data": {
        "win": {
          "system": {
            "eventID": "4688",
            "systemTime": "2025-10-08T15:43:13.102140Z",
            "providerName": "Microsoft-Windows-Security-Auditing"
          },
          "eventdata": {
            "subjectUserName": "svc_reports",
            "newProcessName": "C:\\Program Files\\Mozilla Firefox\\firefox.exe",
            "parentProcessName": "C:\\Windows\\explorer.exe",
            "subjectDomainName": "INSIGHT",
            "subjectLogonId": "0x5ec85"
          }
        }
      }
    }
  },
  {
    "_index": "wazuh-alerts-4.x-2025.10.09",
    "_id": "06625cd6-9723-4723-8611-b859457cafcb",
    "_source": {
      "agent": {
        "ip": "201.10.112.150",
        "name": "DEV-021",
        "id": "011"
      },
      "manager": {
        "name": "ubuntu"
      },
      "location": "EventChannel",
      "decoder": {
        "name": "windows_eventchannel"
      },
      "timestamp": "2025-10-08T23:52:06.102140Z",
      "rule": {
        "firedtimes": 1,
        "mail": false,
        "level": 3,
        "description": "A process was created.",
        "groups": [
          "windows"
        ],
        "id": "67027"
      },
      "data": {
        "win": {
          "system": {
            "eventID": "4688",
            "systemTime": "2025-10-08T09:41:39.102140Z",
            "providerName": "Microsoft-Windows-Security-Auditing"
          },
          "eventdata": {
            "subjectUserName": "alice",
            "newProcessName": "C:\\Windows\\System32\\notepad.exe",
            "parentProcessName": "C:\\Windows\\explorer.exe",
            "subjectDomainName": "INSIGHT",
            "subjectLogonId": "0x10f18"
          }
        }
      }
    }
  },
  {
    "_index": "wazuh-alerts-4.x-2025.10.09",
    "_id": "f03a5a21-9820-4255-8f4d-ca2d36a35218",
    "_source": {
      "agent": {
        "ip": "172.16.50.20",
        "name": "SRV-MANAGE01",
        "id": "002"
      },
      "manager": {
        "name": "ubuntu"
      },
      "location": "EventChannel",
      "decoder": {
        "name": "windows_eventchannel"
      },
      "timestamp": "2025-10-08T11:33:05.102140Z",
      "rule": {
        "firedtimes": 1,
        "mail": false,
        "level": 3,
        "description": "A process was created.",
        "groups": [
          "windows"
        ],
        "id": "67027"
      },
      "data": {
        "win": {
          "system": {
            "eventID": "4688",
            "systemTime": "2025-10-08T22:59:00.102140Z",
            "providerName": "Microsoft-Windows-Security-Auditing"
          },
          "eventdata": {
            "subjectUserName": "john",
            "newProcessName": "C:\\Windows\\System32\\calc.exe",
            "parentProcessName": "C:\\Windows\\explorer.exe",
            "subjectDomainName": "INSIGHT",
            "subjectLogonId": "0x97d28"
          }
        }
      }
    }
  },
  {
    "_index": "wazuh-alerts-4.x-2025.10.09",
    "_id": "ad6b5dcb-ac38-4be4-a35a-c8f37db7e68c",
    "_source": {
      "agent": {
        "ip": "201.10.112.150",
        "name": "DEV-021",
        "id": "011"
      },
      "manager": {
        "name": "ubuntu"
      },
      "location": "EventChannel",
      "decoder": {
        "name": "windows_eventchannel"
      },
      "timestamp": "2025-10-08T21:00:51.102140Z",
      "rule": {
        "firedtimes": 1,
        "mail": false,
        "level": 3,
        "description": "A process was created.",
        "groups": [
          "windows"
        ],
        "id": "67027"
      },
      "data": {
        "win": {
          "system": {
            "eventID": "4688",
            "systemTime": "2025-10-09T04:28:12.102140Z",
            "providerName": "Microsoft-Windows-Security-Auditing"
          },
          "eventdata": {
            "subjectUserName": "alice",
            "newProcessName": "C:\\Program Files\\Git\\bin\\bash.exe",
            "parentProcessName": "C:\\Windows\\System32\\cmd.exe",
            "subjectDomainName": "INSIGHT",
            "subjectLogonId": "0x6aa85"
          }
        }
      }
    }
  }
]